%MSG-i configureMessageFacility:  CorePropertySupervisorBase  13-Feb-2019 14:12:44 CST pre-events configureMessageFacility.cc:300
Message Facility Application CorePropertySupervisorBase configured with: debugModules:["*"] destinations:{file:{append:false directory:"/home/gianipez/ots/srcs/otsdaq_demo/NoGitData/Logs/CorePropertySupervisorBase" pattern:"CorePropertySupervisorBase-%?H%t-%p.log" seperator:"-" threshold:"DEBUG" timestamp_pattern:"%Y%m%d%H%M%S" type:"GenFile"} udp:{host:"127.0.0.1" port:30000 threshold:"DEBUG" type:"UDP"}}
%MSG
%MSG-i configureMessageFacility:  RunControlStateMachine  13-Feb-2019 14:12:44 CST pre-events configureMessageFacility.cc:300
Message Facility Application RunControlStateMachine configured with: debugModules:["*"] destinations:{file:{append:false directory:"/home/gianipez/ots/srcs/otsdaq_demo/NoGitData/Logs/RunControlStateMachine" pattern:"RunControlStateMachine-%?H%t-%p.log" seperator:"-" threshold:"DEBUG" timestamp_pattern:"%Y%m%d%H%M%S" type:"GenFile"} udp:{host:"127.0.0.1" port:30000 threshold:"DEBUG" type:"UDP"}}
%MSG
%MSG-i configureMessageFacility:  CoreSupervisorBase 13-Feb-2019 14:12:44 CST  pre-events configureMessageFacility.cc:300
Message Facility Application CoreSupervisorBase configured with: debugModules:["*"] destinations:{file:{append:false directory:"/home/gianipez/ots/srcs/otsdaq_demo/NoGitData/Logs/CoreSupervisorBase" pattern:"CoreSupervisorBase-%?H%t-%p.log" seperator:"-" threshold:"DEBUG" timestamp_pattern:"%Y%m%d%H%M%S" type:"GenFile"} udp:{host:"127.0.0.1" port:30000 threshold:"DEBUG" type:"UDP"}}
%MSG
%MSG-i configureMessageFacility:  ConfigurationGUI 13-Feb-2019 14:12:44 CST  pre-events configureMessageFacility.cc:300
Message Facility Application ConfigurationGUI configured with: debugModules:["*"] destinations:{file:{append:false directory:"/home/gianipez/ots/srcs/otsdaq_demo/NoGitData/Logs/ConfigurationGUI" pattern:"ConfigurationGUI-%?H%t-%p.log" seperator:"-" threshold:"DEBUG" timestamp_pattern:"%Y%m%d%H%M%S" type:"GenFile"} udp:{host:"127.0.0.1" port:30000 threshold:"DEBUG" type:"UDP"}}
%MSG
%MSG-i configureMessageFacility:  OtsConfigurationWizard  13-Feb-2019 14:12:44 CST pre-events configureMessageFacility.cc:300
Message Facility Application OtsConfigurationWizard configured with: debugModules:["*"] destinations:{file:{append:false directory:"/home/gianipez/ots/srcs/otsdaq_demo/NoGitData/Logs/OtsConfigurationWizard" pattern:"OtsConfigurationWizard-%?H%t-%p.log" seperator:"-" threshold:"DEBUG" timestamp_pattern:"%Y%m%d%H%M%S" type:"GenFile"} udp:{host:"127.0.0.1" port:30000 threshold:"DEBUG" type:"UDP"}}
%MSG
%MSG-i configureMessageFacility:  CorePropertySupervisorBase  13-Feb-2019 14:12:44 CST pre-events configureMessageFacility.cc:300
Message Facility Application CorePropertySupervisorBase configured with: debugModules:["*"] destinations:{file:{append:false directory:"/home/gianipez/ots/srcs/otsdaq_demo/NoGitData/Logs/CorePropertySupervisorBase" pattern:"CorePropertySupervisorBase-%?H%t-%p.log" seperator:"-" threshold:"DEBUG" timestamp_pattern:"%Y%m%d%H%M%S" type:"GenFile"} udp:{host:"127.0.0.1" port:30000 threshold:"DEBUG" type:"UDP"}}
%MSG
%MSG-i configureMessageFacility:  RunControlStateMachine  13-Feb-2019 14:12:44 CST pre-events configureMessageFacility.cc:300
Message Facility Application RunControlStateMachine configured with: debugModules:["*"] destinations:{file:{append:false directory:"/home/gianipez/ots/srcs/otsdaq_demo/NoGitData/Logs/RunControlStateMachine" pattern:"RunControlStateMachine-%?H%t-%p.log" seperator:"-" threshold:"DEBUG" timestamp_pattern:"%Y%m%d%H%M%S" type:"GenFile"} udp:{host:"127.0.0.1" port:30000 threshold:"DEBUG" type:"UDP"}}
%MSG
%MSG-i configureMessageFacility:  CoreSupervisorBase 13-Feb-2019 14:12:44 CST  pre-events configureMessageFacility.cc:300
Message Facility Application CoreSupervisorBase configured with: debugModules:["*"] destinations:{file:{append:false directory:"/home/gianipez/ots/srcs/otsdaq_demo/NoGitData/Logs/CoreSupervisorBase" pattern:"CoreSupervisorBase-%?H%t-%p.log" seperator:"-" threshold:"DEBUG" timestamp_pattern:"%Y%m%d%H%M%S" type:"GenFile"} udp:{host:"127.0.0.1" port:30000 threshold:"DEBUG" type:"UDP"}}
%MSG
%MSG-i configureMessageFacility:  ConsoleSupervisor 13-Feb-2019 14:12:44 CST  pre-events configureMessageFacility.cc:300
Message Facility Application ConsoleSupervisor configured with: debugModules:["*"] destinations:{file:{append:false directory:"/home/gianipez/ots/srcs/otsdaq_demo/NoGitData/Logs/ConsoleSupervisor" pattern:"ConsoleSupervisor-%?H%t-%p.log" seperator:"-" threshold:"DEBUG" timestamp_pattern:"%Y%m%d%H%M%S" type:"GenFile"} udp:{host:"127.0.0.1" port:30000 threshold:"DEBUG" type:"UDP"}}
%MSG
%MSG-d Console:  Early 13-Feb-2019 14:12:46 CST pre-events
Console is alive and waiting... (if no messages, next heartbeat is in approximately two minutes)
%MSG
%MSG-d Console:  Early 13-Feb-2019 14:12:46 CST pre-events
/scratch/workspace/otsdaq-release-build/SLF7/s64-e15-prof/build/otsdaq_utilities/v2_01_00/src/otsdaq-utilities/Console/ConsoleSupervisor.cc [157]	DEBUG messages look like this.
%MSG
%MSG-i Console:  Early 13-Feb-2019 14:12:46 CST pre-events
/scratch/workspace/otsdaq-release-build/SLF7/s64-e15-prof/build/otsdaq_utilities/v2_01_00/src/otsdaq-utilities/Console/ConsoleSupervisor.cc [158]	INFO messages look like this.
%MSG
%MSG-w Console:  Early 13-Feb-2019 14:12:46 CST pre-events
/scratch/workspace/otsdaq-release-build/SLF7/s64-e15-prof/build/otsdaq_utilities/v2_01_00/src/otsdaq-utilities/Console/ConsoleSupervisor.cc [159]	WARNING messages look like this.
%MSG
%MSG-e Console:  Early 13-Feb-2019 14:12:46 CST pre-events
/scratch/workspace/otsdaq-release-build/SLF7/s64-e15-prof/build/otsdaq_utilities/v2_01_00/src/otsdaq-utilities/Console/ConsoleSupervisor.cc [160]	ERROR messages look like this.
%MSG
%MSG-d Console:  Early 13-Feb-2019 14:14:48 CST pre-events
Console is alive and waiting... (if no messages, next heartbeat is in approximately two minutes)
%MSG
%MSG-d Console:  Early 13-Feb-2019 14:16:49 CST pre-events
Console is alive and waiting... (if no messages, next heartbeat is in approximately two minutes)
%MSG
%MSG-d Console:  Early 13-Feb-2019 14:18:50 CST pre-events
Console is alive and waiting... (if no messages, next heartbeat is in approximately two minutes)
%MSG
%MSG-d Console:  Early 13-Feb-2019 14:20:51 CST pre-events
Console is alive and waiting... (if no messages, next heartbeat is in approximately two minutes)
%MSG
%MSG-d Console:  Early 13-Feb-2019 14:22:52 CST pre-events
Console is alive and waiting... (if no messages, next heartbeat is in approximately two minutes)
%MSG
%MSG-d Console:  Early 13-Feb-2019 15:14:54 CST pre-events
Console is alive and waiting a long time... (if no messages, next heartbeat is in approximately one hour)
%MSG
%MSG-d Console:  Early 13-Feb-2019 16:14:57 CST pre-events
Console is alive and waiting a long time... (if no messages, next heartbeat is in approximately one hour)
%MSG
%MSG-d Console:  Early 13-Feb-2019 17:14:59 CST pre-events
Console is alive and waiting a long time... (if no messages, next heartbeat is in approximately one hour)
%MSG
%MSG-d Console:  Early 13-Feb-2019 18:15:01 CST pre-events
Console is alive and waiting a long time... (if no messages, next heartbeat is in approximately one hour)
%MSG
%MSG-d Console:  Early 13-Feb-2019 19:15:04 CST pre-events
Console is alive and waiting a long time... (if no messages, next heartbeat is in approximately one hour)
%MSG
%MSG-d Console:  Early 13-Feb-2019 20:15:06 CST pre-events
Console is alive and waiting a long time... (if no messages, next heartbeat is in approximately one hour)
%MSG
%MSG-d Console:  Early 13-Feb-2019 21:15:09 CST pre-events
Console is alive and waiting a long time... (if no messages, next heartbeat is in approximately one hour)
%MSG
%MSG-d Console:  Early 13-Feb-2019 22:15:11 CST pre-events
Console is alive and waiting a long time... (if no messages, next heartbeat is in approximately one hour)
%MSG
%MSG-d Console:  Early 13-Feb-2019 23:15:13 CST pre-events
Console is alive and waiting a long time... (if no messages, next heartbeat is in approximately one hour)
%MSG
%MSG-d Console:  Early 14-Feb-2019 00:15:16 CST pre-events
Console is alive and waiting a long time... (if no messages, next heartbeat is in approximately one hour)
%MSG
%MSG-d Console:  Early 14-Feb-2019 01:15:18 CST pre-events
Console is alive and waiting a long time... (if no messages, next heartbeat is in approximately one hour)
%MSG
%MSG-d Console:  Early 14-Feb-2019 02:15:21 CST pre-events
Console is alive and waiting a long time... (if no messages, next heartbeat is in approximately one hour)
%MSG
%MSG-d Console:  Early 14-Feb-2019 03:15:23 CST pre-events
Console is alive and waiting a long time... (if no messages, next heartbeat is in approximately one hour)
%MSG
%MSG-d Console:  Early 14-Feb-2019 04:15:26 CST pre-events
Console is alive and waiting a long time... (if no messages, next heartbeat is in approximately one hour)
%MSG
%MSG-d Console:  Early 14-Feb-2019 05:15:28 CST pre-events
Console is alive and waiting a long time... (if no messages, next heartbeat is in approximately one hour)
%MSG
%MSG-d Console:  Early 14-Feb-2019 06:15:31 CST pre-events
Console is alive and waiting a long time... (if no messages, next heartbeat is in approximately one hour)
%MSG
%MSG-d Console:  Early 14-Feb-2019 07:15:33 CST pre-events
Console is alive and waiting a long time... (if no messages, next heartbeat is in approximately one hour)
%MSG
%MSG-d Console:  Early 14-Feb-2019 08:15:36 CST pre-events
Console is alive and waiting a long time... (if no messages, next heartbeat is in approximately one hour)
%MSG
