%MSG-i configureMessageFacility:  CorePropertySupervisorBase  14-Feb-2019 18:01:08 CST pre-events configureMessageFacility.cc:300
Message Facility Application CorePropertySupervisorBase configured with: debugModules:["*"] destinations:{file:{append:false directory:"/home/gianipez/ots/srcs/otsdaq_demo/NoGitData/Logs/CorePropertySupervisorBase" pattern:"CorePropertySupervisorBase-%?H%t-%p.log" seperator:"-" threshold:"DEBUG" timestamp_pattern:"%Y%m%d%H%M%S" type:"GenFile"} udp:{host:"127.0.0.1" port:30000 threshold:"DEBUG" type:"UDP"}}
%MSG
%MSG-i configureMessageFacility:  RunControlStateMachine  14-Feb-2019 18:01:08 CST pre-events configureMessageFacility.cc:300
Message Facility Application RunControlStateMachine configured with: debugModules:["*"] destinations:{file:{append:false directory:"/home/gianipez/ots/srcs/otsdaq_demo/NoGitData/Logs/RunControlStateMachine" pattern:"RunControlStateMachine-%?H%t-%p.log" seperator:"-" threshold:"DEBUG" timestamp_pattern:"%Y%m%d%H%M%S" type:"GenFile"} udp:{host:"127.0.0.1" port:30000 threshold:"DEBUG" type:"UDP"}}
%MSG
%MSG-i configureMessageFacility:  CoreSupervisorBase 14-Feb-2019 18:01:08 CST  pre-events configureMessageFacility.cc:300
Message Facility Application CoreSupervisorBase configured with: debugModules:["*"] destinations:{file:{append:false directory:"/home/gianipez/ots/srcs/otsdaq_demo/NoGitData/Logs/CoreSupervisorBase" pattern:"CoreSupervisorBase-%?H%t-%p.log" seperator:"-" threshold:"DEBUG" timestamp_pattern:"%Y%m%d%H%M%S" type:"GenFile"} udp:{host:"127.0.0.1" port:30000 threshold:"DEBUG" type:"UDP"}}
%MSG
%MSG-i configureMessageFacility:  ConfigurationGUI 14-Feb-2019 18:01:08 CST  pre-events configureMessageFacility.cc:300
Message Facility Application ConfigurationGUI configured with: debugModules:["*"] destinations:{file:{append:false directory:"/home/gianipez/ots/srcs/otsdaq_demo/NoGitData/Logs/ConfigurationGUI" pattern:"ConfigurationGUI-%?H%t-%p.log" seperator:"-" threshold:"DEBUG" timestamp_pattern:"%Y%m%d%H%M%S" type:"GenFile"} udp:{host:"127.0.0.1" port:30000 threshold:"DEBUG" type:"UDP"}}
%MSG
%MSG-i configureMessageFacility:  OtsConfigurationWizard  14-Feb-2019 18:01:08 CST pre-events configureMessageFacility.cc:300
Message Facility Application OtsConfigurationWizard configured with: debugModules:["*"] destinations:{file:{append:false directory:"/home/gianipez/ots/srcs/otsdaq_demo/NoGitData/Logs/OtsConfigurationWizard" pattern:"OtsConfigurationWizard-%?H%t-%p.log" seperator:"-" threshold:"DEBUG" timestamp_pattern:"%Y%m%d%H%M%S" type:"GenFile"} udp:{host:"127.0.0.1" port:30000 threshold:"DEBUG" type:"UDP"}}
%MSG
%MSG-i configureMessageFacility:  CorePropertySupervisorBase  14-Feb-2019 18:01:08 CST pre-events configureMessageFacility.cc:300
Message Facility Application CorePropertySupervisorBase configured with: debugModules:["*"] destinations:{file:{append:false directory:"/home/gianipez/ots/srcs/otsdaq_demo/NoGitData/Logs/CorePropertySupervisorBase" pattern:"CorePropertySupervisorBase-%?H%t-%p.log" seperator:"-" threshold:"DEBUG" timestamp_pattern:"%Y%m%d%H%M%S" type:"GenFile"} udp:{host:"127.0.0.1" port:30000 threshold:"DEBUG" type:"UDP"}}
%MSG
%MSG-i configureMessageFacility:  RunControlStateMachine  14-Feb-2019 18:01:08 CST pre-events configureMessageFacility.cc:300
Message Facility Application RunControlStateMachine configured with: debugModules:["*"] destinations:{file:{append:false directory:"/home/gianipez/ots/srcs/otsdaq_demo/NoGitData/Logs/RunControlStateMachine" pattern:"RunControlStateMachine-%?H%t-%p.log" seperator:"-" threshold:"DEBUG" timestamp_pattern:"%Y%m%d%H%M%S" type:"GenFile"} udp:{host:"127.0.0.1" port:30000 threshold:"DEBUG" type:"UDP"}}
%MSG
%MSG-i configureMessageFacility:  CoreSupervisorBase 14-Feb-2019 18:01:08 CST  pre-events configureMessageFacility.cc:300
Message Facility Application CoreSupervisorBase configured with: debugModules:["*"] destinations:{file:{append:false directory:"/home/gianipez/ots/srcs/otsdaq_demo/NoGitData/Logs/CoreSupervisorBase" pattern:"CoreSupervisorBase-%?H%t-%p.log" seperator:"-" threshold:"DEBUG" timestamp_pattern:"%Y%m%d%H%M%S" type:"GenFile"} udp:{host:"127.0.0.1" port:30000 threshold:"DEBUG" type:"UDP"}}
%MSG
%MSG-i configureMessageFacility:  ConsoleSupervisor 14-Feb-2019 18:01:08 CST  pre-events configureMessageFacility.cc:300
Message Facility Application ConsoleSupervisor configured with: debugModules:["*"] destinations:{file:{append:false directory:"/home/gianipez/ots/srcs/otsdaq_demo/NoGitData/Logs/ConsoleSupervisor" pattern:"ConsoleSupervisor-%?H%t-%p.log" seperator:"-" threshold:"DEBUG" timestamp_pattern:"%Y%m%d%H%M%S" type:"GenFile"} udp:{host:"127.0.0.1" port:30000 threshold:"DEBUG" type:"UDP"}}
%MSG
%MSG-d Console:  Early 14-Feb-2019 18:01:10 CST pre-events
Console is alive and waiting... (if no messages, next heartbeat is in approximately two minutes)
%MSG
%MSG-d Console:  Early 14-Feb-2019 18:01:10 CST pre-events
/scratch/workspace/otsdaq-release-build/SLF7/s64-e15-prof/build/otsdaq_utilities/v2_01_00/src/otsdaq-utilities/Console/ConsoleSupervisor.cc [157]	DEBUG messages look like this.
%MSG
%MSG-i Console:  Early 14-Feb-2019 18:01:10 CST pre-events
/scratch/workspace/otsdaq-release-build/SLF7/s64-e15-prof/build/otsdaq_utilities/v2_01_00/src/otsdaq-utilities/Console/ConsoleSupervisor.cc [158]	INFO messages look like this.
%MSG
%MSG-w Console:  Early 14-Feb-2019 18:01:10 CST pre-events
/scratch/workspace/otsdaq-release-build/SLF7/s64-e15-prof/build/otsdaq_utilities/v2_01_00/src/otsdaq-utilities/Console/ConsoleSupervisor.cc [159]	WARNING messages look like this.
%MSG
%MSG-e Console:  Early 14-Feb-2019 18:01:10 CST pre-events
/scratch/workspace/otsdaq-release-build/SLF7/s64-e15-prof/build/otsdaq_utilities/v2_01_00/src/otsdaq-utilities/Console/ConsoleSupervisor.cc [160]	ERROR messages look like this.
%MSG
%MSG-d Console:  Early 14-Feb-2019 18:03:11 CST pre-events
Console is alive and waiting... (if no messages, next heartbeat is in approximately two minutes)
%MSG
%MSG-d Console:  Early 14-Feb-2019 18:05:12 CST pre-events
Console is alive and waiting... (if no messages, next heartbeat is in approximately two minutes)
%MSG
%MSG-d Console:  Early 14-Feb-2019 18:07:13 CST pre-events
Console is alive and waiting... (if no messages, next heartbeat is in approximately two minutes)
%MSG
%MSG-d Console:  Early 14-Feb-2019 18:09:14 CST pre-events
Console is alive and waiting... (if no messages, next heartbeat is in approximately two minutes)
%MSG
%MSG-i ConfigurationManagerRW:  Early 14-Feb-2019 18:09:17 CST pre-events
/scratch/workspace/otsdaq-release-build/SLF7/s64-e15-prof/build/otsdaq/v2_01_00/src/otsdaq-core/ConfigurationInterface/ConfigurationManagerRW.cc [348]	Updating persistent active groups to /home/gianipez/ots/srcs/otsdaq_demo/NoGitData/ServiceData/ActiveConfigurationGroups.cfg ...
%MSG
%MSG-i ConfigurationManagerRW:  Early 14-Feb-2019 18:09:17 CST pre-events
/scratch/workspace/otsdaq-release-build/SLF7/s64-e15-prof/build/otsdaq/v2_01_00/src/otsdaq-core/ConfigurationInterface/ConfigurationManagerRW.cc [371]	Active Context: (-1)
%MSG
%MSG-i ConfigurationManagerRW:  Early 14-Feb-2019 18:09:17 CST pre-events
/scratch/workspace/otsdaq-release-build/SLF7/s64-e15-prof/build/otsdaq/v2_01_00/src/otsdaq-core/ConfigurationInterface/ConfigurationManagerRW.cc [373]	Active Backbone: GroupAliasTreeEditWizBackbone(33)
%MSG
%MSG-i ConfigurationManagerRW:  Early 14-Feb-2019 18:09:17 CST pre-events
/scratch/workspace/otsdaq-release-build/SLF7/s64-e15-prof/build/otsdaq/v2_01_00/src/otsdaq-core/ConfigurationInterface/ConfigurationManagerRW.cc [375]	Active Iterate: (-1)
%MSG
%MSG-i ConfigurationManagerRW:  Early 14-Feb-2019 18:09:17 CST pre-events
/scratch/workspace/otsdaq-release-build/SLF7/s64-e15-prof/build/otsdaq/v2_01_00/src/otsdaq-core/ConfigurationInterface/ConfigurationManagerRW.cc [377]	Active Configuration: (-1)
%MSG
%MSG-e ots:  Early 14-Feb-2019 18:09:17 CST pre-events
/scratch/workspace/otsdaq-release-build/SLF7/s64-e15-prof/build/otsdaq/v2_01_00/src/otsdaq-core/CoreSupervisors/CoreSupervisorBase.cc [140]	'activateConfigGroup' ERROR encountered: Warnings were found when activating group &apos;TriggerMenu(43)&apos;! Please see details below:    At node &apos;TriggerPathConfiguration&apos; with entry UID &apos;cprSeedDeM&apos; there is a disconnected child node at link column &apos;LinkToTriggerConfigurationTable&apos; that points to table named &apos;TrackSeedFilterConfiguration&apos; ...  At node &apos;TriggerPathConfiguration&apos; with entry UID &apos;cprSeedDeP&apos; there is a disconnected child node at link column &apos;LinkToTriggerConfigurationTable&apos; that points to table named &apos;TrackSeedFilterConfiguration&apos; ...  At node &apos;TriggerPathConfiguration&apos; with entry UID &apos;tprHelixIPADeM&apos; there is a disconnected child node at link column &apos;LinkToTriggerConfigurationTable&apos; that points to table named &apos;TrackSeedFilterConfiguration&apos; ...  At node &apos;TriggerPathConfiguration&apos; with entry UID &apos;unbiased&apos; there is a disconnected child node at link column &apos;LinkToTriggerConfigurationTable&apos; that points to table named &apos;TrackSeedFilterConfiguration&apos; ...  At node &apos;TriggerPathConfiguration&apos; with entry UID &apos;minimumbiasSdCount&apos; there is a disconnected child node at link column &apos;LinkToTriggerConfigurationTable&apos; that points to table named &apos;TrackSeedFilterConfiguration&apos; ...  At node &apos;TriggerPathConfiguration&apos; with entry UID &apos;largeSdCount&apos; there is a disconnected child node at link column &apos;LinkToTriggerConfigurationTable&apos; that points to table named &apos;TrackSeedFilterConfiguration&apos; ...  At node &apos;TriggerPathConfiguration&apos; with entry UID &apos;minimumbiasCdCount&apos; there is a disconnected child node at link column &apos;LinkToTriggerConfigurationTable&apos; that points to table named &apos;TrackSeedFilterConfiguration&apos; ...  At node &apos;TriggerPathConfiguration&apos; with entry UID &apos;largeCdCount&apos; there is a disconnected child node at link column &apos;LinkToTriggerConfigurationTable&apos; that points to table named &apos;TrackSeedFilterConfiguration&apos; ...  At node &apos;TriggerPathConfiguration&apos; with entry UID &apos;caloMVACE&apos; there is a disconnected child node at link column &apos;LinkToTriggerConfigurationTable&apos; that points to table named &apos;TrackSeedFilterConfiguration&apos; ...
%MSG
%MSG-i ConfigurationManagerRW:  Early 14-Feb-2019 18:09:18 CST pre-events
/scratch/workspace/otsdaq-release-build/SLF7/s64-e15-prof/build/otsdaq/v2_01_00/src/otsdaq-core/ConfigurationInterface/ConfigurationManagerRW.cc [348]	Updating persistent active groups to /home/gianipez/ots/srcs/otsdaq_demo/NoGitData/ServiceData/ActiveConfigurationGroups.cfg ...
%MSG
%MSG-i ConfigurationManagerRW:  Early 14-Feb-2019 18:09:18 CST pre-events
/scratch/workspace/otsdaq-release-build/SLF7/s64-e15-prof/build/otsdaq/v2_01_00/src/otsdaq-core/ConfigurationInterface/ConfigurationManagerRW.cc [371]	Active Context: (-1)
%MSG
%MSG-i ConfigurationManagerRW:  Early 14-Feb-2019 18:09:18 CST pre-events
/scratch/workspace/otsdaq-release-build/SLF7/s64-e15-prof/build/otsdaq/v2_01_00/src/otsdaq-core/ConfigurationInterface/ConfigurationManagerRW.cc [373]	Active Backbone: GroupAliasTreeEditWizBackbone(34)
%MSG
%MSG-i ConfigurationManagerRW:  Early 14-Feb-2019 18:09:18 CST pre-events
/scratch/workspace/otsdaq-release-build/SLF7/s64-e15-prof/build/otsdaq/v2_01_00/src/otsdaq-core/ConfigurationInterface/ConfigurationManagerRW.cc [375]	Active Iterate: (-1)
%MSG
%MSG-i ConfigurationManagerRW:  Early 14-Feb-2019 18:09:18 CST pre-events
/scratch/workspace/otsdaq-release-build/SLF7/s64-e15-prof/build/otsdaq/v2_01_00/src/otsdaq-core/ConfigurationInterface/ConfigurationManagerRW.cc [377]	Active Configuration: (-1)
%MSG
%MSG-e ots:  Early 14-Feb-2019 18:09:21 CST pre-events
/scratch/workspace/otsdaq-release-build/SLF7/s64-e15-prof/build/otsdaq/v2_01_00/src/otsdaq-core/CoreSupervisors/CoreSupervisorBase.cc [140]	'getTreeView' ERROR encountered: :CfgGUI-ConfigurationGUISupervisor:/scratch/workspace/otsdaq-release-build/SLF7/s64-e15-prof/build/otsdaq_utilities/v2_01_00/src/otsdaq-utilities/ConfigurationGUI/ConfigurationGUISupervisor.cc [2367] Error detected generating XML tree!   :ConfigurationBase:/scratch/workspace/otsdaq-release-build/SLF7/s64-e15-prof/build/otsdaq/v2_01_00/src/otsdaq-core/ConfigurationDataFormats/ConfigurationBase.cc [439] activeConfigurationView_ pointer is null! (...likely the active view was not setup properly. Check your system setup.)
%MSG
%MSG-e ots:  Early 14-Feb-2019 18:09:23 CST pre-events
/scratch/workspace/otsdaq-release-build/SLF7/s64-e15-prof/build/otsdaq/v2_01_00/src/otsdaq-core/CoreSupervisors/CoreSupervisorBase.cc [140]	'getTreeView' ERROR encountered: :CfgGUI-ConfigurationGUISupervisor:/scratch/workspace/otsdaq-release-build/SLF7/s64-e15-prof/build/otsdaq_utilities/v2_01_00/src/otsdaq-utilities/ConfigurationGUI/ConfigurationGUISupervisor.cc [2367] Error detected generating XML tree!   :ConfigurationBase:/scratch/workspace/otsdaq-release-build/SLF7/s64-e15-prof/build/otsdaq/v2_01_00/src/otsdaq-core/ConfigurationDataFormats/ConfigurationBase.cc [439] activeConfigurationView_ pointer is null! (...likely the active view was not setup properly. Check your system setup.)
%MSG
%MSG-e ots:  Early 14-Feb-2019 18:09:24 CST pre-events
/scratch/workspace/otsdaq-release-build/SLF7/s64-e15-prof/build/otsdaq/v2_01_00/src/otsdaq-core/CoreSupervisors/CoreSupervisorBase.cc [140]	'getTreeView' ERROR encountered: :CfgGUI-ConfigurationGUISupervisor:/scratch/workspace/otsdaq-release-build/SLF7/s64-e15-prof/build/otsdaq_utilities/v2_01_00/src/otsdaq-utilities/ConfigurationGUI/ConfigurationGUISupervisor.cc [2367] Error detected generating XML tree!   :ConfigurationBase:/scratch/workspace/otsdaq-release-build/SLF7/s64-e15-prof/build/otsdaq/v2_01_00/src/otsdaq-core/ConfigurationDataFormats/ConfigurationBase.cc [439] activeConfigurationView_ pointer is null! (...likely the active view was not setup properly. Check your system setup.)
%MSG
%MSG-e ots:  Early 14-Feb-2019 18:10:34 CST pre-events
/scratch/workspace/otsdaq-release-build/SLF7/s64-e15-prof/build/otsdaq/v2_01_00/src/otsdaq-core/CoreSupervisors/CoreSupervisorBase.cc [140]	'saveConfigurationInfo' ERROR encountered: File already exists! (&apos;/home/gianipez/ots/srcs/otsdaq_demo/NoGitData/ConfigurationInfo/HelixFilterConfigurationInfo.xml&apos;)
%MSG
%MSG-d Console:  Early 14-Feb-2019 18:12:35 CST pre-events
Console is alive and waiting... (if no messages, next heartbeat is in approximately two minutes)
%MSG
%MSG-d Console:  Early 14-Feb-2019 18:14:36 CST pre-events
Console is alive and waiting... (if no messages, next heartbeat is in approximately two minutes)
%MSG
%MSG-d Console:  Early 14-Feb-2019 18:16:37 CST pre-events
Console is alive and waiting... (if no messages, next heartbeat is in approximately two minutes)
%MSG
%MSG-d Console:  Early 14-Feb-2019 18:18:38 CST pre-events
Console is alive and waiting... (if no messages, next heartbeat is in approximately two minutes)
%MSG
%MSG-d Console:  Early 14-Feb-2019 18:20:39 CST pre-events
Console is alive and waiting... (if no messages, next heartbeat is in approximately two minutes)
%MSG
%MSG-d Console:  Early 14-Feb-2019 19:12:42 CST pre-events
Console is alive and waiting a long time... (if no messages, next heartbeat is in approximately one hour)
%MSG
%MSG-d Console:  Early 14-Feb-2019 20:12:44 CST pre-events
Console is alive and waiting a long time... (if no messages, next heartbeat is in approximately one hour)
%MSG
%MSG-d Console:  Early 14-Feb-2019 21:12:47 CST pre-events
Console is alive and waiting a long time... (if no messages, next heartbeat is in approximately one hour)
%MSG
%MSG-d Console:  Early 14-Feb-2019 22:12:49 CST pre-events
Console is alive and waiting a long time... (if no messages, next heartbeat is in approximately one hour)
%MSG
%MSG-d Console:  Early 14-Feb-2019 23:12:52 CST pre-events
Console is alive and waiting a long time... (if no messages, next heartbeat is in approximately one hour)
%MSG
%MSG-d Console:  Early 15-Feb-2019 00:12:54 CST pre-events
Console is alive and waiting a long time... (if no messages, next heartbeat is in approximately one hour)
%MSG
%MSG-d Console:  Early 15-Feb-2019 01:12:56 CST pre-events
Console is alive and waiting a long time... (if no messages, next heartbeat is in approximately one hour)
%MSG
%MSG-d Console:  Early 15-Feb-2019 02:12:59 CST pre-events
Console is alive and waiting a long time... (if no messages, next heartbeat is in approximately one hour)
%MSG
%MSG-d Console:  Early 15-Feb-2019 03:13:01 CST pre-events
Console is alive and waiting a long time... (if no messages, next heartbeat is in approximately one hour)
%MSG
%MSG-d Console:  Early 15-Feb-2019 04:13:04 CST pre-events
Console is alive and waiting a long time... (if no messages, next heartbeat is in approximately one hour)
%MSG
%MSG-d Console:  Early 15-Feb-2019 05:13:06 CST pre-events
Console is alive and waiting a long time... (if no messages, next heartbeat is in approximately one hour)
%MSG
%MSG-d Console:  Early 15-Feb-2019 06:13:09 CST pre-events
Console is alive and waiting a long time... (if no messages, next heartbeat is in approximately one hour)
%MSG
%MSG-d Console:  Early 15-Feb-2019 07:13:11 CST pre-events
Console is alive and waiting a long time... (if no messages, next heartbeat is in approximately one hour)
%MSG
%MSG-d Console:  Early 15-Feb-2019 08:13:14 CST pre-events
Console is alive and waiting a long time... (if no messages, next heartbeat is in approximately one hour)
%MSG
%MSG-d Console:  Early 15-Feb-2019 09:13:16 CST pre-events
Console is alive and waiting a long time... (if no messages, next heartbeat is in approximately one hour)
%MSG
%MSG-d Console:  Early 15-Feb-2019 10:13:19 CST pre-events
Console is alive and waiting a long time... (if no messages, next heartbeat is in approximately one hour)
%MSG
%MSG-i ConfigurationManagerRW:  Early 15-Feb-2019 10:38:25 CST pre-events
/scratch/workspace/otsdaq-release-build/SLF7/s64-e15-prof/build/otsdaq/v2_01_00/src/otsdaq-core/ConfigurationInterface/ConfigurationManagerRW.cc [348]	Updating persistent active groups to /home/gianipez/ots/srcs/otsdaq_demo/NoGitData/ServiceData/ActiveConfigurationGroups.cfg ...
%MSG
%MSG-i ConfigurationManagerRW:  Early 15-Feb-2019 10:38:25 CST pre-events
/scratch/workspace/otsdaq-release-build/SLF7/s64-e15-prof/build/otsdaq/v2_01_00/src/otsdaq-core/ConfigurationInterface/ConfigurationManagerRW.cc [371]	Active Context: (-1)
%MSG
%MSG-i ConfigurationManagerRW:  Early 15-Feb-2019 10:38:25 CST pre-events
/scratch/workspace/otsdaq-release-build/SLF7/s64-e15-prof/build/otsdaq/v2_01_00/src/otsdaq-core/ConfigurationInterface/ConfigurationManagerRW.cc [373]	Active Backbone: GroupAliasTreeEditWizBackbone(34)
%MSG
%MSG-i ConfigurationManagerRW:  Early 15-Feb-2019 10:38:25 CST pre-events
/scratch/workspace/otsdaq-release-build/SLF7/s64-e15-prof/build/otsdaq/v2_01_00/src/otsdaq-core/ConfigurationInterface/ConfigurationManagerRW.cc [375]	Active Iterate: (-1)
%MSG
%MSG-i ConfigurationManagerRW:  Early 15-Feb-2019 10:38:25 CST pre-events
/scratch/workspace/otsdaq-release-build/SLF7/s64-e15-prof/build/otsdaq/v2_01_00/src/otsdaq-core/ConfigurationInterface/ConfigurationManagerRW.cc [377]	Active Configuration: (-1)
%MSG
%MSG-e ots:  Early 15-Feb-2019 10:38:25 CST pre-events
/scratch/workspace/otsdaq-release-build/SLF7/s64-e15-prof/build/otsdaq/v2_01_00/src/otsdaq-core/CoreSupervisors/CoreSupervisorBase.cc [140]	'activateConfigGroup' ERROR encountered: Warnings were found when activating group &apos;TriggerMenu(44)&apos;! Please see details below:    At node &apos;TriggerPathConfiguration&apos; with entry UID &apos;cprSeedDeM&apos; there is a disconnected child node at link column &apos;LinkToTriggerConfigurationTable&apos; that points to table named &apos;TrackSeedFilterConfiguration&apos; ...  At node &apos;TriggerPathConfiguration&apos; with entry UID &apos;cprSeedDeP&apos; there is a disconnected child node at link column &apos;LinkToTriggerConfigurationTable&apos; that points to table named &apos;TrackSeedFilterConfiguration&apos; ...  At node &apos;TriggerPathConfiguration&apos; with entry UID &apos;tprHelixIPADeM&apos; there is a disconnected child node at link column &apos;LinkToTriggerConfigurationTable&apos; that points to table named &apos;TrackSeedFilterConfiguration&apos; ...
%MSG
%MSG-i ConfigurationManagerRW:  Early 15-Feb-2019 10:38:26 CST pre-events
/scratch/workspace/otsdaq-release-build/SLF7/s64-e15-prof/build/otsdaq/v2_01_00/src/otsdaq-core/ConfigurationInterface/ConfigurationManagerRW.cc [348]	Updating persistent active groups to /home/gianipez/ots/srcs/otsdaq_demo/NoGitData/ServiceData/ActiveConfigurationGroups.cfg ...
%MSG
%MSG-i ConfigurationManagerRW:  Early 15-Feb-2019 10:38:26 CST pre-events
/scratch/workspace/otsdaq-release-build/SLF7/s64-e15-prof/build/otsdaq/v2_01_00/src/otsdaq-core/ConfigurationInterface/ConfigurationManagerRW.cc [371]	Active Context: (-1)
%MSG
%MSG-i ConfigurationManagerRW:  Early 15-Feb-2019 10:38:26 CST pre-events
/scratch/workspace/otsdaq-release-build/SLF7/s64-e15-prof/build/otsdaq/v2_01_00/src/otsdaq-core/ConfigurationInterface/ConfigurationManagerRW.cc [373]	Active Backbone: GroupAliasTreeEditWizBackbone(35)
%MSG
%MSG-i ConfigurationManagerRW:  Early 15-Feb-2019 10:38:26 CST pre-events
/scratch/workspace/otsdaq-release-build/SLF7/s64-e15-prof/build/otsdaq/v2_01_00/src/otsdaq-core/ConfigurationInterface/ConfigurationManagerRW.cc [375]	Active Iterate: (-1)
%MSG
%MSG-i ConfigurationManagerRW:  Early 15-Feb-2019 10:38:26 CST pre-events
/scratch/workspace/otsdaq-release-build/SLF7/s64-e15-prof/build/otsdaq/v2_01_00/src/otsdaq-core/ConfigurationInterface/ConfigurationManagerRW.cc [377]	Active Configuration: (-1)
%MSG
%MSG-e ots:  Early 15-Feb-2019 10:39:26 CST pre-events
/scratch/workspace/otsdaq-release-build/SLF7/s64-e15-prof/build/otsdaq/v2_01_00/src/otsdaq-core/CoreSupervisors/CoreSupervisorBase.cc [140]	'saveConfigurationInfo' ERROR encountered: File already exists! (&apos;/home/gianipez/ots/srcs/otsdaq_demo/NoGitData/ConfigurationInfo/TriggerPathConfigurationInfo.xml&apos;)
%MSG
%MSG-e ots:  Early 15-Feb-2019 10:39:54 CST pre-events
/scratch/workspace/otsdaq-release-build/SLF7/s64-e15-prof/build/otsdaq/v2_01_00/src/otsdaq-core/CoreSupervisors/CoreSupervisorBase.cc [140]	'saveConfigurationInfo' ERROR encountered: File already exists! (&apos;/home/gianipez/ots/srcs/otsdaq_demo/NoGitData/ConfigurationInfo/TriggerPathConfigurationInfo.xml&apos;)
%MSG
%MSG-d Console:  Early 15-Feb-2019 10:41:54 CST pre-events
Console is alive and waiting... (if no messages, next heartbeat is in approximately two minutes)
%MSG
%MSG-i ConfigurationManagerRW:  Early 15-Feb-2019 10:42:07 CST pre-events
/scratch/workspace/otsdaq-release-build/SLF7/s64-e15-prof/build/otsdaq/v2_01_00/src/otsdaq-core/ConfigurationInterface/ConfigurationManagerRW.cc [348]	Updating persistent active groups to /home/gianipez/ots/srcs/otsdaq_demo/NoGitData/ServiceData/ActiveConfigurationGroups.cfg ...
%MSG
%MSG-i ConfigurationManagerRW:  Early 15-Feb-2019 10:42:07 CST pre-events
/scratch/workspace/otsdaq-release-build/SLF7/s64-e15-prof/build/otsdaq/v2_01_00/src/otsdaq-core/ConfigurationInterface/ConfigurationManagerRW.cc [371]	Active Context: (-1)
%MSG
%MSG-i ConfigurationManagerRW:  Early 15-Feb-2019 10:42:07 CST pre-events
/scratch/workspace/otsdaq-release-build/SLF7/s64-e15-prof/build/otsdaq/v2_01_00/src/otsdaq-core/ConfigurationInterface/ConfigurationManagerRW.cc [373]	Active Backbone: GroupAliasTreeEditWizBackbone(35)
%MSG
%MSG-i ConfigurationManagerRW:  Early 15-Feb-2019 10:42:07 CST pre-events
/scratch/workspace/otsdaq-release-build/SLF7/s64-e15-prof/build/otsdaq/v2_01_00/src/otsdaq-core/ConfigurationInterface/ConfigurationManagerRW.cc [375]	Active Iterate: (-1)
%MSG
%MSG-i ConfigurationManagerRW:  Early 15-Feb-2019 10:42:07 CST pre-events
/scratch/workspace/otsdaq-release-build/SLF7/s64-e15-prof/build/otsdaq/v2_01_00/src/otsdaq-core/ConfigurationInterface/ConfigurationManagerRW.cc [377]	Active Configuration: (-1)
%MSG
%MSG-e ots:  Early 15-Feb-2019 10:42:07 CST pre-events
/scratch/workspace/otsdaq-release-build/SLF7/s64-e15-prof/build/otsdaq/v2_01_00/src/otsdaq-core/CoreSupervisors/CoreSupervisorBase.cc [140]	'activateConfigGroup' ERROR encountered: Warnings were found when activating group &apos;TriggerMenu(45)&apos;! Please see details below:    At node &apos;TriggerPathConfiguration&apos; with entry UID &apos;cprSeedDeM&apos; there is a disconnected child node at link column &apos;LinkToTriggerConfigurationTable&apos; that points to table named &apos;TrackSeedFilterConfiguration&apos; ...  At node &apos;TriggerPathConfiguration&apos; with entry UID &apos;cprSeedDeP&apos; there is a disconnected child node at link column &apos;LinkToTriggerConfigurationTable&apos; that points to table named &apos;TrackSeedFilterConfiguration&apos; ...  At node &apos;TriggerPathConfiguration&apos; with entry UID &apos;tprHelixIPADeM&apos; there is a disconnected child node at link column &apos;LinkToTriggerConfigurationTable&apos; that points to table named &apos;HelixFilterConfiguration&apos; ... Note: It may be safe to ignore this error since the link&apos;s target table HelixFilterConfiguration is not a member of this group (and may not be loaded yet).
%MSG
%MSG-i ConfigurationManagerRW:  Early 15-Feb-2019 10:42:08 CST pre-events
/scratch/workspace/otsdaq-release-build/SLF7/s64-e15-prof/build/otsdaq/v2_01_00/src/otsdaq-core/ConfigurationInterface/ConfigurationManagerRW.cc [348]	Updating persistent active groups to /home/gianipez/ots/srcs/otsdaq_demo/NoGitData/ServiceData/ActiveConfigurationGroups.cfg ...
%MSG
%MSG-i ConfigurationManagerRW:  Early 15-Feb-2019 10:42:08 CST pre-events
/scratch/workspace/otsdaq-release-build/SLF7/s64-e15-prof/build/otsdaq/v2_01_00/src/otsdaq-core/ConfigurationInterface/ConfigurationManagerRW.cc [371]	Active Context: (-1)
%MSG
%MSG-i ConfigurationManagerRW:  Early 15-Feb-2019 10:42:08 CST pre-events
/scratch/workspace/otsdaq-release-build/SLF7/s64-e15-prof/build/otsdaq/v2_01_00/src/otsdaq-core/ConfigurationInterface/ConfigurationManagerRW.cc [373]	Active Backbone: GroupAliasTreeEditWizBackbone(36)
%MSG
%MSG-i ConfigurationManagerRW:  Early 15-Feb-2019 10:42:08 CST pre-events
/scratch/workspace/otsdaq-release-build/SLF7/s64-e15-prof/build/otsdaq/v2_01_00/src/otsdaq-core/ConfigurationInterface/ConfigurationManagerRW.cc [375]	Active Iterate: (-1)
%MSG
%MSG-i ConfigurationManagerRW:  Early 15-Feb-2019 10:42:08 CST pre-events
/scratch/workspace/otsdaq-release-build/SLF7/s64-e15-prof/build/otsdaq/v2_01_00/src/otsdaq-core/ConfigurationInterface/ConfigurationManagerRW.cc [377]	Active Configuration: (-1)
%MSG
%MSG-i ConfigurationManagerRW:  Early 15-Feb-2019 10:42:56 CST pre-events
/scratch/workspace/otsdaq-release-build/SLF7/s64-e15-prof/build/otsdaq/v2_01_00/src/otsdaq-core/ConfigurationInterface/ConfigurationManagerRW.cc [348]	Updating persistent active groups to /home/gianipez/ots/srcs/otsdaq_demo/NoGitData/ServiceData/ActiveConfigurationGroups.cfg ...
%MSG
%MSG-i ConfigurationManagerRW:  Early 15-Feb-2019 10:42:56 CST pre-events
/scratch/workspace/otsdaq-release-build/SLF7/s64-e15-prof/build/otsdaq/v2_01_00/src/otsdaq-core/ConfigurationInterface/ConfigurationManagerRW.cc [371]	Active Context: (-1)
%MSG
%MSG-i ConfigurationManagerRW:  Early 15-Feb-2019 10:42:56 CST pre-events
/scratch/workspace/otsdaq-release-build/SLF7/s64-e15-prof/build/otsdaq/v2_01_00/src/otsdaq-core/ConfigurationInterface/ConfigurationManagerRW.cc [373]	Active Backbone: GroupAliasTreeEditWizBackbone(36)
%MSG
%MSG-i ConfigurationManagerRW:  Early 15-Feb-2019 10:42:56 CST pre-events
/scratch/workspace/otsdaq-release-build/SLF7/s64-e15-prof/build/otsdaq/v2_01_00/src/otsdaq-core/ConfigurationInterface/ConfigurationManagerRW.cc [375]	Active Iterate: (-1)
%MSG
%MSG-i ConfigurationManagerRW:  Early 15-Feb-2019 10:42:56 CST pre-events
/scratch/workspace/otsdaq-release-build/SLF7/s64-e15-prof/build/otsdaq/v2_01_00/src/otsdaq-core/ConfigurationInterface/ConfigurationManagerRW.cc [377]	Active Configuration: (-1)
%MSG
%MSG-e ots:  Early 15-Feb-2019 10:42:56 CST pre-events
/scratch/workspace/otsdaq-release-build/SLF7/s64-e15-prof/build/otsdaq/v2_01_00/src/otsdaq-core/CoreSupervisors/CoreSupervisorBase.cc [140]	'activateConfigGroup' ERROR encountered: Warnings were found when activating group &apos;TriggerMenu(45)&apos;! Please see details below:    At node &apos;TriggerPathConfiguration&apos; with entry UID &apos;cprSeedDeM&apos; there is a disconnected child node at link column &apos;LinkToTriggerConfigurationTable&apos; that points to table named &apos;TrackSeedFilterConfiguration&apos; ...  At node &apos;TriggerPathConfiguration&apos; with entry UID &apos;cprSeedDeP&apos; there is a disconnected child node at link column &apos;LinkToTriggerConfigurationTable&apos; that points to table named &apos;TrackSeedFilterConfiguration&apos; ...  At node &apos;TriggerPathConfiguration&apos; with entry UID &apos;tprHelixIPADeM&apos; there is a disconnected child node at link column &apos;LinkToTriggerConfigurationTable&apos; that points to table named &apos;HelixFilterConfiguration&apos; ... Note: It may be safe to ignore this error since the link&apos;s target table HelixFilterConfiguration is not a member of this group (and may not be loaded yet).
%MSG
%MSG-i ConfigurationManagerRW:  Early 15-Feb-2019 10:42:56 CST pre-events
/scratch/workspace/otsdaq-release-build/SLF7/s64-e15-prof/build/otsdaq/v2_01_00/src/otsdaq-core/ConfigurationInterface/ConfigurationManagerRW.cc [348]	Updating persistent active groups to /home/gianipez/ots/srcs/otsdaq_demo/NoGitData/ServiceData/ActiveConfigurationGroups.cfg ...
%MSG
%MSG-i ConfigurationManagerRW:  Early 15-Feb-2019 10:42:56 CST pre-events
/scratch/workspace/otsdaq-release-build/SLF7/s64-e15-prof/build/otsdaq/v2_01_00/src/otsdaq-core/ConfigurationInterface/ConfigurationManagerRW.cc [371]	Active Context: (-1)
%MSG
%MSG-i ConfigurationManagerRW:  Early 15-Feb-2019 10:42:56 CST pre-events
/scratch/workspace/otsdaq-release-build/SLF7/s64-e15-prof/build/otsdaq/v2_01_00/src/otsdaq-core/ConfigurationInterface/ConfigurationManagerRW.cc [373]	Active Backbone: TableEditWizBackbone(18)
%MSG
%MSG-i ConfigurationManagerRW:  Early 15-Feb-2019 10:42:56 CST pre-events
/scratch/workspace/otsdaq-release-build/SLF7/s64-e15-prof/build/otsdaq/v2_01_00/src/otsdaq-core/ConfigurationInterface/ConfigurationManagerRW.cc [375]	Active Iterate: (-1)
%MSG
%MSG-i ConfigurationManagerRW:  Early 15-Feb-2019 10:42:56 CST pre-events
/scratch/workspace/otsdaq-release-build/SLF7/s64-e15-prof/build/otsdaq/v2_01_00/src/otsdaq-core/ConfigurationInterface/ConfigurationManagerRW.cc [377]	Active Configuration: (-1)
%MSG
%MSG-i ConfigurationManagerRW:  Early 15-Feb-2019 10:44:35 CST pre-events
/scratch/workspace/otsdaq-release-build/SLF7/s64-e15-prof/build/otsdaq/v2_01_00/src/otsdaq-core/ConfigurationInterface/ConfigurationManagerRW.cc [348]	Updating persistent active groups to /home/gianipez/ots/srcs/otsdaq_demo/NoGitData/ServiceData/ActiveConfigurationGroups.cfg ...
%MSG
%MSG-i ConfigurationManagerRW:  Early 15-Feb-2019 10:44:35 CST pre-events
/scratch/workspace/otsdaq-release-build/SLF7/s64-e15-prof/build/otsdaq/v2_01_00/src/otsdaq-core/ConfigurationInterface/ConfigurationManagerRW.cc [371]	Active Context: (-1)
%MSG
%MSG-i ConfigurationManagerRW:  Early 15-Feb-2019 10:44:35 CST pre-events
/scratch/workspace/otsdaq-release-build/SLF7/s64-e15-prof/build/otsdaq/v2_01_00/src/otsdaq-core/ConfigurationInterface/ConfigurationManagerRW.cc [373]	Active Backbone: TableEditWizBackbone(18)
%MSG
%MSG-i ConfigurationManagerRW:  Early 15-Feb-2019 10:44:35 CST pre-events
/scratch/workspace/otsdaq-release-build/SLF7/s64-e15-prof/build/otsdaq/v2_01_00/src/otsdaq-core/ConfigurationInterface/ConfigurationManagerRW.cc [375]	Active Iterate: (-1)
%MSG
%MSG-i ConfigurationManagerRW:  Early 15-Feb-2019 10:44:35 CST pre-events
/scratch/workspace/otsdaq-release-build/SLF7/s64-e15-prof/build/otsdaq/v2_01_00/src/otsdaq-core/ConfigurationInterface/ConfigurationManagerRW.cc [377]	Active Configuration: (-1)
%MSG
%MSG-e ots:  Early 15-Feb-2019 10:44:35 CST pre-events
/scratch/workspace/otsdaq-release-build/SLF7/s64-e15-prof/build/otsdaq/v2_01_00/src/otsdaq-core/CoreSupervisors/CoreSupervisorBase.cc [140]	'activateConfigGroup' ERROR encountered: Warnings were found when activating group &apos;TriggerMenu(45)&apos;! Please see details below:    At node &apos;TriggerPathConfiguration&apos; with entry UID &apos;cprSeedDeM&apos; there is a disconnected child node at link column &apos;LinkToTriggerConfigurationTable&apos; that points to table named &apos;TrackSeedFilterConfiguration&apos; ...  At node &apos;TriggerPathConfiguration&apos; with entry UID &apos;cprSeedDeP&apos; there is a disconnected child node at link column &apos;LinkToTriggerConfigurationTable&apos; that points to table named &apos;TrackSeedFilterConfiguration&apos; ...  At node &apos;TriggerPathConfiguration&apos; with entry UID &apos;tprHelixIPADeM&apos; there is a disconnected child node at link column &apos;LinkToTriggerConfigurationTable&apos; that points to table named &apos;HelixFilterConfiguration&apos; ... Note: It may be safe to ignore this error since the link&apos;s target table HelixFilterConfiguration is not a member of this group (and may not be loaded yet).
%MSG
%MSG-i ConfigurationManagerRW:  Early 15-Feb-2019 10:44:36 CST pre-events
/scratch/workspace/otsdaq-release-build/SLF7/s64-e15-prof/build/otsdaq/v2_01_00/src/otsdaq-core/ConfigurationInterface/ConfigurationManagerRW.cc [348]	Updating persistent active groups to /home/gianipez/ots/srcs/otsdaq_demo/NoGitData/ServiceData/ActiveConfigurationGroups.cfg ...
%MSG
%MSG-i ConfigurationManagerRW:  Early 15-Feb-2019 10:44:36 CST pre-events
/scratch/workspace/otsdaq-release-build/SLF7/s64-e15-prof/build/otsdaq/v2_01_00/src/otsdaq-core/ConfigurationInterface/ConfigurationManagerRW.cc [371]	Active Context: (-1)
%MSG
%MSG-i ConfigurationManagerRW:  Early 15-Feb-2019 10:44:36 CST pre-events
/scratch/workspace/otsdaq-release-build/SLF7/s64-e15-prof/build/otsdaq/v2_01_00/src/otsdaq-core/ConfigurationInterface/ConfigurationManagerRW.cc [373]	Active Backbone: TableEditWizBackbone(18)
%MSG
%MSG-i ConfigurationManagerRW:  Early 15-Feb-2019 10:44:36 CST pre-events
/scratch/workspace/otsdaq-release-build/SLF7/s64-e15-prof/build/otsdaq/v2_01_00/src/otsdaq-core/ConfigurationInterface/ConfigurationManagerRW.cc [375]	Active Iterate: (-1)
%MSG
%MSG-i ConfigurationManagerRW:  Early 15-Feb-2019 10:44:36 CST pre-events
/scratch/workspace/otsdaq-release-build/SLF7/s64-e15-prof/build/otsdaq/v2_01_00/src/otsdaq-core/ConfigurationInterface/ConfigurationManagerRW.cc [377]	Active Configuration: (-1)
%MSG
%MSG-d Console:  Early 15-Feb-2019 10:46:36 CST pre-events
Console is alive and waiting... (if no messages, next heartbeat is in approximately two minutes)
%MSG
%MSG-i ConfigurationManagerRW:  Early 15-Feb-2019 10:48:03 CST pre-events
/scratch/workspace/otsdaq-release-build/SLF7/s64-e15-prof/build/otsdaq/v2_01_00/src/otsdaq-core/ConfigurationInterface/ConfigurationManagerRW.cc [348]	Updating persistent active groups to /home/gianipez/ots/srcs/otsdaq_demo/NoGitData/ServiceData/ActiveConfigurationGroups.cfg ...
%MSG
%MSG-i ConfigurationManagerRW:  Early 15-Feb-2019 10:48:03 CST pre-events
/scratch/workspace/otsdaq-release-build/SLF7/s64-e15-prof/build/otsdaq/v2_01_00/src/otsdaq-core/ConfigurationInterface/ConfigurationManagerRW.cc [371]	Active Context: (-1)
%MSG
%MSG-i ConfigurationManagerRW:  Early 15-Feb-2019 10:48:03 CST pre-events
/scratch/workspace/otsdaq-release-build/SLF7/s64-e15-prof/build/otsdaq/v2_01_00/src/otsdaq-core/ConfigurationInterface/ConfigurationManagerRW.cc [373]	Active Backbone: TableEditWizBackbone(18)
%MSG
%MSG-i ConfigurationManagerRW:  Early 15-Feb-2019 10:48:03 CST pre-events
/scratch/workspace/otsdaq-release-build/SLF7/s64-e15-prof/build/otsdaq/v2_01_00/src/otsdaq-core/ConfigurationInterface/ConfigurationManagerRW.cc [375]	Active Iterate: (-1)
%MSG
%MSG-i ConfigurationManagerRW:  Early 15-Feb-2019 10:48:03 CST pre-events
/scratch/workspace/otsdaq-release-build/SLF7/s64-e15-prof/build/otsdaq/v2_01_00/src/otsdaq-core/ConfigurationInterface/ConfigurationManagerRW.cc [377]	Active Configuration: (-1)
%MSG
%MSG-e ots:  Early 15-Feb-2019 10:48:03 CST pre-events
/scratch/workspace/otsdaq-release-build/SLF7/s64-e15-prof/build/otsdaq/v2_01_00/src/otsdaq-core/CoreSupervisors/CoreSupervisorBase.cc [140]	'activateConfigGroup' ERROR encountered: Warnings were found when activating group &apos;TriggerMenu(46)&apos;! Please see details below:    At node &apos;TriggerPathConfiguration&apos; with entry UID &apos;tprHelixIPADeM&apos; there is a disconnected child node at link column &apos;LinkToTriggerConfigurationTable&apos; that points to table named &apos;HelixFilterConfiguration&apos; ... Note: It may be safe to ignore this error since the link&apos;s target table HelixFilterConfiguration is not a member of this group (and may not be loaded yet).
%MSG
%MSG-i ConfigurationManagerRW:  Early 15-Feb-2019 10:48:04 CST pre-events
/scratch/workspace/otsdaq-release-build/SLF7/s64-e15-prof/build/otsdaq/v2_01_00/src/otsdaq-core/ConfigurationInterface/ConfigurationManagerRW.cc [348]	Updating persistent active groups to /home/gianipez/ots/srcs/otsdaq_demo/NoGitData/ServiceData/ActiveConfigurationGroups.cfg ...
%MSG
%MSG-i ConfigurationManagerRW:  Early 15-Feb-2019 10:48:04 CST pre-events
/scratch/workspace/otsdaq-release-build/SLF7/s64-e15-prof/build/otsdaq/v2_01_00/src/otsdaq-core/ConfigurationInterface/ConfigurationManagerRW.cc [371]	Active Context: (-1)
%MSG
%MSG-i ConfigurationManagerRW:  Early 15-Feb-2019 10:48:04 CST pre-events
/scratch/workspace/otsdaq-release-build/SLF7/s64-e15-prof/build/otsdaq/v2_01_00/src/otsdaq-core/ConfigurationInterface/ConfigurationManagerRW.cc [373]	Active Backbone: GroupAliasTreeEditWizBackbone(37)
%MSG
%MSG-i ConfigurationManagerRW:  Early 15-Feb-2019 10:48:04 CST pre-events
/scratch/workspace/otsdaq-release-build/SLF7/s64-e15-prof/build/otsdaq/v2_01_00/src/otsdaq-core/ConfigurationInterface/ConfigurationManagerRW.cc [375]	Active Iterate: (-1)
%MSG
%MSG-i ConfigurationManagerRW:  Early 15-Feb-2019 10:48:04 CST pre-events
/scratch/workspace/otsdaq-release-build/SLF7/s64-e15-prof/build/otsdaq/v2_01_00/src/otsdaq-core/ConfigurationInterface/ConfigurationManagerRW.cc [377]	Active Configuration: (-1)
%MSG
%MSG-i ConfigurationManagerRW:  Early 15-Feb-2019 10:48:44 CST pre-events
/scratch/workspace/otsdaq-release-build/SLF7/s64-e15-prof/build/otsdaq/v2_01_00/src/otsdaq-core/ConfigurationInterface/ConfigurationManagerRW.cc [348]	Updating persistent active groups to /home/gianipez/ots/srcs/otsdaq_demo/NoGitData/ServiceData/ActiveConfigurationGroups.cfg ...
%MSG
%MSG-i ConfigurationManagerRW:  Early 15-Feb-2019 10:48:44 CST pre-events
/scratch/workspace/otsdaq-release-build/SLF7/s64-e15-prof/build/otsdaq/v2_01_00/src/otsdaq-core/ConfigurationInterface/ConfigurationManagerRW.cc [371]	Active Context: (-1)
%MSG
%MSG-i ConfigurationManagerRW:  Early 15-Feb-2019 10:48:44 CST pre-events
/scratch/workspace/otsdaq-release-build/SLF7/s64-e15-prof/build/otsdaq/v2_01_00/src/otsdaq-core/ConfigurationInterface/ConfigurationManagerRW.cc [373]	Active Backbone: GroupAliasTreeEditWizBackbone(37)
%MSG
%MSG-i ConfigurationManagerRW:  Early 15-Feb-2019 10:48:44 CST pre-events
/scratch/workspace/otsdaq-release-build/SLF7/s64-e15-prof/build/otsdaq/v2_01_00/src/otsdaq-core/ConfigurationInterface/ConfigurationManagerRW.cc [375]	Active Iterate: (-1)
%MSG
%MSG-i ConfigurationManagerRW:  Early 15-Feb-2019 10:48:44 CST pre-events
/scratch/workspace/otsdaq-release-build/SLF7/s64-e15-prof/build/otsdaq/v2_01_00/src/otsdaq-core/ConfigurationInterface/ConfigurationManagerRW.cc [377]	Active Configuration: (-1)
%MSG
%MSG-e ots:  Early 15-Feb-2019 10:48:44 CST pre-events
/scratch/workspace/otsdaq-release-build/SLF7/s64-e15-prof/build/otsdaq/v2_01_00/src/otsdaq-core/CoreSupervisors/CoreSupervisorBase.cc [140]	'activateConfigGroup' ERROR encountered: Warnings were found when activating group &apos;TriggerMenu(47)&apos;! Please see details below:    At node &apos;TriggerPathConfiguration&apos; with entry UID &apos;tprHelixIPADeM&apos; there is a disconnected child node at link column &apos;LinkToTriggerConfigurationTable&apos; that points to table named &apos;HelixFilterConfiguration&apos; ...
%MSG
%MSG-i ConfigurationManagerRW:  Early 15-Feb-2019 10:48:45 CST pre-events
/scratch/workspace/otsdaq-release-build/SLF7/s64-e15-prof/build/otsdaq/v2_01_00/src/otsdaq-core/ConfigurationInterface/ConfigurationManagerRW.cc [348]	Updating persistent active groups to /home/gianipez/ots/srcs/otsdaq_demo/NoGitData/ServiceData/ActiveConfigurationGroups.cfg ...
%MSG
%MSG-i ConfigurationManagerRW:  Early 15-Feb-2019 10:48:45 CST pre-events
/scratch/workspace/otsdaq-release-build/SLF7/s64-e15-prof/build/otsdaq/v2_01_00/src/otsdaq-core/ConfigurationInterface/ConfigurationManagerRW.cc [371]	Active Context: (-1)
%MSG
%MSG-i ConfigurationManagerRW:  Early 15-Feb-2019 10:48:45 CST pre-events
/scratch/workspace/otsdaq-release-build/SLF7/s64-e15-prof/build/otsdaq/v2_01_00/src/otsdaq-core/ConfigurationInterface/ConfigurationManagerRW.cc [373]	Active Backbone: TableEditWizBackbone(19)
%MSG
%MSG-i ConfigurationManagerRW:  Early 15-Feb-2019 10:48:45 CST pre-events
/scratch/workspace/otsdaq-release-build/SLF7/s64-e15-prof/build/otsdaq/v2_01_00/src/otsdaq-core/ConfigurationInterface/ConfigurationManagerRW.cc [375]	Active Iterate: (-1)
%MSG
%MSG-i ConfigurationManagerRW:  Early 15-Feb-2019 10:48:45 CST pre-events
/scratch/workspace/otsdaq-release-build/SLF7/s64-e15-prof/build/otsdaq/v2_01_00/src/otsdaq-core/ConfigurationInterface/ConfigurationManagerRW.cc [377]	Active Configuration: (-1)
%MSG
%MSG-e ots:  Early 15-Feb-2019 10:49:27 CST pre-events
/scratch/workspace/otsdaq-release-build/SLF7/s64-e15-prof/build/otsdaq/v2_01_00/src/otsdaq-core/CoreSupervisors/CoreSupervisorBase.cc [140]	'saveTreeNodeEdit' ERROR encountered: :CfgGUI-ConfigurationGUISupervisor:/scratch/workspace/otsdaq-release-build/SLF7/s64-e15-prof/build/otsdaq_utilities/v2_01_00/src/otsdaq-utilities/ConfigurationGUI/ConfigurationGUISupervisor.cc [3615] Error saving tree node! :ConfigurationView:/scratch/workspace/otsdaq-release-build/SLF7/s64-e15-prof/build/otsdaq/v2_01_00/src/otsdaq-core/ConfigurationDataFormats/ConfigurationView.cc [227] Entries in UID are not unique. Specifically at row=1 value=tprHelixIPADeM
%MSG
%MSG-e ots:  Early 15-Feb-2019 10:50:02 CST pre-events
/scratch/workspace/otsdaq-release-build/SLF7/s64-e15-prof/build/otsdaq/v2_01_00/src/otsdaq-core/CoreSupervisors/CoreSupervisorBase.cc [140]	'activateConfigGroup' ERROR encountered: Error activating config group &apos;TriggerMenu(48).&apos; Please see details below:  :ConfigurationManager:/scratch/workspace/otsdaq-release-build/SLF7/s64-e15-prof/build/otsdaq/v2_01_00/src/otsdaq-core/ConfigurationInterface/ConfigurationManager.cc [1030] Error detected calling TopLevelTriggerConfiguration.init()!   :ConfigurationTree:/scratch/workspace/otsdaq-release-build/SLF7/s64-e15-prof/build/otsdaq/v2_01_00/src/otsdaq-core/ConfigurationInterface/ConfigurationTree.cc [1007]   Error occurred descending from node &apos;tprHelixIPADeM&apos; in table &apos;HelixFilterConfiguration&apos; looking for child &apos;LinkToTrackSeedFilterParameterTable&apos;   --- Additional error detail:   :ConfigurationView:/scratch/workspace/otsdaq-release-build/SLF7/s64-e15-prof/build/otsdaq/v2_01_00/src/otsdaq-core/ConfigurationDataFormats/ConfigurationView.cc [1164]  In view: HELIX_FILTER_CONFIGURATION, Can&apos;t find column named &apos;LinkToTrackSeedFilterParameterTable&apos; Existing columns:  UID  HighLevelPrescaleFactor  LowLevelPrescaleFactor  LinkToTimeClusterFilterParameterTable  LinkToTimeClusterFilterParameterGroupID  LinkToHelixFilterParameterTable  LinkToHelixFilterParameterGroupID  CommentDescription  Author  RecordInsertionTime   0# ots::ConfigurationTree::getNode(std::__cxx11::basic_string&lt;char, std::char_traits&lt;char&gt;, std::allocator&lt;char&gt; &gt; const&amp;, bool) const in /cvmfs/fermilab.opensciencegrid.org/products/artdaq/otsdaq/v2_01_00/slf7.x86_64.e15.s64.prof/lib/libConfigurationInterface.so  1# ots::TopLevelTriggerConfiguration::createTrackingFiltersEpilog(std::basic_ofstream&lt;char, std::char_traits&lt;char&gt; &gt;&amp;, char*, std::__cxx11::basic_string&lt;char, std::char_traits&lt;char&gt;, std::allocator&lt;char&gt; &gt;&amp;, ots::ConfigurationTree) in /home/gianipez/ots/build_slf7.x86_64/otsdaq_demo/lib/libotsdaq-demo_ConfigurationPluginDataFormats_TopLevelTriggerConfiguration_configuration.so  2# ots::TopLevelTriggerConfiguration::init(ots::ConfigurationManager*) in /home/gianipez/ots/build_slf7.x86_64/otsdaq_demo/lib/libotsdaq-demo_ConfigurationPluginDataFormats_TopLevelTriggerConfiguration_configuration.so  3# ots::ConfigurationManager::loadConfigurationGroup(std::__cxx11::basic_string&lt;char, std::char_traits&lt;char&gt;, std::allocator&lt;char&gt; &gt; const&amp;, ots::ConfigurationGroupKey, bool, std::map&lt;std::__cxx11::basic_string&lt;char, std::char_traits&lt;char&gt;, std::allocator&lt;char&gt; &gt;, ots::ConfigurationVersion, std::less&lt;std::__cxx11::basic_string&lt;char, std::char_traits&lt;char&gt;, std::allocator&lt;char&gt; &gt; &gt;, std::allocator&lt;std::pair&lt;std::__cxx11::basic_string&lt;char, std::char_traits&lt;char&gt;, std::allocator&lt;char&gt; &gt; const, ots::ConfigurationVersion&gt; &gt; &gt;*, ots::ProgressBar*, std::__cxx11::basic_string&lt;char, std::char_traits&lt;char&gt;, std::allocator&lt;char&gt; &gt;*, std::__cxx11::basic_string&lt;char, std::char_traits&lt;char&gt;, std::allocator&lt;char&gt; &gt;*, std::__cxx11::basic_string&lt;char, std::char_traits&lt;char&gt;, std::allocator&lt;char&gt; &gt;*, std::__cxx11::basic_string&lt;char, std::char_traits&lt;char&gt;, std::allocator&lt;char&gt; &gt;*, bool, std::__cxx11::basic_string&lt;char, std::char_traits&lt;char&gt;, std::allocator&lt;char&gt; &gt;*) in /cvmfs/fermilab.opensciencegrid.org/products/artdaq/otsdaq/v2_01_00/slf7.x86_64.e15.s64.prof/lib/libConfigurationInterface.so  4# ots::ConfigurationManagerRW::activateConfigurationGroup(std::__cxx11::basic_string&lt;char, std::char_traits&lt;char&gt;, std::allocator&lt;char&gt; &gt; const&amp;, ots::ConfigurationGroupKey, std::__cxx11::basic_string&lt;char, std::char_traits&lt;char&gt;, std::allocator&lt;char&gt; &gt;*) in /cvmfs/fermilab.opensciencegrid.org/products/artdaq/otsdaq/v2_01_00/slf7.x86_64.e15.s64.prof/lib/libConfigurationInterface.so  5# ots::ConfigurationGUISupervisor::request(std::__cxx11::basic_string&lt;char, std::char_traits&lt;char&gt;, std::allocator&lt;char&gt; &gt; const&amp;, cgicc::Cgicc&amp;, ots::HttpXmlDocument&amp;, ots::WebUsers::RequestUserInfo const&amp;) in //cvmfs/fermilab.opensciencegrid.org/products/artdaq/otsdaq_utilities/v2_01_00/slf7.x86_64.e15.s64.prof/lib/libConfigurationGUI.so  6# ots::CoreSupervisorBase::requestWrapper(xgi::Input*, xgi::Output*) in /cvmfs/fermilab.opensciencegrid.org/products/artdaq/otsdaq/v2_01_00/slf7.x86_64.e15.s64.prof/lib/libCoreSupervisors.so  7# xgi::Method&lt;ots::CoreSupervisorBase&gt;::invoke(xgi::Input*, xgi::Output*) in /cvmfs/fermilab.opensciencegrid.org/products/artdaq/otsdaq/v2_01_00/slf7.x86_64.e15.s64.prof/lib/libCoreSupervisors.so  8# executive::XgiDispatcher::processIncomingMessage(xgi::Input*, xgi::Output*) in //cvmfs/fermilab.opensciencegrid.org/products/artdaq/xdaq/v14_4_0b/Linux64bit+3.10-2.17-e15-prof/lib/libexecutive.so  9# pt::http::ReceiverLoop::onRequest(std::__cxx11::basic_string&lt;char, std::char_traits&lt;char&gt;, std::allocator&lt;char&gt; &gt; const&amp;, std::__cxx11::basic_string&lt;char, std::char_traits&lt;char&gt;, std::allocator&lt;char&gt; &gt; const&amp;) in //cvmfs/fermilab.opensciencegrid.org/products/artdaq/xdaq/v14_4_0b/Linux64bit+3.10-2.17-e15-prof/lib/libpthttp.so 10# pt::http::ReceiverLoop::process(toolbox::task::WorkLoop*) in //cvmfs/fermilab.opensciencegrid.org/products/artdaq/xdaq/v14_4_0b/Linux64bit+3.10-2.17-e15-prof/lib/libpthttp.so 11# toolbox::task::WaitingWorkLoop::process() in /cvmfs/fermilab.opensciencegrid.org/products/artdaq/xdaq/v14_4_0b/Linux64bit+3.10-2.17-e15-prof/lib/libtoolbox.so 12# toolbox::task::WorkLoop::run() in /cvmfs/fermilab.opensciencegrid.org/products/artdaq/xdaq/v14_4_0b/Linux64bit+3.10-2.17-e15-prof/lib/libtoolbox.so 13# toolbox::task::thread_func(void*) in /cvmfs/fermilab.opensciencegrid.org/products/artdaq/xdaq/v14_4_0b/Linux64bit+3.10-2.17-e15-prof/lib/libtoolbox.so 14# 0x00007F73F9F8BDD5 in /lib64/libpthread.so.0 15# clone in /lib64/libc.so.6
%MSG
%MSG-i ConfigurationManagerRW:  Early 15-Feb-2019 10:50:03 CST pre-events
/scratch/workspace/otsdaq-release-build/SLF7/s64-e15-prof/build/otsdaq/v2_01_00/src/otsdaq-core/ConfigurationInterface/ConfigurationManagerRW.cc [348]	Updating persistent active groups to /home/gianipez/ots/srcs/otsdaq_demo/NoGitData/ServiceData/ActiveConfigurationGroups.cfg ...
%MSG
%MSG-i ConfigurationManagerRW:  Early 15-Feb-2019 10:50:03 CST pre-events
/scratch/workspace/otsdaq-release-build/SLF7/s64-e15-prof/build/otsdaq/v2_01_00/src/otsdaq-core/ConfigurationInterface/ConfigurationManagerRW.cc [371]	Active Context: (-1)
%MSG
%MSG-i ConfigurationManagerRW:  Early 15-Feb-2019 10:50:03 CST pre-events
/scratch/workspace/otsdaq-release-build/SLF7/s64-e15-prof/build/otsdaq/v2_01_00/src/otsdaq-core/ConfigurationInterface/ConfigurationManagerRW.cc [373]	Active Backbone: GroupAliasTreeEditWizBackbone(38)
%MSG
%MSG-i ConfigurationManagerRW:  Early 15-Feb-2019 10:50:03 CST pre-events
/scratch/workspace/otsdaq-release-build/SLF7/s64-e15-prof/build/otsdaq/v2_01_00/src/otsdaq-core/ConfigurationInterface/ConfigurationManagerRW.cc [375]	Active Iterate: (-1)
%MSG
%MSG-i ConfigurationManagerRW:  Early 15-Feb-2019 10:50:03 CST pre-events
/scratch/workspace/otsdaq-release-build/SLF7/s64-e15-prof/build/otsdaq/v2_01_00/src/otsdaq-core/ConfigurationInterface/ConfigurationManagerRW.cc [377]	Active Configuration: (-1)
%MSG
%MSG-e ots:  Early 15-Feb-2019 10:50:23 CST pre-events
/scratch/workspace/otsdaq-release-build/SLF7/s64-e15-prof/build/otsdaq/v2_01_00/src/otsdaq-core/CoreSupervisors/CoreSupervisorBase.cc [140]	'activateConfigGroup' ERROR encountered: Error activating config group &apos;TriggerMenu(48).&apos; Please see details below:  :ConfigurationManager:/scratch/workspace/otsdaq-release-build/SLF7/s64-e15-prof/build/otsdaq/v2_01_00/src/otsdaq-core/ConfigurationInterface/ConfigurationManager.cc [1030] Error detected calling TopLevelTriggerConfiguration.init()!   :ConfigurationTree:/scratch/workspace/otsdaq-release-build/SLF7/s64-e15-prof/build/otsdaq/v2_01_00/src/otsdaq-core/ConfigurationInterface/ConfigurationTree.cc [1007]   Error occurred descending from node &apos;tprHelixIPADeM&apos; in table &apos;HelixFilterConfiguration&apos; looking for child &apos;LinkToTrackSeedFilterParameterTable&apos;   --- Additional error detail:   :ConfigurationView:/scratch/workspace/otsdaq-release-build/SLF7/s64-e15-prof/build/otsdaq/v2_01_00/src/otsdaq-core/ConfigurationDataFormats/ConfigurationView.cc [1164]  In view: HELIX_FILTER_CONFIGURATION, Can&apos;t find column named &apos;LinkToTrackSeedFilterParameterTable&apos; Existing columns:  UID  HighLevelPrescaleFactor  LowLevelPrescaleFactor  LinkToTimeClusterFilterParameterTable  LinkToTimeClusterFilterParameterGroupID  LinkToHelixFilterParameterTable  LinkToHelixFilterParameterGroupID  CommentDescription  Author  RecordInsertionTime   0# ots::ConfigurationTree::getNode(std::__cxx11::basic_string&lt;char, std::char_traits&lt;char&gt;, std::allocator&lt;char&gt; &gt; const&amp;, bool) const in /cvmfs/fermilab.opensciencegrid.org/products/artdaq/otsdaq/v2_01_00/slf7.x86_64.e15.s64.prof/lib/libConfigurationInterface.so  1# ots::TopLevelTriggerConfiguration::createTrackingFiltersEpilog(std::basic_ofstream&lt;char, std::char_traits&lt;char&gt; &gt;&amp;, char*, std::__cxx11::basic_string&lt;char, std::char_traits&lt;char&gt;, std::allocator&lt;char&gt; &gt;&amp;, ots::ConfigurationTree) in /home/gianipez/ots/build_slf7.x86_64/otsdaq_demo/lib/libotsdaq-demo_ConfigurationPluginDataFormats_TopLevelTriggerConfiguration_configuration.so  2# ots::TopLevelTriggerConfiguration::init(ots::ConfigurationManager*) in /home/gianipez/ots/build_slf7.x86_64/otsdaq_demo/lib/libotsdaq-demo_ConfigurationPluginDataFormats_TopLevelTriggerConfiguration_configuration.so  3# ots::ConfigurationManager::loadConfigurationGroup(std::__cxx11::basic_string&lt;char, std::char_traits&lt;char&gt;, std::allocator&lt;char&gt; &gt; const&amp;, ots::ConfigurationGroupKey, bool, std::map&lt;std::__cxx11::basic_string&lt;char, std::char_traits&lt;char&gt;, std::allocator&lt;char&gt; &gt;, ots::ConfigurationVersion, std::less&lt;std::__cxx11::basic_string&lt;char, std::char_traits&lt;char&gt;, std::allocator&lt;char&gt; &gt; &gt;, std::allocator&lt;std::pair&lt;std::__cxx11::basic_string&lt;char, std::char_traits&lt;char&gt;, std::allocator&lt;char&gt; &gt; const, ots::ConfigurationVersion&gt; &gt; &gt;*, ots::ProgressBar*, std::__cxx11::basic_string&lt;char, std::char_traits&lt;char&gt;, std::allocator&lt;char&gt; &gt;*, std::__cxx11::basic_string&lt;char, std::char_traits&lt;char&gt;, std::allocator&lt;char&gt; &gt;*, std::__cxx11::basic_string&lt;char, std::char_traits&lt;char&gt;, std::allocator&lt;char&gt; &gt;*, std::__cxx11::basic_string&lt;char, std::char_traits&lt;char&gt;, std::allocator&lt;char&gt; &gt;*, bool, std::__cxx11::basic_string&lt;char, std::char_traits&lt;char&gt;, std::allocator&lt;char&gt; &gt;*) in /cvmfs/fermilab.opensciencegrid.org/products/artdaq/otsdaq/v2_01_00/slf7.x86_64.e15.s64.prof/lib/libConfigurationInterface.so  4# ots::ConfigurationManagerRW::activateConfigurationGroup(std::__cxx11::basic_string&lt;char, std::char_traits&lt;char&gt;, std::allocator&lt;char&gt; &gt; const&amp;, ots::ConfigurationGroupKey, std::__cxx11::basic_string&lt;char, std::char_traits&lt;char&gt;, std::allocator&lt;char&gt; &gt;*) in /cvmfs/fermilab.opensciencegrid.org/products/artdaq/otsdaq/v2_01_00/slf7.x86_64.e15.s64.prof/lib/libConfigurationInterface.so  5# ots::ConfigurationGUISupervisor::request(std::__cxx11::basic_string&lt;char, std::char_traits&lt;char&gt;, std::allocator&lt;char&gt; &gt; const&amp;, cgicc::Cgicc&amp;, ots::HttpXmlDocument&amp;, ots::WebUsers::RequestUserInfo const&amp;) in //cvmfs/fermilab.opensciencegrid.org/products/artdaq/otsdaq_utilities/v2_01_00/slf7.x86_64.e15.s64.prof/lib/libConfigurationGUI.so  6# ots::CoreSupervisorBase::requestWrapper(xgi::Input*, xgi::Output*) in /cvmfs/fermilab.opensciencegrid.org/products/artdaq/otsdaq/v2_01_00/slf7.x86_64.e15.s64.prof/lib/libCoreSupervisors.so  7# xgi::Method&lt;ots::CoreSupervisorBase&gt;::invoke(xgi::Input*, xgi::Output*) in /cvmfs/fermilab.opensciencegrid.org/products/artdaq/otsdaq/v2_01_00/slf7.x86_64.e15.s64.prof/lib/libCoreSupervisors.so  8# executive::XgiDispatcher::processIncomingMessage(xgi::Input*, xgi::Output*) in //cvmfs/fermilab.opensciencegrid.org/products/artdaq/xdaq/v14_4_0b/Linux64bit+3.10-2.17-e15-prof/lib/libexecutive.so  9# pt::http::ReceiverLoop::onRequest(std::__cxx11::basic_string&lt;char, std::char_traits&lt;char&gt;, std::allocator&lt;char&gt; &gt; const&amp;, std::__cxx11::basic_string&lt;char, std::char_traits&lt;char&gt;, std::allocator&lt;char&gt; &gt; const&amp;) in //cvmfs/fermilab.opensciencegrid.org/products/artdaq/xdaq/v14_4_0b/Linux64bit+3.10-2.17-e15-prof/lib/libpthttp.so 10# pt::http::ReceiverLoop::process(toolbox::task::WorkLoop*) in //cvmfs/fermilab.opensciencegrid.org/products/artdaq/xdaq/v14_4_0b/Linux64bit+3.10-2.17-e15-prof/lib/libpthttp.so 11# toolbox::task::WaitingWorkLoop::process() in /cvmfs/fermilab.opensciencegrid.org/products/artdaq/xdaq/v14_4_0b/Linux64bit+3.10-2.17-e15-prof/lib/libtoolbox.so 12# toolbox::task::WorkLoop::run() in /cvmfs/fermilab.opensciencegrid.org/products/artdaq/xdaq/v14_4_0b/Linux64bit+3.10-2.17-e15-prof/lib/libtoolbox.so 13# toolbox::task::thread_func(void*) in /cvmfs/fermilab.opensciencegrid.org/products/artdaq/xdaq/v14_4_0b/Linux64bit+3.10-2.17-e15-prof/lib/libtoolbox.so 14# 0x00007F73F9F8BDD5 in /lib64/libpthread.so.0 15# clone in /lib64/libc.so.6
%MSG
%MSG-i ConfigurationManagerRW:  Early 15-Feb-2019 10:50:23 CST pre-events
/scratch/workspace/otsdaq-release-build/SLF7/s64-e15-prof/build/otsdaq/v2_01_00/src/otsdaq-core/ConfigurationInterface/ConfigurationManagerRW.cc [348]	Updating persistent active groups to /home/gianipez/ots/srcs/otsdaq_demo/NoGitData/ServiceData/ActiveConfigurationGroups.cfg ...
%MSG
%MSG-i ConfigurationManagerRW:  Early 15-Feb-2019 10:50:23 CST pre-events
/scratch/workspace/otsdaq-release-build/SLF7/s64-e15-prof/build/otsdaq/v2_01_00/src/otsdaq-core/ConfigurationInterface/ConfigurationManagerRW.cc [371]	Active Context: (-1)
%MSG
%MSG-i ConfigurationManagerRW:  Early 15-Feb-2019 10:50:23 CST pre-events
/scratch/workspace/otsdaq-release-build/SLF7/s64-e15-prof/build/otsdaq/v2_01_00/src/otsdaq-core/ConfigurationInterface/ConfigurationManagerRW.cc [373]	Active Backbone: TableEditWizBackbone(20)
%MSG
%MSG-i ConfigurationManagerRW:  Early 15-Feb-2019 10:50:23 CST pre-events
/scratch/workspace/otsdaq-release-build/SLF7/s64-e15-prof/build/otsdaq/v2_01_00/src/otsdaq-core/ConfigurationInterface/ConfigurationManagerRW.cc [375]	Active Iterate: (-1)
%MSG
%MSG-i ConfigurationManagerRW:  Early 15-Feb-2019 10:50:23 CST pre-events
/scratch/workspace/otsdaq-release-build/SLF7/s64-e15-prof/build/otsdaq/v2_01_00/src/otsdaq-core/ConfigurationInterface/ConfigurationManagerRW.cc [377]	Active Configuration: (-1)
%MSG
