%MSG-i configureMessageFacility:  CorePropertySupervisorBase  23-Jan-2019 11:31:12 CST pre-events configureMessageFacility.cc:300
Message Facility Application CorePropertySupervisorBase configured with: debugModules:["*"] destinations:{file:{append:false directory:"/home/gianipez/ots/srcs/otsdaq_demo/NoGitData/Logs/CorePropertySupervisorBase" pattern:"CorePropertySupervisorBase-%?H%t-%p.log" seperator:"-" threshold:"DEBUG" timestamp_pattern:"%Y%m%d%H%M%S" type:"GenFile"} udp:{host:"127.0.0.1" port:30000 threshold:"DEBUG" type:"UDP"}}
%MSG
%MSG-i configureMessageFacility:  RunControlStateMachine  23-Jan-2019 11:31:12 CST pre-events configureMessageFacility.cc:300
Message Facility Application RunControlStateMachine configured with: debugModules:["*"] destinations:{file:{append:false directory:"/home/gianipez/ots/srcs/otsdaq_demo/NoGitData/Logs/RunControlStateMachine" pattern:"RunControlStateMachine-%?H%t-%p.log" seperator:"-" threshold:"DEBUG" timestamp_pattern:"%Y%m%d%H%M%S" type:"GenFile"} udp:{host:"127.0.0.1" port:30000 threshold:"DEBUG" type:"UDP"}}
%MSG
%MSG-i configureMessageFacility:  CoreSupervisorBase 23-Jan-2019 11:31:12 CST  pre-events configureMessageFacility.cc:300
Message Facility Application CoreSupervisorBase configured with: debugModules:["*"] destinations:{file:{append:false directory:"/home/gianipez/ots/srcs/otsdaq_demo/NoGitData/Logs/CoreSupervisorBase" pattern:"CoreSupervisorBase-%?H%t-%p.log" seperator:"-" threshold:"DEBUG" timestamp_pattern:"%Y%m%d%H%M%S" type:"GenFile"} udp:{host:"127.0.0.1" port:30000 threshold:"DEBUG" type:"UDP"}}
%MSG
%MSG-i configureMessageFacility:  ConfigurationGUI 23-Jan-2019 11:31:12 CST  pre-events configureMessageFacility.cc:300
Message Facility Application ConfigurationGUI configured with: debugModules:["*"] destinations:{file:{append:false directory:"/home/gianipez/ots/srcs/otsdaq_demo/NoGitData/Logs/ConfigurationGUI" pattern:"ConfigurationGUI-%?H%t-%p.log" seperator:"-" threshold:"DEBUG" timestamp_pattern:"%Y%m%d%H%M%S" type:"GenFile"} udp:{host:"127.0.0.1" port:30000 threshold:"DEBUG" type:"UDP"}}
%MSG
%MSG-i configureMessageFacility:  OtsConfigurationWizard  23-Jan-2019 11:31:12 CST pre-events configureMessageFacility.cc:300
Message Facility Application OtsConfigurationWizard configured with: debugModules:["*"] destinations:{file:{append:false directory:"/home/gianipez/ots/srcs/otsdaq_demo/NoGitData/Logs/OtsConfigurationWizard" pattern:"OtsConfigurationWizard-%?H%t-%p.log" seperator:"-" threshold:"DEBUG" timestamp_pattern:"%Y%m%d%H%M%S" type:"GenFile"} udp:{host:"127.0.0.1" port:30000 threshold:"DEBUG" type:"UDP"}}
%MSG
%MSG-i configureMessageFacility:  CorePropertySupervisorBase  23-Jan-2019 11:31:12 CST pre-events configureMessageFacility.cc:300
Message Facility Application CorePropertySupervisorBase configured with: debugModules:["*"] destinations:{file:{append:false directory:"/home/gianipez/ots/srcs/otsdaq_demo/NoGitData/Logs/CorePropertySupervisorBase" pattern:"CorePropertySupervisorBase-%?H%t-%p.log" seperator:"-" threshold:"DEBUG" timestamp_pattern:"%Y%m%d%H%M%S" type:"GenFile"} udp:{host:"127.0.0.1" port:30000 threshold:"DEBUG" type:"UDP"}}
%MSG
%MSG-i configureMessageFacility:  RunControlStateMachine  23-Jan-2019 11:31:12 CST pre-events configureMessageFacility.cc:300
Message Facility Application RunControlStateMachine configured with: debugModules:["*"] destinations:{file:{append:false directory:"/home/gianipez/ots/srcs/otsdaq_demo/NoGitData/Logs/RunControlStateMachine" pattern:"RunControlStateMachine-%?H%t-%p.log" seperator:"-" threshold:"DEBUG" timestamp_pattern:"%Y%m%d%H%M%S" type:"GenFile"} udp:{host:"127.0.0.1" port:30000 threshold:"DEBUG" type:"UDP"}}
%MSG
%MSG-i configureMessageFacility:  CoreSupervisorBase 23-Jan-2019 11:31:12 CST  pre-events configureMessageFacility.cc:300
Message Facility Application CoreSupervisorBase configured with: debugModules:["*"] destinations:{file:{append:false directory:"/home/gianipez/ots/srcs/otsdaq_demo/NoGitData/Logs/CoreSupervisorBase" pattern:"CoreSupervisorBase-%?H%t-%p.log" seperator:"-" threshold:"DEBUG" timestamp_pattern:"%Y%m%d%H%M%S" type:"GenFile"} udp:{host:"127.0.0.1" port:30000 threshold:"DEBUG" type:"UDP"}}
%MSG
%MSG-i configureMessageFacility:  ConsoleSupervisor 23-Jan-2019 11:31:12 CST  pre-events configureMessageFacility.cc:300
Message Facility Application ConsoleSupervisor configured with: debugModules:["*"] destinations:{file:{append:false directory:"/home/gianipez/ots/srcs/otsdaq_demo/NoGitData/Logs/ConsoleSupervisor" pattern:"ConsoleSupervisor-%?H%t-%p.log" seperator:"-" threshold:"DEBUG" timestamp_pattern:"%Y%m%d%H%M%S" type:"GenFile"} udp:{host:"127.0.0.1" port:30000 threshold:"DEBUG" type:"UDP"}}
%MSG
%MSG-d Console:  Early 23-Jan-2019 11:31:14 CST pre-events
Console is alive and waiting... (if no messages, next heartbeat is in approximately two minutes)
%MSG
%MSG-d Console:  Early 23-Jan-2019 11:31:15 CST pre-events
/scratch/workspace/otsdaq-release-build/SLF7/s64-e15-prof/build/otsdaq_utilities/v2_01_00/src/otsdaq-utilities/Console/ConsoleSupervisor.cc [157]	DEBUG messages look like this.
%MSG
%MSG-i Console:  Early 23-Jan-2019 11:31:15 CST pre-events
/scratch/workspace/otsdaq-release-build/SLF7/s64-e15-prof/build/otsdaq_utilities/v2_01_00/src/otsdaq-utilities/Console/ConsoleSupervisor.cc [158]	INFO messages look like this.
%MSG
%MSG-w Console:  Early 23-Jan-2019 11:31:15 CST pre-events
/scratch/workspace/otsdaq-release-build/SLF7/s64-e15-prof/build/otsdaq_utilities/v2_01_00/src/otsdaq-utilities/Console/ConsoleSupervisor.cc [159]	WARNING messages look like this.
%MSG
%MSG-e Console:  Early 23-Jan-2019 11:31:15 CST pre-events
/scratch/workspace/otsdaq-release-build/SLF7/s64-e15-prof/build/otsdaq_utilities/v2_01_00/src/otsdaq-utilities/Console/ConsoleSupervisor.cc [160]	ERROR messages look like this.
%MSG
%MSG-e ots:  Early 23-Jan-2019 11:31:39 CST pre-events
/scratch/workspace/otsdaq-release-build/SLF7/s64-e15-prof/build/otsdaq/v2_01_00/src/otsdaq-core/CoreSupervisors/CoreSupervisorBase.cc [140]	'getGroupAliases' ERROR encountered: :CfgGUI-ConfigurationGUISupervisor:/scratch/workspace/otsdaq-release-build/SLF7/s64-e15-prof/build/otsdaq_utilities/v2_01_00/src/otsdaq-utilities/ConfigurationGUI/ConfigurationGUISupervisor.cc [5549]  Active version of GroupAliasesConfiguration missing! GroupAliasesConfiguration is a required member of the Backbone configuration group.  Likely you need to activate a valid Backbone group.
%MSG
%MSG-e ots:  Early 23-Jan-2019 11:32:00 CST pre-events
/scratch/workspace/otsdaq-release-build/SLF7/s64-e15-prof/build/otsdaq/v2_01_00/src/otsdaq-core/CoreSupervisors/CoreSupervisorBase.cc [140]	'saveNewConfigurationGroup' ERROR encountered: :CfgGUI-ConfigurationGUISupervisor:/scratch/workspace/otsdaq-release-build/SLF7/s64-e15-prof/build/otsdaq_utilities/v2_01_00/src/otsdaq-utilities/ConfigurationGUI/ConfigurationGUISupervisor.cc [4714]   There were errors found in loading a member table TrackSeedFilterConfiguration:v1. Please see the details below:  The source column size was found to be 11, and the current number of columns for this table is 11. This resulted in a count of 4 source column mismatches, and a count of 5 table entries missing in 2 row(s) of data.   Source column names were as follows:   a. AUTHOR  b. COMMENT_DESCRIPTION  c. FILTER2CONFIGURATION  d. FILTER3CONFIGURATION  e. LINK_TO_PRESCALE_FACTORS  f. RECORD_INSERTION_TIME  g. TIMING_CLUSTER_FILTER_CONFIGURATION  h. UID   Current table column names are as follows:   a. AUTHOR  b. COMMENT_DESCRIPTION  c. FILTER2CONFIGURATION  d. FILTER2CONFIGURATION_PARAMETER_GROUP_ID  e. FILTER3CONFIGURATION  f. HIGH_LEVEL_PRESCALE_FACTOR  g. LINK_TO_TIMING_CLUSTER_FILTER_PARAMETER_GROUP_ID  h. LINK_TO_TIMING_CLUSTER_FILTER_PARAMETER_TABLE  i. LOW_LEVEL_PRESCALE_FACTOR  j. RECORD_INSERTION_TIME  k. UID
%MSG
%MSG-e ots:  Early 23-Jan-2019 11:32:45 CST pre-events
/scratch/workspace/otsdaq-release-build/SLF7/s64-e15-prof/build/otsdaq/v2_01_00/src/otsdaq-core/CoreSupervisors/CoreSupervisorBase.cc [140]	'getGroupAliases' ERROR encountered: :CfgGUI-ConfigurationGUISupervisor:/scratch/workspace/otsdaq-release-build/SLF7/s64-e15-prof/build/otsdaq_utilities/v2_01_00/src/otsdaq-utilities/ConfigurationGUI/ConfigurationGUISupervisor.cc [5549]  Active version of GroupAliasesConfiguration missing! GroupAliasesConfiguration is a required member of the Backbone configuration group.  Likely you need to activate a valid Backbone group.
%MSG
%MSG-i ConfigurationManagerRW:  Early 23-Jan-2019 11:32:52 CST pre-events
/scratch/workspace/otsdaq-release-build/SLF7/s64-e15-prof/build/otsdaq/v2_01_00/src/otsdaq-core/ConfigurationInterface/ConfigurationManagerRW.cc [348]	Updating persistent active groups to /home/gianipez/ots/srcs/otsdaq_demo/NoGitData/ServiceData/ActiveConfigurationGroups.cfg ...
%MSG
%MSG-i ConfigurationManagerRW:  Early 23-Jan-2019 11:32:52 CST pre-events
/scratch/workspace/otsdaq-release-build/SLF7/s64-e15-prof/build/otsdaq/v2_01_00/src/otsdaq-core/ConfigurationInterface/ConfigurationManagerRW.cc [371]	Active Context: (-1)
%MSG
%MSG-i ConfigurationManagerRW:  Early 23-Jan-2019 11:32:52 CST pre-events
/scratch/workspace/otsdaq-release-build/SLF7/s64-e15-prof/build/otsdaq/v2_01_00/src/otsdaq-core/ConfigurationInterface/ConfigurationManagerRW.cc [373]	Active Backbone: DefaultBackbone(0)
%MSG
%MSG-i ConfigurationManagerRW:  Early 23-Jan-2019 11:32:52 CST pre-events
/scratch/workspace/otsdaq-release-build/SLF7/s64-e15-prof/build/otsdaq/v2_01_00/src/otsdaq-core/ConfigurationInterface/ConfigurationManagerRW.cc [375]	Active Iterate: (-1)
%MSG
%MSG-i ConfigurationManagerRW:  Early 23-Jan-2019 11:32:52 CST pre-events
/scratch/workspace/otsdaq-release-build/SLF7/s64-e15-prof/build/otsdaq/v2_01_00/src/otsdaq-core/ConfigurationInterface/ConfigurationManagerRW.cc [377]	Active Configuration: (-1)
%MSG
%MSG-e ots:  Early 23-Jan-2019 11:33:09 CST pre-events
/scratch/workspace/otsdaq-release-build/SLF7/s64-e15-prof/build/otsdaq/v2_01_00/src/otsdaq-core/CoreSupervisors/CoreSupervisorBase.cc [140]	'getSpecificConfigurationGroup' ERROR encountered: :CfgGUI-ConfigurationGUISupervisor:/scratch/workspace/otsdaq-release-build/SLF7/s64-e15-prof/build/otsdaq_utilities/v2_01_00/src/otsdaq-utilities/ConfigurationGUI/ConfigurationGUISupervisor.cc [3749] Configuration group &quot;TriggerMenu(5)&quot; members can not be loaded!  :ConfigurationView:/scratch/workspace/otsdaq-release-build/SLF7/s64-e15-prof/build/otsdaq/v2_01_00/src/otsdaq-core/ConfigurationDataFormats/ConfigurationView.cc [386] Configuration Error: &apos;DEFAULT&apos; in column Filter2Configuration is not a valid Fixed Choice option. Possible values are as follows: ParameterConfiguration.
%MSG
%MSG-e ots:  Early 23-Jan-2019 11:33:09 CST pre-events
/scratch/workspace/otsdaq-release-build/SLF7/s64-e15-prof/build/otsdaq/v2_01_00/src/otsdaq-core/CoreSupervisors/CoreSupervisorBase.cc [140]	'getSpecificConfigurationGroup' ERROR encountered: :CfgGUI-ConfigurationGUISupervisor:/scratch/workspace/otsdaq-release-build/SLF7/s64-e15-prof/build/otsdaq_utilities/v2_01_00/src/otsdaq-utilities/ConfigurationGUI/ConfigurationGUISupervisor.cc [3849] Error!  :ConfigurationBase:/scratch/workspace/otsdaq-release-build/SLF7/s64-e15-prof/build/otsdaq/v2_01_00/src/otsdaq-core/ConfigurationDataFormats/ConfigurationBase.cc [439] activeConfigurationView_ pointer is null! (...likely the active view was not setup properly. Check your system setup.)
%MSG
%MSG-e ots:  Early 23-Jan-2019 11:33:53 CST pre-events
/scratch/workspace/otsdaq-release-build/SLF7/s64-e15-prof/build/otsdaq/v2_01_00/src/otsdaq-core/CoreSupervisors/CoreSupervisorBase.cc [140]	'saveSpecificConfiguration' ERROR encountered: Error saving new view!  :ConfigurationView:/scratch/workspace/otsdaq-release-build/SLF7/s64-e15-prof/build/otsdaq/v2_01_00/src/otsdaq-core/ConfigurationDataFormats/ConfigurationView.cc [386] Configuration Error: &apos;DEFAULT&apos; in column Filter2Configuration is not a valid Fixed Choice option. Possible values are as follows: ParameterConfiguration.
%MSG
%MSG-e ots:  Early 23-Jan-2019 11:34:53 CST pre-events
/scratch/workspace/otsdaq-release-build/SLF7/s64-e15-prof/build/otsdaq/v2_01_00/src/otsdaq-core/CoreSupervisors/CoreSupervisorBase.cc [140]	'getTreeView' ERROR encountered: :CfgGUI-ConfigurationGUISupervisor:/scratch/workspace/otsdaq-release-build/SLF7/s64-e15-prof/build/otsdaq_utilities/v2_01_00/src/otsdaq-utilities/ConfigurationGUI/ConfigurationGUISupervisor.cc [1315] Error setting up active tables!  :ConfigurationView:/scratch/workspace/otsdaq-release-build/SLF7/s64-e15-prof/build/otsdaq/v2_01_00/src/otsdaq-core/ConfigurationDataFormats/ConfigurationView.cc [386] Configuration Error: &apos;DEFAULT&apos; in column Filter2Configuration is not a valid Fixed Choice option. Possible values are as follows: ParameterConfiguration.
%MSG
%MSG-e ots:  Early 23-Jan-2019 11:34:53 CST pre-events
/scratch/workspace/otsdaq-release-build/SLF7/s64-e15-prof/build/otsdaq/v2_01_00/src/otsdaq-core/CoreSupervisors/CoreSupervisorBase.cc [140]	'getTreeView' ERROR encountered: :CfgGUI-ConfigurationGUISupervisor:/scratch/workspace/otsdaq-release-build/SLF7/s64-e15-prof/build/otsdaq_utilities/v2_01_00/src/otsdaq-utilities/ConfigurationGUI/ConfigurationGUISupervisor.cc [2367] Error detected generating XML tree!   :ConfigurationManager:/scratch/workspace/otsdaq-release-build/SLF7/s64-e15-prof/build/otsdaq/v2_01_00/src/otsdaq-core/ConfigurationInterface/ConfigurationManager.cc [1314] Get Children with member map requires a child &apos;TriggerPathConfiguration&apos; that is not active!
%MSG
%MSG-i ConfigurationManagerRW:  Early 23-Jan-2019 11:35:26 CST pre-events
/scratch/workspace/otsdaq-release-build/SLF7/s64-e15-prof/build/otsdaq/v2_01_00/src/otsdaq-core/ConfigurationInterface/ConfigurationManagerRW.cc [348]	Updating persistent active groups to /home/gianipez/ots/srcs/otsdaq_demo/NoGitData/ServiceData/ActiveConfigurationGroups.cfg ...
%MSG
%MSG-i ConfigurationManagerRW:  Early 23-Jan-2019 11:35:26 CST pre-events
/scratch/workspace/otsdaq-release-build/SLF7/s64-e15-prof/build/otsdaq/v2_01_00/src/otsdaq-core/ConfigurationInterface/ConfigurationManagerRW.cc [371]	Active Context: (-1)
%MSG
%MSG-i ConfigurationManagerRW:  Early 23-Jan-2019 11:35:26 CST pre-events
/scratch/workspace/otsdaq-release-build/SLF7/s64-e15-prof/build/otsdaq/v2_01_00/src/otsdaq-core/ConfigurationInterface/ConfigurationManagerRW.cc [373]	Active Backbone: DefaultBackbone(0)
%MSG
%MSG-i ConfigurationManagerRW:  Early 23-Jan-2019 11:35:26 CST pre-events
/scratch/workspace/otsdaq-release-build/SLF7/s64-e15-prof/build/otsdaq/v2_01_00/src/otsdaq-core/ConfigurationInterface/ConfigurationManagerRW.cc [375]	Active Iterate: (-1)
%MSG
%MSG-i ConfigurationManagerRW:  Early 23-Jan-2019 11:35:26 CST pre-events
/scratch/workspace/otsdaq-release-build/SLF7/s64-e15-prof/build/otsdaq/v2_01_00/src/otsdaq-core/ConfigurationInterface/ConfigurationManagerRW.cc [377]	Active Configuration: TriggerMenu(6)
%MSG
%MSG-i ConfigurationManagerRW:  Early 23-Jan-2019 11:35:27 CST pre-events
/scratch/workspace/otsdaq-release-build/SLF7/s64-e15-prof/build/otsdaq/v2_01_00/src/otsdaq-core/ConfigurationInterface/ConfigurationManagerRW.cc [348]	Updating persistent active groups to /home/gianipez/ots/srcs/otsdaq_demo/NoGitData/ServiceData/ActiveConfigurationGroups.cfg ...
%MSG
%MSG-i ConfigurationManagerRW:  Early 23-Jan-2019 11:35:27 CST pre-events
/scratch/workspace/otsdaq-release-build/SLF7/s64-e15-prof/build/otsdaq/v2_01_00/src/otsdaq-core/ConfigurationInterface/ConfigurationManagerRW.cc [371]	Active Context: (-1)
%MSG
%MSG-i ConfigurationManagerRW:  Early 23-Jan-2019 11:35:27 CST pre-events
/scratch/workspace/otsdaq-release-build/SLF7/s64-e15-prof/build/otsdaq/v2_01_00/src/otsdaq-core/ConfigurationInterface/ConfigurationManagerRW.cc [373]	Active Backbone: TableEditWizBackbone(6)
%MSG
%MSG-i ConfigurationManagerRW:  Early 23-Jan-2019 11:35:27 CST pre-events
/scratch/workspace/otsdaq-release-build/SLF7/s64-e15-prof/build/otsdaq/v2_01_00/src/otsdaq-core/ConfigurationInterface/ConfigurationManagerRW.cc [375]	Active Iterate: (-1)
%MSG
%MSG-i ConfigurationManagerRW:  Early 23-Jan-2019 11:35:27 CST pre-events
/scratch/workspace/otsdaq-release-build/SLF7/s64-e15-prof/build/otsdaq/v2_01_00/src/otsdaq-core/ConfigurationInterface/ConfigurationManagerRW.cc [377]	Active Configuration: TriggerMenu(6)
%MSG
%MSG-d Console:  Early 23-Jan-2019 11:37:28 CST pre-events
Console is alive and waiting... (if no messages, next heartbeat is in approximately two minutes)
%MSG
%MSG-e ots:  Early 23-Jan-2019 11:37:37 CST pre-events
/scratch/workspace/otsdaq-release-build/SLF7/s64-e15-prof/build/otsdaq/v2_01_00/src/otsdaq-core/CoreSupervisors/CoreSupervisorBase.cc [140]	'saveConfigurationInfo' ERROR encountered: File already exists! (&apos;/home/gianipez/ots/srcs/otsdaq_demo/NoGitData/ConfigurationInfo/TrackSeedFilterConfigurationInfo.xml&apos;)
%MSG
%MSG-e ots:  Early 23-Jan-2019 11:38:17 CST pre-events
/scratch/workspace/otsdaq-release-build/SLF7/s64-e15-prof/build/otsdaq/v2_01_00/src/otsdaq-core/CoreSupervisors/CoreSupervisorBase.cc [140]	'saveTreeNodeEdit' ERROR encountered: :CfgGUI-ConfigurationGUISupervisor:/scratch/workspace/otsdaq-release-build/SLF7/s64-e15-prof/build/otsdaq_utilities/v2_01_00/src/otsdaq-utilities/ConfigurationGUI/ConfigurationGUISupervisor.cc [3615] Error saving tree node! :ConfigurationView:/scratch/workspace/otsdaq-release-build/SLF7/s64-e15-prof/build/otsdaq/v2_01_00/src/otsdaq-core/ConfigurationDataFormats/ConfigurationView.cc [2353]  In configuration TRACK_SEED_FILTER_CONFIGURATION at column=HighLevelPrescaleFactor the value set (true) is not a number! Please fix it or change the column type...
%MSG
%MSG-d Console:  Early 23-Jan-2019 11:40:18 CST pre-events
Console is alive and waiting... (if no messages, next heartbeat is in approximately two minutes)
%MSG
%MSG-e ots:  Early 23-Jan-2019 11:42:03 CST pre-events
/scratch/workspace/otsdaq-release-build/SLF7/s64-e15-prof/build/otsdaq/v2_01_00/src/otsdaq-core/CoreSupervisors/CoreSupervisorBase.cc [140]	'saveConfigurationInfo' ERROR encountered: File already exists! (&apos;/home/gianipez/ots/srcs/otsdaq_demo/NoGitData/ConfigurationInfo/ParameterConfigurationInfo.xml&apos;)
%MSG
%MSG-i ConfigurationManagerRW:  Early 23-Jan-2019 11:43:03 CST pre-events
/scratch/workspace/otsdaq-release-build/SLF7/s64-e15-prof/build/otsdaq/v2_01_00/src/otsdaq-core/ConfigurationInterface/ConfigurationManagerRW.cc [348]	Updating persistent active groups to /home/gianipez/ots/srcs/otsdaq_demo/NoGitData/ServiceData/ActiveConfigurationGroups.cfg ...
%MSG
%MSG-i ConfigurationManagerRW:  Early 23-Jan-2019 11:43:03 CST pre-events
/scratch/workspace/otsdaq-release-build/SLF7/s64-e15-prof/build/otsdaq/v2_01_00/src/otsdaq-core/ConfigurationInterface/ConfigurationManagerRW.cc [371]	Active Context: (-1)
%MSG
%MSG-i ConfigurationManagerRW:  Early 23-Jan-2019 11:43:03 CST pre-events
/scratch/workspace/otsdaq-release-build/SLF7/s64-e15-prof/build/otsdaq/v2_01_00/src/otsdaq-core/ConfigurationInterface/ConfigurationManagerRW.cc [373]	Active Backbone: TableEditWizBackbone(6)
%MSG
%MSG-i ConfigurationManagerRW:  Early 23-Jan-2019 11:43:03 CST pre-events
/scratch/workspace/otsdaq-release-build/SLF7/s64-e15-prof/build/otsdaq/v2_01_00/src/otsdaq-core/ConfigurationInterface/ConfigurationManagerRW.cc [375]	Active Iterate: (-1)
%MSG
%MSG-i ConfigurationManagerRW:  Early 23-Jan-2019 11:43:03 CST pre-events
/scratch/workspace/otsdaq-release-build/SLF7/s64-e15-prof/build/otsdaq/v2_01_00/src/otsdaq-core/ConfigurationInterface/ConfigurationManagerRW.cc [377]	Active Configuration: TriggerMenu(7)
%MSG
%MSG-i ConfigurationManagerRW:  Early 23-Jan-2019 11:43:03 CST pre-events
/scratch/workspace/otsdaq-release-build/SLF7/s64-e15-prof/build/otsdaq/v2_01_00/src/otsdaq-core/ConfigurationInterface/ConfigurationManagerRW.cc [348]	Updating persistent active groups to /home/gianipez/ots/srcs/otsdaq_demo/NoGitData/ServiceData/ActiveConfigurationGroups.cfg ...
%MSG
%MSG-i ConfigurationManagerRW:  Early 23-Jan-2019 11:43:03 CST pre-events
/scratch/workspace/otsdaq-release-build/SLF7/s64-e15-prof/build/otsdaq/v2_01_00/src/otsdaq-core/ConfigurationInterface/ConfigurationManagerRW.cc [371]	Active Context: (-1)
%MSG
%MSG-i ConfigurationManagerRW:  Early 23-Jan-2019 11:43:03 CST pre-events
/scratch/workspace/otsdaq-release-build/SLF7/s64-e15-prof/build/otsdaq/v2_01_00/src/otsdaq-core/ConfigurationInterface/ConfigurationManagerRW.cc [373]	Active Backbone: GroupAliasTreeEditWizBackbone(3)
%MSG
%MSG-i ConfigurationManagerRW:  Early 23-Jan-2019 11:43:03 CST pre-events
/scratch/workspace/otsdaq-release-build/SLF7/s64-e15-prof/build/otsdaq/v2_01_00/src/otsdaq-core/ConfigurationInterface/ConfigurationManagerRW.cc [375]	Active Iterate: (-1)
%MSG
%MSG-i ConfigurationManagerRW:  Early 23-Jan-2019 11:43:03 CST pre-events
/scratch/workspace/otsdaq-release-build/SLF7/s64-e15-prof/build/otsdaq/v2_01_00/src/otsdaq-core/ConfigurationInterface/ConfigurationManagerRW.cc [377]	Active Configuration: TriggerMenu(7)
%MSG
%MSG-d Console:  Early 23-Jan-2019 11:45:04 CST pre-events
Console is alive and waiting... (if no messages, next heartbeat is in approximately two minutes)
%MSG
%MSG-d Console:  Early 23-Jan-2019 11:47:05 CST pre-events
Console is alive and waiting... (if no messages, next heartbeat is in approximately two minutes)
%MSG
%MSG-i ConfigurationManagerRW:  Early 23-Jan-2019 11:47:49 CST pre-events
/scratch/workspace/otsdaq-release-build/SLF7/s64-e15-prof/build/otsdaq/v2_01_00/src/otsdaq-core/ConfigurationInterface/ConfigurationManagerRW.cc [348]	Updating persistent active groups to /home/gianipez/ots/srcs/otsdaq_demo/NoGitData/ServiceData/ActiveConfigurationGroups.cfg ...
%MSG
%MSG-i ConfigurationManagerRW:  Early 23-Jan-2019 11:47:49 CST pre-events
/scratch/workspace/otsdaq-release-build/SLF7/s64-e15-prof/build/otsdaq/v2_01_00/src/otsdaq-core/ConfigurationInterface/ConfigurationManagerRW.cc [371]	Active Context: (-1)
%MSG
%MSG-i ConfigurationManagerRW:  Early 23-Jan-2019 11:47:49 CST pre-events
/scratch/workspace/otsdaq-release-build/SLF7/s64-e15-prof/build/otsdaq/v2_01_00/src/otsdaq-core/ConfigurationInterface/ConfigurationManagerRW.cc [373]	Active Backbone: GroupAliasTreeEditWizBackbone(3)
%MSG
%MSG-i ConfigurationManagerRW:  Early 23-Jan-2019 11:47:49 CST pre-events
/scratch/workspace/otsdaq-release-build/SLF7/s64-e15-prof/build/otsdaq/v2_01_00/src/otsdaq-core/ConfigurationInterface/ConfigurationManagerRW.cc [375]	Active Iterate: (-1)
%MSG
%MSG-i ConfigurationManagerRW:  Early 23-Jan-2019 11:47:49 CST pre-events
/scratch/workspace/otsdaq-release-build/SLF7/s64-e15-prof/build/otsdaq/v2_01_00/src/otsdaq-core/ConfigurationInterface/ConfigurationManagerRW.cc [377]	Active Configuration: TriggerMenu(8)
%MSG
%MSG-i ConfigurationManagerRW:  Early 23-Jan-2019 11:47:50 CST pre-events
/scratch/workspace/otsdaq-release-build/SLF7/s64-e15-prof/build/otsdaq/v2_01_00/src/otsdaq-core/ConfigurationInterface/ConfigurationManagerRW.cc [348]	Updating persistent active groups to /home/gianipez/ots/srcs/otsdaq_demo/NoGitData/ServiceData/ActiveConfigurationGroups.cfg ...
%MSG
%MSG-i ConfigurationManagerRW:  Early 23-Jan-2019 11:47:50 CST pre-events
/scratch/workspace/otsdaq-release-build/SLF7/s64-e15-prof/build/otsdaq/v2_01_00/src/otsdaq-core/ConfigurationInterface/ConfigurationManagerRW.cc [371]	Active Context: (-1)
%MSG
%MSG-i ConfigurationManagerRW:  Early 23-Jan-2019 11:47:50 CST pre-events
/scratch/workspace/otsdaq-release-build/SLF7/s64-e15-prof/build/otsdaq/v2_01_00/src/otsdaq-core/ConfigurationInterface/ConfigurationManagerRW.cc [373]	Active Backbone: GroupAliasTreeEditWizBackbone(4)
%MSG
%MSG-i ConfigurationManagerRW:  Early 23-Jan-2019 11:47:50 CST pre-events
/scratch/workspace/otsdaq-release-build/SLF7/s64-e15-prof/build/otsdaq/v2_01_00/src/otsdaq-core/ConfigurationInterface/ConfigurationManagerRW.cc [375]	Active Iterate: (-1)
%MSG
%MSG-i ConfigurationManagerRW:  Early 23-Jan-2019 11:47:50 CST pre-events
/scratch/workspace/otsdaq-release-build/SLF7/s64-e15-prof/build/otsdaq/v2_01_00/src/otsdaq-core/ConfigurationInterface/ConfigurationManagerRW.cc [377]	Active Configuration: TriggerMenu(8)
%MSG
%MSG-d Console:  Early 23-Jan-2019 11:49:51 CST pre-events
Console is alive and waiting... (if no messages, next heartbeat is in approximately two minutes)
%MSG
%MSG-d Console:  Early 23-Jan-2019 11:51:52 CST pre-events
Console is alive and waiting... (if no messages, next heartbeat is in approximately two minutes)
%MSG
%MSG-d Console:  Early 23-Jan-2019 11:53:53 CST pre-events
Console is alive and waiting... (if no messages, next heartbeat is in approximately two minutes)
%MSG
%MSG-d Console:  Early 23-Jan-2019 11:55:54 CST pre-events
Console is alive and waiting... (if no messages, next heartbeat is in approximately two minutes)
%MSG
%MSG-d Console:  Early 23-Jan-2019 11:57:55 CST pre-events
Console is alive and waiting... (if no messages, next heartbeat is in approximately two minutes)
%MSG
%MSG-d Console:  Early 23-Jan-2019 12:49:58 CST pre-events
Console is alive and waiting a long time... (if no messages, next heartbeat is in approximately one hour)
%MSG
%MSG-d Console:  Early 23-Jan-2019 13:50:00 CST pre-events
Console is alive and waiting a long time... (if no messages, next heartbeat is in approximately one hour)
%MSG
%MSG-d Console:  Early 23-Jan-2019 14:50:03 CST pre-events
Console is alive and waiting a long time... (if no messages, next heartbeat is in approximately one hour)
%MSG
%MSG-d Console:  Early 23-Jan-2019 15:50:05 CST pre-events
Console is alive and waiting a long time... (if no messages, next heartbeat is in approximately one hour)
%MSG
%MSG-d Console:  Early 23-Jan-2019 16:50:08 CST pre-events
Console is alive and waiting a long time... (if no messages, next heartbeat is in approximately one hour)
%MSG
%MSG-d Console:  Early 23-Jan-2019 17:50:10 CST pre-events
Console is alive and waiting a long time... (if no messages, next heartbeat is in approximately one hour)
%MSG
