%MSG-i configureMessageFacility:  CorePropertySupervisorBase  12-Feb-2019 15:15:37 CST pre-events configureMessageFacility.cc:300
Message Facility Application CorePropertySupervisorBase configured with: debugModules:["*"] destinations:{file:{append:false directory:"/home/gianipez/ots/srcs/otsdaq_demo/NoGitData/Logs/CorePropertySupervisorBase" pattern:"CorePropertySupervisorBase-%?H%t-%p.log" seperator:"-" threshold:"DEBUG" timestamp_pattern:"%Y%m%d%H%M%S" type:"GenFile"} udp:{host:"127.0.0.1" port:30000 threshold:"DEBUG" type:"UDP"}}
%MSG
%MSG-i configureMessageFacility:  RunControlStateMachine  12-Feb-2019 15:15:37 CST pre-events configureMessageFacility.cc:300
Message Facility Application RunControlStateMachine configured with: debugModules:["*"] destinations:{file:{append:false directory:"/home/gianipez/ots/srcs/otsdaq_demo/NoGitData/Logs/RunControlStateMachine" pattern:"RunControlStateMachine-%?H%t-%p.log" seperator:"-" threshold:"DEBUG" timestamp_pattern:"%Y%m%d%H%M%S" type:"GenFile"} udp:{host:"127.0.0.1" port:30000 threshold:"DEBUG" type:"UDP"}}
%MSG
%MSG-i configureMessageFacility:  CoreSupervisorBase 12-Feb-2019 15:15:37 CST  pre-events configureMessageFacility.cc:300
Message Facility Application CoreSupervisorBase configured with: debugModules:["*"] destinations:{file:{append:false directory:"/home/gianipez/ots/srcs/otsdaq_demo/NoGitData/Logs/CoreSupervisorBase" pattern:"CoreSupervisorBase-%?H%t-%p.log" seperator:"-" threshold:"DEBUG" timestamp_pattern:"%Y%m%d%H%M%S" type:"GenFile"} udp:{host:"127.0.0.1" port:30000 threshold:"DEBUG" type:"UDP"}}
%MSG
%MSG-i configureMessageFacility:  ConfigurationGUI 12-Feb-2019 15:15:37 CST  pre-events configureMessageFacility.cc:300
Message Facility Application ConfigurationGUI configured with: debugModules:["*"] destinations:{file:{append:false directory:"/home/gianipez/ots/srcs/otsdaq_demo/NoGitData/Logs/ConfigurationGUI" pattern:"ConfigurationGUI-%?H%t-%p.log" seperator:"-" threshold:"DEBUG" timestamp_pattern:"%Y%m%d%H%M%S" type:"GenFile"} udp:{host:"127.0.0.1" port:30000 threshold:"DEBUG" type:"UDP"}}
%MSG
%MSG-i configureMessageFacility:  OtsConfigurationWizard  12-Feb-2019 15:15:37 CST pre-events configureMessageFacility.cc:300
Message Facility Application OtsConfigurationWizard configured with: debugModules:["*"] destinations:{file:{append:false directory:"/home/gianipez/ots/srcs/otsdaq_demo/NoGitData/Logs/OtsConfigurationWizard" pattern:"OtsConfigurationWizard-%?H%t-%p.log" seperator:"-" threshold:"DEBUG" timestamp_pattern:"%Y%m%d%H%M%S" type:"GenFile"} udp:{host:"127.0.0.1" port:30000 threshold:"DEBUG" type:"UDP"}}
%MSG
%MSG-i configureMessageFacility:  CorePropertySupervisorBase  12-Feb-2019 15:15:37 CST pre-events configureMessageFacility.cc:300
Message Facility Application CorePropertySupervisorBase configured with: debugModules:["*"] destinations:{file:{append:false directory:"/home/gianipez/ots/srcs/otsdaq_demo/NoGitData/Logs/CorePropertySupervisorBase" pattern:"CorePropertySupervisorBase-%?H%t-%p.log" seperator:"-" threshold:"DEBUG" timestamp_pattern:"%Y%m%d%H%M%S" type:"GenFile"} udp:{host:"127.0.0.1" port:30000 threshold:"DEBUG" type:"UDP"}}
%MSG
%MSG-i configureMessageFacility:  RunControlStateMachine  12-Feb-2019 15:15:37 CST pre-events configureMessageFacility.cc:300
Message Facility Application RunControlStateMachine configured with: debugModules:["*"] destinations:{file:{append:false directory:"/home/gianipez/ots/srcs/otsdaq_demo/NoGitData/Logs/RunControlStateMachine" pattern:"RunControlStateMachine-%?H%t-%p.log" seperator:"-" threshold:"DEBUG" timestamp_pattern:"%Y%m%d%H%M%S" type:"GenFile"} udp:{host:"127.0.0.1" port:30000 threshold:"DEBUG" type:"UDP"}}
%MSG
%MSG-i configureMessageFacility:  CoreSupervisorBase 12-Feb-2019 15:15:37 CST  pre-events configureMessageFacility.cc:300
Message Facility Application CoreSupervisorBase configured with: debugModules:["*"] destinations:{file:{append:false directory:"/home/gianipez/ots/srcs/otsdaq_demo/NoGitData/Logs/CoreSupervisorBase" pattern:"CoreSupervisorBase-%?H%t-%p.log" seperator:"-" threshold:"DEBUG" timestamp_pattern:"%Y%m%d%H%M%S" type:"GenFile"} udp:{host:"127.0.0.1" port:30000 threshold:"DEBUG" type:"UDP"}}
%MSG
%MSG-i configureMessageFacility:  ConsoleSupervisor 12-Feb-2019 15:15:37 CST  pre-events configureMessageFacility.cc:300
Message Facility Application ConsoleSupervisor configured with: debugModules:["*"] destinations:{file:{append:false directory:"/home/gianipez/ots/srcs/otsdaq_demo/NoGitData/Logs/ConsoleSupervisor" pattern:"ConsoleSupervisor-%?H%t-%p.log" seperator:"-" threshold:"DEBUG" timestamp_pattern:"%Y%m%d%H%M%S" type:"GenFile"} udp:{host:"127.0.0.1" port:30000 threshold:"DEBUG" type:"UDP"}}
%MSG
%MSG-d Console:  Early 12-Feb-2019 15:15:39 CST pre-events
Console is alive and waiting... (if no messages, next heartbeat is in approximately two minutes)
%MSG
%MSG-d Console:  Early 12-Feb-2019 15:15:39 CST pre-events
/scratch/workspace/otsdaq-release-build/SLF7/s64-e15-prof/build/otsdaq_utilities/v2_01_00/src/otsdaq-utilities/Console/ConsoleSupervisor.cc [157]	DEBUG messages look like this.
%MSG
%MSG-i Console:  Early 12-Feb-2019 15:15:39 CST pre-events
/scratch/workspace/otsdaq-release-build/SLF7/s64-e15-prof/build/otsdaq_utilities/v2_01_00/src/otsdaq-utilities/Console/ConsoleSupervisor.cc [158]	INFO messages look like this.
%MSG
%MSG-w Console:  Early 12-Feb-2019 15:15:39 CST pre-events
/scratch/workspace/otsdaq-release-build/SLF7/s64-e15-prof/build/otsdaq_utilities/v2_01_00/src/otsdaq-utilities/Console/ConsoleSupervisor.cc [159]	WARNING messages look like this.
%MSG
%MSG-e Console:  Early 12-Feb-2019 15:15:39 CST pre-events
/scratch/workspace/otsdaq-release-build/SLF7/s64-e15-prof/build/otsdaq_utilities/v2_01_00/src/otsdaq-utilities/Console/ConsoleSupervisor.cc [160]	ERROR messages look like this.
%MSG
%MSG-d Console:  Early 12-Feb-2019 15:17:40 CST pre-events
Console is alive and waiting... (if no messages, next heartbeat is in approximately two minutes)
%MSG
%MSG-i ConfigurationManagerRW:  Early 12-Feb-2019 15:17:57 CST pre-events
/scratch/workspace/otsdaq-release-build/SLF7/s64-e15-prof/build/otsdaq/v2_01_00/src/otsdaq-core/ConfigurationInterface/ConfigurationManagerRW.cc [348]	Updating persistent active groups to /home/gianipez/ots/srcs/otsdaq_demo/NoGitData/ServiceData/ActiveConfigurationGroups.cfg ...
%MSG
%MSG-i ConfigurationManagerRW:  Early 12-Feb-2019 15:17:57 CST pre-events
/scratch/workspace/otsdaq-release-build/SLF7/s64-e15-prof/build/otsdaq/v2_01_00/src/otsdaq-core/ConfigurationInterface/ConfigurationManagerRW.cc [371]	Active Context: (-1)
%MSG
%MSG-i ConfigurationManagerRW:  Early 12-Feb-2019 15:17:57 CST pre-events
/scratch/workspace/otsdaq-release-build/SLF7/s64-e15-prof/build/otsdaq/v2_01_00/src/otsdaq-core/ConfigurationInterface/ConfigurationManagerRW.cc [373]	Active Backbone: GroupAliasTreeEditWizBackbone(22)
%MSG
%MSG-i ConfigurationManagerRW:  Early 12-Feb-2019 15:17:57 CST pre-events
/scratch/workspace/otsdaq-release-build/SLF7/s64-e15-prof/build/otsdaq/v2_01_00/src/otsdaq-core/ConfigurationInterface/ConfigurationManagerRW.cc [375]	Active Iterate: (-1)
%MSG
%MSG-i ConfigurationManagerRW:  Early 12-Feb-2019 15:17:57 CST pre-events
/scratch/workspace/otsdaq-release-build/SLF7/s64-e15-prof/build/otsdaq/v2_01_00/src/otsdaq-core/ConfigurationInterface/ConfigurationManagerRW.cc [377]	Active Configuration: TriggerMenu(32)
%MSG
%MSG-i ConfigurationManagerRW:  Early 12-Feb-2019 15:17:58 CST pre-events
/scratch/workspace/otsdaq-release-build/SLF7/s64-e15-prof/build/otsdaq/v2_01_00/src/otsdaq-core/ConfigurationInterface/ConfigurationManagerRW.cc [348]	Updating persistent active groups to /home/gianipez/ots/srcs/otsdaq_demo/NoGitData/ServiceData/ActiveConfigurationGroups.cfg ...
%MSG
%MSG-i ConfigurationManagerRW:  Early 12-Feb-2019 15:17:58 CST pre-events
/scratch/workspace/otsdaq-release-build/SLF7/s64-e15-prof/build/otsdaq/v2_01_00/src/otsdaq-core/ConfigurationInterface/ConfigurationManagerRW.cc [371]	Active Context: (-1)
%MSG
%MSG-i ConfigurationManagerRW:  Early 12-Feb-2019 15:17:58 CST pre-events
/scratch/workspace/otsdaq-release-build/SLF7/s64-e15-prof/build/otsdaq/v2_01_00/src/otsdaq-core/ConfigurationInterface/ConfigurationManagerRW.cc [373]	Active Backbone: GroupAliasTreeEditWizBackbone(23)
%MSG
%MSG-i ConfigurationManagerRW:  Early 12-Feb-2019 15:17:58 CST pre-events
/scratch/workspace/otsdaq-release-build/SLF7/s64-e15-prof/build/otsdaq/v2_01_00/src/otsdaq-core/ConfigurationInterface/ConfigurationManagerRW.cc [375]	Active Iterate: (-1)
%MSG
%MSG-i ConfigurationManagerRW:  Early 12-Feb-2019 15:17:58 CST pre-events
/scratch/workspace/otsdaq-release-build/SLF7/s64-e15-prof/build/otsdaq/v2_01_00/src/otsdaq-core/ConfigurationInterface/ConfigurationManagerRW.cc [377]	Active Configuration: TriggerMenu(32)
%MSG
%MSG-d Console:  Early 12-Feb-2019 15:19:58 CST pre-events
Console is alive and waiting... (if no messages, next heartbeat is in approximately two minutes)
%MSG
%MSG-e ots:  Early 12-Feb-2019 15:20:33 CST pre-events
/scratch/workspace/otsdaq-release-build/SLF7/s64-e15-prof/build/otsdaq/v2_01_00/src/otsdaq-core/CoreSupervisors/CoreSupervisorBase.cc [140]	'saveConfigurationInfo' ERROR encountered: File already exists! (&apos;/home/gianipez/ots/srcs/otsdaq_demo/NoGitData/ConfigurationInfo/TriggerPathConfigurationInfo.xml&apos;)
%MSG
%MSG-d Console:  Early 12-Feb-2019 15:22:34 CST pre-events
Console is alive and waiting... (if no messages, next heartbeat is in approximately two minutes)
%MSG
%MSG-e ots:  Early 12-Feb-2019 15:22:58 CST pre-events
/scratch/workspace/otsdaq-release-build/SLF7/s64-e15-prof/build/otsdaq/v2_01_00/src/otsdaq-core/CoreSupervisors/CoreSupervisorBase.cc [140]	'saveConfigurationInfo' ERROR encountered: File already exists! (&apos;/home/gianipez/ots/srcs/otsdaq_demo/NoGitData/ConfigurationInfo/ParameterConfigurationInfo.xml&apos;)
%MSG
%MSG-i ConfigurationManagerRW:  Early 12-Feb-2019 15:23:57 CST pre-events
/scratch/workspace/otsdaq-release-build/SLF7/s64-e15-prof/build/otsdaq/v2_01_00/src/otsdaq-core/ConfigurationInterface/ConfigurationManagerRW.cc [348]	Updating persistent active groups to /home/gianipez/ots/srcs/otsdaq_demo/NoGitData/ServiceData/ActiveConfigurationGroups.cfg ...
%MSG
%MSG-i ConfigurationManagerRW:  Early 12-Feb-2019 15:23:57 CST pre-events
/scratch/workspace/otsdaq-release-build/SLF7/s64-e15-prof/build/otsdaq/v2_01_00/src/otsdaq-core/ConfigurationInterface/ConfigurationManagerRW.cc [371]	Active Context: (-1)
%MSG
%MSG-i ConfigurationManagerRW:  Early 12-Feb-2019 15:23:57 CST pre-events
/scratch/workspace/otsdaq-release-build/SLF7/s64-e15-prof/build/otsdaq/v2_01_00/src/otsdaq-core/ConfigurationInterface/ConfigurationManagerRW.cc [373]	Active Backbone: GroupAliasTreeEditWizBackbone(23)
%MSG
%MSG-i ConfigurationManagerRW:  Early 12-Feb-2019 15:23:57 CST pre-events
/scratch/workspace/otsdaq-release-build/SLF7/s64-e15-prof/build/otsdaq/v2_01_00/src/otsdaq-core/ConfigurationInterface/ConfigurationManagerRW.cc [375]	Active Iterate: (-1)
%MSG
%MSG-i ConfigurationManagerRW:  Early 12-Feb-2019 15:23:57 CST pre-events
/scratch/workspace/otsdaq-release-build/SLF7/s64-e15-prof/build/otsdaq/v2_01_00/src/otsdaq-core/ConfigurationInterface/ConfigurationManagerRW.cc [377]	Active Configuration: (-1)
%MSG
%MSG-e ots:  Early 12-Feb-2019 15:23:57 CST pre-events
/scratch/workspace/otsdaq-release-build/SLF7/s64-e15-prof/build/otsdaq/v2_01_00/src/otsdaq-core/CoreSupervisors/CoreSupervisorBase.cc [140]	'activateConfigGroup' ERROR encountered: Warnings were found when activating group &apos;TriggerMenu(33)&apos;! Please see details below:    At node &apos;TriggerPathConfiguration&apos; with entry UID &apos;tprSeedDeM&apos; there is a disconnected child node at link column &apos;LinkToTriggerConfigurationTable&apos; that points to table named &apos;TrackSeedFilterConfiguration&apos; ...  At node &apos;TriggerPathConfiguration&apos; with entry UID &apos;tprSeedDeP&apos; there is a disconnected child node at link column &apos;LinkToTriggerConfigurationTable&apos; that points to table named &apos;TrackSeedFilterConfiguration&apos; ...
%MSG
%MSG-i ConfigurationManagerRW:  Early 12-Feb-2019 15:23:57 CST pre-events
/scratch/workspace/otsdaq-release-build/SLF7/s64-e15-prof/build/otsdaq/v2_01_00/src/otsdaq-core/ConfigurationInterface/ConfigurationManagerRW.cc [348]	Updating persistent active groups to /home/gianipez/ots/srcs/otsdaq_demo/NoGitData/ServiceData/ActiveConfigurationGroups.cfg ...
%MSG
%MSG-i ConfigurationManagerRW:  Early 12-Feb-2019 15:23:57 CST pre-events
/scratch/workspace/otsdaq-release-build/SLF7/s64-e15-prof/build/otsdaq/v2_01_00/src/otsdaq-core/ConfigurationInterface/ConfigurationManagerRW.cc [371]	Active Context: (-1)
%MSG
%MSG-i ConfigurationManagerRW:  Early 12-Feb-2019 15:23:57 CST pre-events
/scratch/workspace/otsdaq-release-build/SLF7/s64-e15-prof/build/otsdaq/v2_01_00/src/otsdaq-core/ConfigurationInterface/ConfigurationManagerRW.cc [373]	Active Backbone: GroupAliasTreeEditWizBackbone(24)
%MSG
%MSG-i ConfigurationManagerRW:  Early 12-Feb-2019 15:23:57 CST pre-events
/scratch/workspace/otsdaq-release-build/SLF7/s64-e15-prof/build/otsdaq/v2_01_00/src/otsdaq-core/ConfigurationInterface/ConfigurationManagerRW.cc [375]	Active Iterate: (-1)
%MSG
%MSG-i ConfigurationManagerRW:  Early 12-Feb-2019 15:23:57 CST pre-events
/scratch/workspace/otsdaq-release-build/SLF7/s64-e15-prof/build/otsdaq/v2_01_00/src/otsdaq-core/ConfigurationInterface/ConfigurationManagerRW.cc [377]	Active Configuration: (-1)
%MSG
%MSG-i ConfigurationManagerRW:  Early 12-Feb-2019 15:24:24 CST pre-events
/scratch/workspace/otsdaq-release-build/SLF7/s64-e15-prof/build/otsdaq/v2_01_00/src/otsdaq-core/ConfigurationInterface/ConfigurationManagerRW.cc [348]	Updating persistent active groups to /home/gianipez/ots/srcs/otsdaq_demo/NoGitData/ServiceData/ActiveConfigurationGroups.cfg ...
%MSG
%MSG-i ConfigurationManagerRW:  Early 12-Feb-2019 15:24:24 CST pre-events
/scratch/workspace/otsdaq-release-build/SLF7/s64-e15-prof/build/otsdaq/v2_01_00/src/otsdaq-core/ConfigurationInterface/ConfigurationManagerRW.cc [371]	Active Context: (-1)
%MSG
%MSG-i ConfigurationManagerRW:  Early 12-Feb-2019 15:24:24 CST pre-events
/scratch/workspace/otsdaq-release-build/SLF7/s64-e15-prof/build/otsdaq/v2_01_00/src/otsdaq-core/ConfigurationInterface/ConfigurationManagerRW.cc [373]	Active Backbone: GroupAliasTreeEditWizBackbone(24)
%MSG
%MSG-i ConfigurationManagerRW:  Early 12-Feb-2019 15:24:24 CST pre-events
/scratch/workspace/otsdaq-release-build/SLF7/s64-e15-prof/build/otsdaq/v2_01_00/src/otsdaq-core/ConfigurationInterface/ConfigurationManagerRW.cc [375]	Active Iterate: (-1)
%MSG
%MSG-i ConfigurationManagerRW:  Early 12-Feb-2019 15:24:24 CST pre-events
/scratch/workspace/otsdaq-release-build/SLF7/s64-e15-prof/build/otsdaq/v2_01_00/src/otsdaq-core/ConfigurationInterface/ConfigurationManagerRW.cc [377]	Active Configuration: (-1)
%MSG
%MSG-e ots:  Early 12-Feb-2019 15:24:24 CST pre-events
/scratch/workspace/otsdaq-release-build/SLF7/s64-e15-prof/build/otsdaq/v2_01_00/src/otsdaq-core/CoreSupervisors/CoreSupervisorBase.cc [140]	'activateConfigGroup' ERROR encountered: Warnings were found when activating group &apos;TriggerMenu(33)&apos;! Please see details below:    At node &apos;TriggerPathConfiguration&apos; with entry UID &apos;tprSeedDeM&apos; there is a disconnected child node at link column &apos;LinkToTriggerConfigurationTable&apos; that points to table named &apos;TrackSeedFilterConfiguration&apos; ...  At node &apos;TriggerPathConfiguration&apos; with entry UID &apos;tprSeedDeP&apos; there is a disconnected child node at link column &apos;LinkToTriggerConfigurationTable&apos; that points to table named &apos;TrackSeedFilterConfiguration&apos; ...
%MSG
%MSG-i ConfigurationManagerRW:  Early 12-Feb-2019 15:24:25 CST pre-events
/scratch/workspace/otsdaq-release-build/SLF7/s64-e15-prof/build/otsdaq/v2_01_00/src/otsdaq-core/ConfigurationInterface/ConfigurationManagerRW.cc [348]	Updating persistent active groups to /home/gianipez/ots/srcs/otsdaq_demo/NoGitData/ServiceData/ActiveConfigurationGroups.cfg ...
%MSG
%MSG-i ConfigurationManagerRW:  Early 12-Feb-2019 15:24:25 CST pre-events
/scratch/workspace/otsdaq-release-build/SLF7/s64-e15-prof/build/otsdaq/v2_01_00/src/otsdaq-core/ConfigurationInterface/ConfigurationManagerRW.cc [371]	Active Context: (-1)
%MSG
%MSG-i ConfigurationManagerRW:  Early 12-Feb-2019 15:24:25 CST pre-events
/scratch/workspace/otsdaq-release-build/SLF7/s64-e15-prof/build/otsdaq/v2_01_00/src/otsdaq-core/ConfigurationInterface/ConfigurationManagerRW.cc [373]	Active Backbone: TableEditWizBackbone(15)
%MSG
%MSG-i ConfigurationManagerRW:  Early 12-Feb-2019 15:24:25 CST pre-events
/scratch/workspace/otsdaq-release-build/SLF7/s64-e15-prof/build/otsdaq/v2_01_00/src/otsdaq-core/ConfigurationInterface/ConfigurationManagerRW.cc [375]	Active Iterate: (-1)
%MSG
%MSG-i ConfigurationManagerRW:  Early 12-Feb-2019 15:24:25 CST pre-events
/scratch/workspace/otsdaq-release-build/SLF7/s64-e15-prof/build/otsdaq/v2_01_00/src/otsdaq-core/ConfigurationInterface/ConfigurationManagerRW.cc [377]	Active Configuration: (-1)
%MSG
%MSG-w CfgGUI:  Early 12-Feb-2019 15:24:43 CST pre-events
/scratch/workspace/otsdaq-release-build/SLF7/s64-e15-prof/build/otsdaq_utilities/v2_01_00/src/otsdaq-utilities/ConfigurationGUI/ConfigurationGUISupervisor.cc [227]	gatewayLaunchWiz command received! 
%MSG
%MSG-i ConfigurationManagerRW:  Early 12-Feb-2019 15:25:03 CST pre-events
/scratch/workspace/otsdaq-release-build/SLF7/s64-e15-prof/build/otsdaq/v2_01_00/src/otsdaq-core/ConfigurationInterface/ConfigurationManagerRW.cc [348]	Updating persistent active groups to /home/gianipez/ots/srcs/otsdaq_demo/NoGitData/ServiceData/ActiveConfigurationGroups.cfg ...
%MSG
%MSG-i ConfigurationManagerRW:  Early 12-Feb-2019 15:25:03 CST pre-events
/scratch/workspace/otsdaq-release-build/SLF7/s64-e15-prof/build/otsdaq/v2_01_00/src/otsdaq-core/ConfigurationInterface/ConfigurationManagerRW.cc [371]	Active Context: (-1)
%MSG
%MSG-i ConfigurationManagerRW:  Early 12-Feb-2019 15:25:03 CST pre-events
/scratch/workspace/otsdaq-release-build/SLF7/s64-e15-prof/build/otsdaq/v2_01_00/src/otsdaq-core/ConfigurationInterface/ConfigurationManagerRW.cc [373]	Active Backbone: TableEditWizBackbone(15)
%MSG
%MSG-i ConfigurationManagerRW:  Early 12-Feb-2019 15:25:03 CST pre-events
/scratch/workspace/otsdaq-release-build/SLF7/s64-e15-prof/build/otsdaq/v2_01_00/src/otsdaq-core/ConfigurationInterface/ConfigurationManagerRW.cc [375]	Active Iterate: (-1)
%MSG
%MSG-i ConfigurationManagerRW:  Early 12-Feb-2019 15:25:03 CST pre-events
/scratch/workspace/otsdaq-release-build/SLF7/s64-e15-prof/build/otsdaq/v2_01_00/src/otsdaq-core/ConfigurationInterface/ConfigurationManagerRW.cc [377]	Active Configuration: (-1)
%MSG
%MSG-e ots:  Early 12-Feb-2019 15:25:03 CST pre-events
/scratch/workspace/otsdaq-release-build/SLF7/s64-e15-prof/build/otsdaq/v2_01_00/src/otsdaq-core/CoreSupervisors/CoreSupervisorBase.cc [140]	'activateConfigGroup' ERROR encountered: Warnings were found when activating group &apos;TriggerMenu(33)&apos;! Please see details below:    At node &apos;TriggerPathConfiguration&apos; with entry UID &apos;tprSeedDeM&apos; there is a disconnected child node at link column &apos;LinkToTriggerConfigurationTable&apos; that points to table named &apos;TrackSeedFilterConfiguration&apos; ...  At node &apos;TriggerPathConfiguration&apos; with entry UID &apos;tprSeedDeP&apos; there is a disconnected child node at link column &apos;LinkToTriggerConfigurationTable&apos; that points to table named &apos;TrackSeedFilterConfiguration&apos; ...
%MSG
%MSG-i ConfigurationManagerRW:  Early 12-Feb-2019 15:25:04 CST pre-events
/scratch/workspace/otsdaq-release-build/SLF7/s64-e15-prof/build/otsdaq/v2_01_00/src/otsdaq-core/ConfigurationInterface/ConfigurationManagerRW.cc [348]	Updating persistent active groups to /home/gianipez/ots/srcs/otsdaq_demo/NoGitData/ServiceData/ActiveConfigurationGroups.cfg ...
%MSG
%MSG-i ConfigurationManagerRW:  Early 12-Feb-2019 15:25:04 CST pre-events
/scratch/workspace/otsdaq-release-build/SLF7/s64-e15-prof/build/otsdaq/v2_01_00/src/otsdaq-core/ConfigurationInterface/ConfigurationManagerRW.cc [371]	Active Context: (-1)
%MSG
%MSG-i ConfigurationManagerRW:  Early 12-Feb-2019 15:25:04 CST pre-events
/scratch/workspace/otsdaq-release-build/SLF7/s64-e15-prof/build/otsdaq/v2_01_00/src/otsdaq-core/ConfigurationInterface/ConfigurationManagerRW.cc [373]	Active Backbone: TableEditWizBackbone(15)
%MSG
%MSG-i ConfigurationManagerRW:  Early 12-Feb-2019 15:25:04 CST pre-events
/scratch/workspace/otsdaq-release-build/SLF7/s64-e15-prof/build/otsdaq/v2_01_00/src/otsdaq-core/ConfigurationInterface/ConfigurationManagerRW.cc [375]	Active Iterate: (-1)
%MSG
%MSG-i ConfigurationManagerRW:  Early 12-Feb-2019 15:25:04 CST pre-events
/scratch/workspace/otsdaq-release-build/SLF7/s64-e15-prof/build/otsdaq/v2_01_00/src/otsdaq-core/ConfigurationInterface/ConfigurationManagerRW.cc [377]	Active Configuration: (-1)
%MSG
%MSG-e ots:  Early 12-Feb-2019 15:25:20 CST pre-events
/scratch/workspace/otsdaq-release-build/SLF7/s64-e15-prof/build/otsdaq/v2_01_00/src/otsdaq-core/CoreSupervisors/CoreSupervisorBase.cc [140]	'getTreeView' ERROR encountered: :CfgGUI-ConfigurationGUISupervisor:/scratch/workspace/otsdaq-release-build/SLF7/s64-e15-prof/build/otsdaq_utilities/v2_01_00/src/otsdaq-utilities/ConfigurationGUI/ConfigurationGUISupervisor.cc [2367] Error detected generating XML tree!   :ConfigurationBase:/scratch/workspace/otsdaq-release-build/SLF7/s64-e15-prof/build/otsdaq/v2_01_00/src/otsdaq-core/ConfigurationDataFormats/ConfigurationBase.cc [439] activeConfigurationView_ pointer is null! (...likely the active view was not setup properly. Check your system setup.)
%MSG
%MSG-e ots:  Early 12-Feb-2019 15:25:23 CST pre-events
/scratch/workspace/otsdaq-release-build/SLF7/s64-e15-prof/build/otsdaq/v2_01_00/src/otsdaq-core/CoreSupervisors/CoreSupervisorBase.cc [140]	'getTreeView' ERROR encountered: :CfgGUI-ConfigurationGUISupervisor:/scratch/workspace/otsdaq-release-build/SLF7/s64-e15-prof/build/otsdaq_utilities/v2_01_00/src/otsdaq-utilities/ConfigurationGUI/ConfigurationGUISupervisor.cc [2367] Error detected generating XML tree!   :ConfigurationBase:/scratch/workspace/otsdaq-release-build/SLF7/s64-e15-prof/build/otsdaq/v2_01_00/src/otsdaq-core/ConfigurationDataFormats/ConfigurationBase.cc [439] activeConfigurationView_ pointer is null! (...likely the active view was not setup properly. Check your system setup.)
%MSG
%MSG-e ots:  Early 12-Feb-2019 15:25:43 CST pre-events
/scratch/workspace/otsdaq-release-build/SLF7/s64-e15-prof/build/otsdaq/v2_01_00/src/otsdaq-core/CoreSupervisors/CoreSupervisorBase.cc [140]	'getTreeView' ERROR encountered: :CfgGUI-ConfigurationGUISupervisor:/scratch/workspace/otsdaq-release-build/SLF7/s64-e15-prof/build/otsdaq_utilities/v2_01_00/src/otsdaq-utilities/ConfigurationGUI/ConfigurationGUISupervisor.cc [2367] Error detected generating XML tree!   :ConfigurationBase:/scratch/workspace/otsdaq-release-build/SLF7/s64-e15-prof/build/otsdaq/v2_01_00/src/otsdaq-core/ConfigurationDataFormats/ConfigurationBase.cc [439] activeConfigurationView_ pointer is null! (...likely the active view was not setup properly. Check your system setup.)
%MSG
%MSG-i ConfigurationManagerRW:  Early 12-Feb-2019 15:26:10 CST pre-events
/scratch/workspace/otsdaq-release-build/SLF7/s64-e15-prof/build/otsdaq/v2_01_00/src/otsdaq-core/ConfigurationInterface/ConfigurationManagerRW.cc [348]	Updating persistent active groups to /home/gianipez/ots/srcs/otsdaq_demo/NoGitData/ServiceData/ActiveConfigurationGroups.cfg ...
%MSG
%MSG-i ConfigurationManagerRW:  Early 12-Feb-2019 15:26:10 CST pre-events
/scratch/workspace/otsdaq-release-build/SLF7/s64-e15-prof/build/otsdaq/v2_01_00/src/otsdaq-core/ConfigurationInterface/ConfigurationManagerRW.cc [371]	Active Context: (-1)
%MSG
%MSG-i ConfigurationManagerRW:  Early 12-Feb-2019 15:26:10 CST pre-events
/scratch/workspace/otsdaq-release-build/SLF7/s64-e15-prof/build/otsdaq/v2_01_00/src/otsdaq-core/ConfigurationInterface/ConfigurationManagerRW.cc [373]	Active Backbone: TableEditWizBackbone(15)
%MSG
%MSG-i ConfigurationManagerRW:  Early 12-Feb-2019 15:26:10 CST pre-events
/scratch/workspace/otsdaq-release-build/SLF7/s64-e15-prof/build/otsdaq/v2_01_00/src/otsdaq-core/ConfigurationInterface/ConfigurationManagerRW.cc [375]	Active Iterate: (-1)
%MSG
%MSG-i ConfigurationManagerRW:  Early 12-Feb-2019 15:26:10 CST pre-events
/scratch/workspace/otsdaq-release-build/SLF7/s64-e15-prof/build/otsdaq/v2_01_00/src/otsdaq-core/ConfigurationInterface/ConfigurationManagerRW.cc [377]	Active Configuration: (-1)
%MSG
%MSG-e ots:  Early 12-Feb-2019 15:26:10 CST pre-events
/scratch/workspace/otsdaq-release-build/SLF7/s64-e15-prof/build/otsdaq/v2_01_00/src/otsdaq-core/CoreSupervisors/CoreSupervisorBase.cc [140]	'activateConfigGroup' ERROR encountered: Warnings were found when activating group &apos;TriggerMenu(33)&apos;! Please see details below:    At node &apos;TriggerPathConfiguration&apos; with entry UID &apos;tprSeedDeM&apos; there is a disconnected child node at link column &apos;LinkToTriggerConfigurationTable&apos; that points to table named &apos;TrackSeedFilterConfiguration&apos; ...  At node &apos;TriggerPathConfiguration&apos; with entry UID &apos;tprSeedDeP&apos; there is a disconnected child node at link column &apos;LinkToTriggerConfigurationTable&apos; that points to table named &apos;TrackSeedFilterConfiguration&apos; ...
%MSG
%MSG-i ConfigurationManagerRW:  Early 12-Feb-2019 15:26:10 CST pre-events
/scratch/workspace/otsdaq-release-build/SLF7/s64-e15-prof/build/otsdaq/v2_01_00/src/otsdaq-core/ConfigurationInterface/ConfigurationManagerRW.cc [348]	Updating persistent active groups to /home/gianipez/ots/srcs/otsdaq_demo/NoGitData/ServiceData/ActiveConfigurationGroups.cfg ...
%MSG
%MSG-i ConfigurationManagerRW:  Early 12-Feb-2019 15:26:10 CST pre-events
/scratch/workspace/otsdaq-release-build/SLF7/s64-e15-prof/build/otsdaq/v2_01_00/src/otsdaq-core/ConfigurationInterface/ConfigurationManagerRW.cc [371]	Active Context: (-1)
%MSG
%MSG-i ConfigurationManagerRW:  Early 12-Feb-2019 15:26:10 CST pre-events
/scratch/workspace/otsdaq-release-build/SLF7/s64-e15-prof/build/otsdaq/v2_01_00/src/otsdaq-core/ConfigurationInterface/ConfigurationManagerRW.cc [373]	Active Backbone: TableEditWizBackbone(15)
%MSG
%MSG-i ConfigurationManagerRW:  Early 12-Feb-2019 15:26:10 CST pre-events
/scratch/workspace/otsdaq-release-build/SLF7/s64-e15-prof/build/otsdaq/v2_01_00/src/otsdaq-core/ConfigurationInterface/ConfigurationManagerRW.cc [375]	Active Iterate: (-1)
%MSG
%MSG-i ConfigurationManagerRW:  Early 12-Feb-2019 15:26:10 CST pre-events
/scratch/workspace/otsdaq-release-build/SLF7/s64-e15-prof/build/otsdaq/v2_01_00/src/otsdaq-core/ConfigurationInterface/ConfigurationManagerRW.cc [377]	Active Configuration: (-1)
%MSG
%MSG-e ots:  Early 12-Feb-2019 15:26:40 CST pre-events
/scratch/workspace/otsdaq-release-build/SLF7/s64-e15-prof/build/otsdaq/v2_01_00/src/otsdaq-core/CoreSupervisors/CoreSupervisorBase.cc [140]	'saveConfigurationInfo' ERROR encountered: File already exists! (&apos;/home/gianipez/ots/srcs/otsdaq_demo/NoGitData/ConfigurationInfo/TriggerPathConfigurationInfo.xml&apos;)
%MSG
%MSG-i ConfigurationManagerRW:  Early 12-Feb-2019 15:27:51 CST pre-events
/scratch/workspace/otsdaq-release-build/SLF7/s64-e15-prof/build/otsdaq/v2_01_00/src/otsdaq-core/ConfigurationInterface/ConfigurationManagerRW.cc [348]	Updating persistent active groups to /home/gianipez/ots/srcs/otsdaq_demo/NoGitData/ServiceData/ActiveConfigurationGroups.cfg ...
%MSG
%MSG-i ConfigurationManagerRW:  Early 12-Feb-2019 15:27:51 CST pre-events
/scratch/workspace/otsdaq-release-build/SLF7/s64-e15-prof/build/otsdaq/v2_01_00/src/otsdaq-core/ConfigurationInterface/ConfigurationManagerRW.cc [371]	Active Context: (-1)
%MSG
%MSG-i ConfigurationManagerRW:  Early 12-Feb-2019 15:27:51 CST pre-events
/scratch/workspace/otsdaq-release-build/SLF7/s64-e15-prof/build/otsdaq/v2_01_00/src/otsdaq-core/ConfigurationInterface/ConfigurationManagerRW.cc [373]	Active Backbone: TableEditWizBackbone(15)
%MSG
%MSG-i ConfigurationManagerRW:  Early 12-Feb-2019 15:27:51 CST pre-events
/scratch/workspace/otsdaq-release-build/SLF7/s64-e15-prof/build/otsdaq/v2_01_00/src/otsdaq-core/ConfigurationInterface/ConfigurationManagerRW.cc [375]	Active Iterate: (-1)
%MSG
%MSG-i ConfigurationManagerRW:  Early 12-Feb-2019 15:27:51 CST pre-events
/scratch/workspace/otsdaq-release-build/SLF7/s64-e15-prof/build/otsdaq/v2_01_00/src/otsdaq-core/ConfigurationInterface/ConfigurationManagerRW.cc [377]	Active Configuration: (-1)
%MSG
%MSG-e ots:  Early 12-Feb-2019 15:27:51 CST pre-events
/scratch/workspace/otsdaq-release-build/SLF7/s64-e15-prof/build/otsdaq/v2_01_00/src/otsdaq-core/CoreSupervisors/CoreSupervisorBase.cc [140]	'activateConfigGroup' ERROR encountered: Warnings were found when activating group &apos;TriggerMenu(33)&apos;! Please see details below:    At node &apos;TriggerPathConfiguration&apos; with entry UID &apos;tprSeedDeM&apos; there is a disconnected child node at link column &apos;LinkToTriggerConfigurationTable&apos; that points to table named &apos;TrackSeedFilterConfiguration&apos; ...  At node &apos;TriggerPathConfiguration&apos; with entry UID &apos;tprSeedDeP&apos; there is a disconnected child node at link column &apos;LinkToTriggerConfigurationTable&apos; that points to table named &apos;TrackSeedFilterConfiguration&apos; ...
%MSG
%MSG-i ConfigurationManagerRW:  Early 12-Feb-2019 15:27:51 CST pre-events
/scratch/workspace/otsdaq-release-build/SLF7/s64-e15-prof/build/otsdaq/v2_01_00/src/otsdaq-core/ConfigurationInterface/ConfigurationManagerRW.cc [348]	Updating persistent active groups to /home/gianipez/ots/srcs/otsdaq_demo/NoGitData/ServiceData/ActiveConfigurationGroups.cfg ...
%MSG
%MSG-i ConfigurationManagerRW:  Early 12-Feb-2019 15:27:51 CST pre-events
/scratch/workspace/otsdaq-release-build/SLF7/s64-e15-prof/build/otsdaq/v2_01_00/src/otsdaq-core/ConfigurationInterface/ConfigurationManagerRW.cc [371]	Active Context: (-1)
%MSG
%MSG-i ConfigurationManagerRW:  Early 12-Feb-2019 15:27:51 CST pre-events
/scratch/workspace/otsdaq-release-build/SLF7/s64-e15-prof/build/otsdaq/v2_01_00/src/otsdaq-core/ConfigurationInterface/ConfigurationManagerRW.cc [373]	Active Backbone: TableEditWizBackbone(15)
%MSG
%MSG-i ConfigurationManagerRW:  Early 12-Feb-2019 15:27:51 CST pre-events
/scratch/workspace/otsdaq-release-build/SLF7/s64-e15-prof/build/otsdaq/v2_01_00/src/otsdaq-core/ConfigurationInterface/ConfigurationManagerRW.cc [375]	Active Iterate: (-1)
%MSG
%MSG-i ConfigurationManagerRW:  Early 12-Feb-2019 15:27:51 CST pre-events
/scratch/workspace/otsdaq-release-build/SLF7/s64-e15-prof/build/otsdaq/v2_01_00/src/otsdaq-core/ConfigurationInterface/ConfigurationManagerRW.cc [377]	Active Configuration: (-1)
%MSG
%MSG-i ConfigurationManagerRW:  Early 12-Feb-2019 15:28:23 CST pre-events
/scratch/workspace/otsdaq-release-build/SLF7/s64-e15-prof/build/otsdaq/v2_01_00/src/otsdaq-core/ConfigurationInterface/ConfigurationManagerRW.cc [348]	Updating persistent active groups to /home/gianipez/ots/srcs/otsdaq_demo/NoGitData/ServiceData/ActiveConfigurationGroups.cfg ...
%MSG
%MSG-i ConfigurationManagerRW:  Early 12-Feb-2019 15:28:23 CST pre-events
/scratch/workspace/otsdaq-release-build/SLF7/s64-e15-prof/build/otsdaq/v2_01_00/src/otsdaq-core/ConfigurationInterface/ConfigurationManagerRW.cc [371]	Active Context: (-1)
%MSG
%MSG-i ConfigurationManagerRW:  Early 12-Feb-2019 15:28:23 CST pre-events
/scratch/workspace/otsdaq-release-build/SLF7/s64-e15-prof/build/otsdaq/v2_01_00/src/otsdaq-core/ConfigurationInterface/ConfigurationManagerRW.cc [373]	Active Backbone: TableEditWizBackbone(15)
%MSG
%MSG-i ConfigurationManagerRW:  Early 12-Feb-2019 15:28:23 CST pre-events
/scratch/workspace/otsdaq-release-build/SLF7/s64-e15-prof/build/otsdaq/v2_01_00/src/otsdaq-core/ConfigurationInterface/ConfigurationManagerRW.cc [375]	Active Iterate: (-1)
%MSG
%MSG-i ConfigurationManagerRW:  Early 12-Feb-2019 15:28:23 CST pre-events
/scratch/workspace/otsdaq-release-build/SLF7/s64-e15-prof/build/otsdaq/v2_01_00/src/otsdaq-core/ConfigurationInterface/ConfigurationManagerRW.cc [377]	Active Configuration: TriggerMenu(34)
%MSG
%MSG-i ConfigurationManagerRW:  Early 12-Feb-2019 15:28:24 CST pre-events
/scratch/workspace/otsdaq-release-build/SLF7/s64-e15-prof/build/otsdaq/v2_01_00/src/otsdaq-core/ConfigurationInterface/ConfigurationManagerRW.cc [348]	Updating persistent active groups to /home/gianipez/ots/srcs/otsdaq_demo/NoGitData/ServiceData/ActiveConfigurationGroups.cfg ...
%MSG
%MSG-i ConfigurationManagerRW:  Early 12-Feb-2019 15:28:24 CST pre-events
/scratch/workspace/otsdaq-release-build/SLF7/s64-e15-prof/build/otsdaq/v2_01_00/src/otsdaq-core/ConfigurationInterface/ConfigurationManagerRW.cc [371]	Active Context: (-1)
%MSG
%MSG-i ConfigurationManagerRW:  Early 12-Feb-2019 15:28:24 CST pre-events
/scratch/workspace/otsdaq-release-build/SLF7/s64-e15-prof/build/otsdaq/v2_01_00/src/otsdaq-core/ConfigurationInterface/ConfigurationManagerRW.cc [373]	Active Backbone: GroupAliasTreeEditWizBackbone(25)
%MSG
%MSG-i ConfigurationManagerRW:  Early 12-Feb-2019 15:28:24 CST pre-events
/scratch/workspace/otsdaq-release-build/SLF7/s64-e15-prof/build/otsdaq/v2_01_00/src/otsdaq-core/ConfigurationInterface/ConfigurationManagerRW.cc [375]	Active Iterate: (-1)
%MSG
%MSG-i ConfigurationManagerRW:  Early 12-Feb-2019 15:28:24 CST pre-events
/scratch/workspace/otsdaq-release-build/SLF7/s64-e15-prof/build/otsdaq/v2_01_00/src/otsdaq-core/ConfigurationInterface/ConfigurationManagerRW.cc [377]	Active Configuration: TriggerMenu(34)
%MSG
%MSG-i ConfigurationManagerRW:  Early 12-Feb-2019 15:28:52 CST pre-events
/scratch/workspace/otsdaq-release-build/SLF7/s64-e15-prof/build/otsdaq/v2_01_00/src/otsdaq-core/ConfigurationInterface/ConfigurationManagerRW.cc [348]	Updating persistent active groups to /home/gianipez/ots/srcs/otsdaq_demo/NoGitData/ServiceData/ActiveConfigurationGroups.cfg ...
%MSG
%MSG-i ConfigurationManagerRW:  Early 12-Feb-2019 15:28:52 CST pre-events
/scratch/workspace/otsdaq-release-build/SLF7/s64-e15-prof/build/otsdaq/v2_01_00/src/otsdaq-core/ConfigurationInterface/ConfigurationManagerRW.cc [371]	Active Context: (-1)
%MSG
%MSG-i ConfigurationManagerRW:  Early 12-Feb-2019 15:28:52 CST pre-events
/scratch/workspace/otsdaq-release-build/SLF7/s64-e15-prof/build/otsdaq/v2_01_00/src/otsdaq-core/ConfigurationInterface/ConfigurationManagerRW.cc [373]	Active Backbone: GroupAliasTreeEditWizBackbone(25)
%MSG
%MSG-i ConfigurationManagerRW:  Early 12-Feb-2019 15:28:52 CST pre-events
/scratch/workspace/otsdaq-release-build/SLF7/s64-e15-prof/build/otsdaq/v2_01_00/src/otsdaq-core/ConfigurationInterface/ConfigurationManagerRW.cc [375]	Active Iterate: (-1)
%MSG
%MSG-i ConfigurationManagerRW:  Early 12-Feb-2019 15:28:52 CST pre-events
/scratch/workspace/otsdaq-release-build/SLF7/s64-e15-prof/build/otsdaq/v2_01_00/src/otsdaq-core/ConfigurationInterface/ConfigurationManagerRW.cc [377]	Active Configuration: TriggerMenu(34)
%MSG
%MSG-i ConfigurationManagerRW:  Early 12-Feb-2019 15:30:38 CST pre-events
/scratch/workspace/otsdaq-release-build/SLF7/s64-e15-prof/build/otsdaq/v2_01_00/src/otsdaq-core/ConfigurationInterface/ConfigurationManagerRW.cc [348]	Updating persistent active groups to /home/gianipez/ots/srcs/otsdaq_demo/NoGitData/ServiceData/ActiveConfigurationGroups.cfg ...
%MSG
%MSG-i ConfigurationManagerRW:  Early 12-Feb-2019 15:30:38 CST pre-events
/scratch/workspace/otsdaq-release-build/SLF7/s64-e15-prof/build/otsdaq/v2_01_00/src/otsdaq-core/ConfigurationInterface/ConfigurationManagerRW.cc [371]	Active Context: (-1)
%MSG
%MSG-i ConfigurationManagerRW:  Early 12-Feb-2019 15:30:38 CST pre-events
/scratch/workspace/otsdaq-release-build/SLF7/s64-e15-prof/build/otsdaq/v2_01_00/src/otsdaq-core/ConfigurationInterface/ConfigurationManagerRW.cc [373]	Active Backbone: GroupAliasTreeEditWizBackbone(25)
%MSG
%MSG-i ConfigurationManagerRW:  Early 12-Feb-2019 15:30:38 CST pre-events
/scratch/workspace/otsdaq-release-build/SLF7/s64-e15-prof/build/otsdaq/v2_01_00/src/otsdaq-core/ConfigurationInterface/ConfigurationManagerRW.cc [375]	Active Iterate: (-1)
%MSG
%MSG-i ConfigurationManagerRW:  Early 12-Feb-2019 15:30:38 CST pre-events
/scratch/workspace/otsdaq-release-build/SLF7/s64-e15-prof/build/otsdaq/v2_01_00/src/otsdaq-core/ConfigurationInterface/ConfigurationManagerRW.cc [377]	Active Configuration: TriggerMenu(35)
%MSG
%MSG-i ConfigurationManagerRW:  Early 12-Feb-2019 15:30:39 CST pre-events
/scratch/workspace/otsdaq-release-build/SLF7/s64-e15-prof/build/otsdaq/v2_01_00/src/otsdaq-core/ConfigurationInterface/ConfigurationManagerRW.cc [348]	Updating persistent active groups to /home/gianipez/ots/srcs/otsdaq_demo/NoGitData/ServiceData/ActiveConfigurationGroups.cfg ...
%MSG
%MSG-i ConfigurationManagerRW:  Early 12-Feb-2019 15:30:39 CST pre-events
/scratch/workspace/otsdaq-release-build/SLF7/s64-e15-prof/build/otsdaq/v2_01_00/src/otsdaq-core/ConfigurationInterface/ConfigurationManagerRW.cc [371]	Active Context: (-1)
%MSG
%MSG-i ConfigurationManagerRW:  Early 12-Feb-2019 15:30:39 CST pre-events
/scratch/workspace/otsdaq-release-build/SLF7/s64-e15-prof/build/otsdaq/v2_01_00/src/otsdaq-core/ConfigurationInterface/ConfigurationManagerRW.cc [373]	Active Backbone: GroupAliasTreeEditWizBackbone(26)
%MSG
%MSG-i ConfigurationManagerRW:  Early 12-Feb-2019 15:30:39 CST pre-events
/scratch/workspace/otsdaq-release-build/SLF7/s64-e15-prof/build/otsdaq/v2_01_00/src/otsdaq-core/ConfigurationInterface/ConfigurationManagerRW.cc [375]	Active Iterate: (-1)
%MSG
%MSG-i ConfigurationManagerRW:  Early 12-Feb-2019 15:30:39 CST pre-events
/scratch/workspace/otsdaq-release-build/SLF7/s64-e15-prof/build/otsdaq/v2_01_00/src/otsdaq-core/ConfigurationInterface/ConfigurationManagerRW.cc [377]	Active Configuration: TriggerMenu(35)
%MSG
%MSG-d Console:  Early 12-Feb-2019 15:32:39 CST pre-events
Console is alive and waiting... (if no messages, next heartbeat is in approximately two minutes)
%MSG
%MSG-i ConfigurationManagerRW:  Early 12-Feb-2019 15:33:02 CST pre-events
/scratch/workspace/otsdaq-release-build/SLF7/s64-e15-prof/build/otsdaq/v2_01_00/src/otsdaq-core/ConfigurationInterface/ConfigurationManagerRW.cc [348]	Updating persistent active groups to /home/gianipez/ots/srcs/otsdaq_demo/NoGitData/ServiceData/ActiveConfigurationGroups.cfg ...
%MSG
%MSG-i ConfigurationManagerRW:  Early 12-Feb-2019 15:33:02 CST pre-events
/scratch/workspace/otsdaq-release-build/SLF7/s64-e15-prof/build/otsdaq/v2_01_00/src/otsdaq-core/ConfigurationInterface/ConfigurationManagerRW.cc [371]	Active Context: (-1)
%MSG
%MSG-i ConfigurationManagerRW:  Early 12-Feb-2019 15:33:02 CST pre-events
/scratch/workspace/otsdaq-release-build/SLF7/s64-e15-prof/build/otsdaq/v2_01_00/src/otsdaq-core/ConfigurationInterface/ConfigurationManagerRW.cc [373]	Active Backbone: GroupAliasTreeEditWizBackbone(26)
%MSG
%MSG-i ConfigurationManagerRW:  Early 12-Feb-2019 15:33:02 CST pre-events
/scratch/workspace/otsdaq-release-build/SLF7/s64-e15-prof/build/otsdaq/v2_01_00/src/otsdaq-core/ConfigurationInterface/ConfigurationManagerRW.cc [375]	Active Iterate: (-1)
%MSG
%MSG-i ConfigurationManagerRW:  Early 12-Feb-2019 15:33:02 CST pre-events
/scratch/workspace/otsdaq-release-build/SLF7/s64-e15-prof/build/otsdaq/v2_01_00/src/otsdaq-core/ConfigurationInterface/ConfigurationManagerRW.cc [377]	Active Configuration: TriggerMenu(36)
%MSG
%MSG-i ConfigurationManagerRW:  Early 12-Feb-2019 15:33:03 CST pre-events
/scratch/workspace/otsdaq-release-build/SLF7/s64-e15-prof/build/otsdaq/v2_01_00/src/otsdaq-core/ConfigurationInterface/ConfigurationManagerRW.cc [348]	Updating persistent active groups to /home/gianipez/ots/srcs/otsdaq_demo/NoGitData/ServiceData/ActiveConfigurationGroups.cfg ...
%MSG
%MSG-i ConfigurationManagerRW:  Early 12-Feb-2019 15:33:03 CST pre-events
/scratch/workspace/otsdaq-release-build/SLF7/s64-e15-prof/build/otsdaq/v2_01_00/src/otsdaq-core/ConfigurationInterface/ConfigurationManagerRW.cc [371]	Active Context: (-1)
%MSG
%MSG-i ConfigurationManagerRW:  Early 12-Feb-2019 15:33:03 CST pre-events
/scratch/workspace/otsdaq-release-build/SLF7/s64-e15-prof/build/otsdaq/v2_01_00/src/otsdaq-core/ConfigurationInterface/ConfigurationManagerRW.cc [373]	Active Backbone: GroupAliasTreeEditWizBackbone(27)
%MSG
%MSG-i ConfigurationManagerRW:  Early 12-Feb-2019 15:33:03 CST pre-events
/scratch/workspace/otsdaq-release-build/SLF7/s64-e15-prof/build/otsdaq/v2_01_00/src/otsdaq-core/ConfigurationInterface/ConfigurationManagerRW.cc [375]	Active Iterate: (-1)
%MSG
%MSG-i ConfigurationManagerRW:  Early 12-Feb-2019 15:33:03 CST pre-events
/scratch/workspace/otsdaq-release-build/SLF7/s64-e15-prof/build/otsdaq/v2_01_00/src/otsdaq-core/ConfigurationInterface/ConfigurationManagerRW.cc [377]	Active Configuration: TriggerMenu(36)
%MSG
%MSG-d Console:  Early 12-Feb-2019 15:35:03 CST pre-events
Console is alive and waiting... (if no messages, next heartbeat is in approximately two minutes)
%MSG
%MSG-e ots:  Early 12-Feb-2019 15:35:52 CST pre-events
/scratch/workspace/otsdaq-release-build/SLF7/s64-e15-prof/build/otsdaq/v2_01_00/src/otsdaq-core/CoreSupervisors/CoreSupervisorBase.cc [140]	'getTreeView' ERROR encountered: :CfgGUI-ConfigurationGUISupervisor:/scratch/workspace/otsdaq-release-build/SLF7/s64-e15-prof/build/otsdaq_utilities/v2_01_00/src/otsdaq-utilities/ConfigurationGUI/ConfigurationGUISupervisor.cc [2367] Error detected generating XML tree!   :ConfigurationTree:/scratch/workspace/otsdaq-release-build/SLF7/s64-e15-prof/build/otsdaq/v2_01_00/src/otsdaq-core/ConfigurationInterface/ConfigurationTree.cc [1007]   Error occurred descending from node &apos;TriggerPathConfiguration&apos; in table &apos;TriggerPathConfiguration&apos; looking for child &apos;tprSeedDeM&apos;   --- Additional error detail:   :ConfigurationTree:/scratch/workspace/otsdaq-release-build/SLF7/s64-e15-prof/build/otsdaq/v2_01_00/src/otsdaq-core/ConfigurationInterface/ConfigurationTree.cc [1007]   Error occurred descending from node &apos;tprSeedDeM&apos; in table &apos;TriggerPathConfiguration&apos; looking for child &apos;LinkToTriggerConfigurationTable&apos;   --- Additional error detail:   :ConfigurationTree:/scratch/workspace/otsdaq-release-build/SLF7/s64-e15-prof/build/otsdaq/v2_01_00/src/otsdaq-core/ConfigurationInterface/ConfigurationTree.cc [1007]   Error occurred descending from node &apos;tprSeedDeM&apos; in table &apos;TrackSeedFilterConfiguration&apos; looking for child &apos;LinkToTimeClusterFilterParameterTable&apos;   --- Additional error detail:   :ConfigurationTree:/scratch/workspace/otsdaq-release-build/SLF7/s64-e15-prof/build/otsdaq/v2_01_00/src/otsdaq-core/ConfigurationInterface/ConfigurationTree.cc [1007]   Error occurred descending from node &apos;tprSeedDeM&apos; in table &apos;ParameterConfiguration&apos; looking for child &apos;tprSeedDeM_TCFilter_minNSh&apos;   --- Additional error detail:   :ConfigurationView:/scratch/workspace/otsdaq-release-build/SLF7/s64-e15-prof/build/otsdaq/v2_01_00/src/otsdaq-core/ConfigurationDataFormats/ConfigurationView.cc [1143]  In view: PARAMETER_CONFIGURATION, Can&apos;t find in group the value=tprSeedDeM_TCFilter_minNSh in column named &apos;UID&apos; with type=UID and GroupID: &apos;tprSeedDeM&apos; in column &apos;3&apos; with GroupID child link index &apos;ParameterGroup&apos;   0# ots::ConfigurationTree::getNode(std::__cxx11::basic_string&lt;char, std::char_traits&lt;char&gt;, std::allocator&lt;char&gt; &gt; const&amp;, bool) const in /cvmfs/fermilab.opensciencegrid.org/products/artdaq/otsdaq/v2_01_00/slf7.x86_64.e15.s64.prof/lib/libConfigurationInterface.so  1# ots::ConfigurationTree::recurse(ots::ConfigurationTree const&amp;, std::__cxx11::basic_string&lt;char, std::char_traits&lt;char&gt;, std::allocator&lt;char&gt; &gt; const&amp;, bool) in /cvmfs/fermilab.opensciencegrid.org/products/artdaq/otsdaq/v2_01_00/slf7.x86_64.e15.s64.prof/lib/libConfigurationInterface.so  2# ots::ConfigurationTree::getNode(std::__cxx11::basic_string&lt;char, std::char_traits&lt;char&gt;, std::allocator&lt;char&gt; &gt; const&amp;, bool) const in /cvmfs/fermilab.opensciencegrid.org/products/artdaq/otsdaq/v2_01_00/slf7.x86_64.e15.s64.prof/lib/libConfigurationInterface.so  3# ots::ConfigurationTree::recurse(ots::ConfigurationTree const&amp;, std::__cxx11::basic_string&lt;char, std::char_traits&lt;char&gt;, std::allocator&lt;char&gt; &gt; const&amp;, bool) in /cvmfs/fermilab.opensciencegrid.org/products/artdaq/otsdaq/v2_01_00/slf7.x86_64.e15.s64.prof/lib/libConfigurationInterface.so  4# ots::ConfigurationTree::getNode(std::__cxx11::basic_string&lt;char, std::char_traits&lt;char&gt;, std::allocator&lt;char&gt; &gt; const&amp;, bool) const in /cvmfs/fermilab.opensciencegrid.org/products/artdaq/otsdaq/v2_01_00/slf7.x86_64.e15.s64.prof/lib/libConfigurationInterface.so  5# ots::ConfigurationTree::recurse(ots::ConfigurationTree const&amp;, std::__cxx11::basic_string&lt;char, std::char_traits&lt;char&gt;, std::allocator&lt;char&gt; &gt; const&amp;, bool) in /cvmfs/fermilab.opensciencegrid.org/products/artdaq/otsdaq/v2_01_00/slf7.x86_64.e15.s64.prof/lib/libConfigurationInterface.so  6# ots::ConfigurationTree::getNode(std::__cxx11::basic_string&lt;char, std::char_traits&lt;char&gt;, std::allocator&lt;char&gt; &gt; const&amp;, bool) const in /cvmfs/fermilab.opensciencegrid.org/products/artdaq/otsdaq/v2_01_00/slf7.x86_64.e15.s64.prof/lib/libConfigurationInterface.so  7# ots::ConfigurationManager::getNode(std::__cxx11::basic_string&lt;char, std::char_traits&lt;char&gt;, std::allocator&lt;char&gt; &gt; const&amp;, bool) const in /cvmfs/fermilab.opensciencegrid.org/products/artdaq/otsdaq/v2_01_00/slf7.x86_64.e15.s64.prof/lib/libConfigurationInterface.so  8# ots::ConfigurationGUISupervisor::handleFillTreeViewXML(ots::HttpXmlDocument&amp;, ots::ConfigurationManagerRW*, std::__cxx11::basic_string&lt;char, std::char_traits&lt;char&gt;, std::allocator&lt;char&gt; &gt; const&amp;, ots::ConfigurationGroupKey const&amp;, std::__cxx11::basic_string&lt;char, std::char_traits&lt;char&gt;, std::allocator&lt;char&gt; &gt; const&amp;, unsigned int, bool, std::__cxx11::basic_string&lt;char, std::char_traits&lt;char&gt;, std::allocator&lt;char&gt; &gt; const&amp;, std::__cxx11::basic_string&lt;char, std::char_traits&lt;char&gt;, std::allocator&lt;char&gt; &gt; const&amp;) in //cvmfs/fermilab.opensciencegrid.org/products/artdaq/otsdaq_utilities/v2_01_00/slf7.x86_64.e15.s64.prof/lib/libConfigurationGUI.so  9# ots::ConfigurationGUISupervisor::request(std::__cxx11::basic_string&lt;char, std::char_traits&lt;char&gt;, std::allocator&lt;char&gt; &gt; const&amp;, cgicc::Cgicc&amp;, ots::HttpXmlDocument&amp;, ots::WebUsers::RequestUserInfo const&amp;) in //cvmfs/fermilab.opensciencegrid.org/products/artdaq/otsdaq_utilities/v2_01_00/slf7.x86_64.e15.s64.prof/lib/libConfigurationGUI.so 10# ots::CoreSupervisorBase::requestWrapper(xgi::Input*, xgi::Output*) in /cvmfs/fermilab.opensciencegrid.org/products/artdaq/otsdaq/v2_01_00/slf7.x86_64.e15.s64.prof/lib/libCoreSupervisors.so 11# xgi::Method&lt;ots::CoreSupervisorBase&gt;::invoke(xgi::Input*, xgi::Output*) in /cvmfs/fermilab.opensciencegrid.org/products/artdaq/otsdaq/v2_01_00/slf7.x86_64.e15.s64.prof/lib/libCoreSupervisors.so 12# executive::XgiDispatcher::processIncomingMessage(xgi::Input*, xgi::Output*) in //cvmfs/fermilab.opensciencegrid.org/products/artdaq/xdaq/v14_4_0b/Linux64bit+3.10-2.17-e15-prof/lib/libexecutive.so 13# pt::http::ReceiverLoop::onRequest(std::__cxx11::basic_string&lt;char, std::char_traits&lt;char&gt;, std::allocator&lt;char&gt; &gt; const&amp;, std::__cxx11::basic_string&lt;char, std::char_traits&lt;char&gt;, std::allocator&lt;char&gt; &gt; const&amp;) in //cvmfs/fermilab.opensciencegrid.org/products/artdaq/xdaq/v14_4_0b/Linux64bit+3.10-2.17-e15-prof/lib/libpthttp.so 14# pt::http::ReceiverLoop::process(toolbox::task::WorkLoop*) in //cvmfs/fermilab.opensciencegrid.org/products/artdaq/xdaq/v14_4_0b/Linux64bit+3.10-2.17-e15-prof/lib/libpthttp.so 15# toolbox::task::WaitingWorkLoop::process() in /cvmfs/fermilab.opensciencegrid.org/products/artdaq/xdaq/v14_4_0b/Linux64bit+3.10-2.17-e15-prof/lib/libtoolbox.so 16# toolbox::task::WorkLoop::run() in /cvmfs/fermilab.opensciencegrid.org/products/artdaq/xdaq/v14_4_0b/Linux64bit+3.10-2.17-e15-prof/lib/libtoolbox.so 17# toolbox::task::thread_func(void*) in /cvmfs/fermilab.opensciencegrid.org/products/artdaq/xdaq/v14_4_0b/Linux64bit+3.10-2.17-e15-prof/lib/libtoolbox.so 18# 0x00007FC05F055DD5 in /lib64/libpthread.so.0 19# clone in /lib64/libc.so.6   0# ots::ConfigurationTree::getNode(std::__cxx11::basic_string&lt;char, std::char_traits&lt;char&gt;, std::allocator&lt;char&gt; &gt; const&amp;, bool) const in /cvmfs/fermilab.opensciencegrid.org/products/artdaq/otsdaq/v2_01_00/slf7.x86_64.e15.s64.prof/lib/libConfigurationInterface.so  1# ots::ConfigurationTree::recurse(ots::ConfigurationTree const&amp;, std::__cxx11::basic_string&lt;char, std::char_traits&lt;char&gt;, std::allocator&lt;char&gt; &gt; const&amp;, bool) in /cvmfs/fermilab.opensciencegrid.org/products/artdaq/otsdaq/v2_01_00/slf7.x86_64.e15.s64.prof/lib/libConfigurationInterface.so  2# ots::ConfigurationTree::getNode(std::__cxx11::basic_string&lt;char, std::char_traits&lt;char&gt;, std::allocator&lt;char&gt; &gt; const&amp;, bool) const in /cvmfs/fermilab.opensciencegrid.org/products/artdaq/otsdaq/v2_01_00/slf7.x86_64.e15.s64.prof/lib/libConfigurationInterface.so  3# ots::ConfigurationTree::recurse(ots::ConfigurationTree const&amp;, std::__cxx11::basic_string&lt;char, std::char_traits&lt;char&gt;, std::allocator&lt;char&gt; &gt; const&amp;, bool) in /cvmfs/fermilab.opensciencegrid.org/products/artdaq/otsdaq/v2_01_00/slf7.x86_64.e15.s64.prof/lib/libConfigurationInterface.so  4# ots::ConfigurationTree::getNode(std::__cxx11::basic_string&lt;char, std::char_traits&lt;char&gt;, std::allocator&lt;char&gt; &gt; const&amp;, bool) const in /cvmfs/fermilab.opensciencegrid.org/products/artdaq/otsdaq/v2_01_00/slf7.x86_64.e15.s64.prof/lib/libConfigurationInterface.so  5# ots::ConfigurationManager::getNode(std::__cxx11::basic_string&lt;char, std::char_traits&lt;char&gt;, std::allocator&lt;char&gt; &gt; const&amp;, bool) const in /cvmfs/fermilab.opensciencegrid.org/products/artdaq/otsdaq/v2_01_00/slf7.x86_64.e15.s64.prof/lib/libConfigurationInterface.so  6# ots::ConfigurationGUISupervisor::handleFillTreeViewXML(ots::HttpXmlDocument&amp;, ots::ConfigurationManagerRW*, std::__cxx11::basic_string&lt;char, std::char_traits&lt;char&gt;, std::allocator&lt;char&gt; &gt; const&amp;, ots::ConfigurationGroupKey const&amp;, std::__cxx11::basic_string&lt;char, std::char_traits&lt;char&gt;, std::allocator&lt;char&gt; &gt; const&amp;, unsigned int, bool, std::__cxx11::basic_string&lt;char, std::char_traits&lt;char&gt;, std::allocator&lt;char&gt; &gt; const&amp;, std::__cxx11::basic_string&lt;char, std::char_traits&lt;char&gt;, std::allocator&lt;char&gt; &gt; const&amp;) in //cvmfs/fermilab.opensciencegrid.org/products/artdaq/otsdaq_utilities/v2_01_00/slf7.x86_64.e15.s64.prof/lib/libConfigurationGUI.so  7# ots::ConfigurationGUISupervisor::request(std::__cxx11::basic_string&lt;char, std::char_traits&lt;char&gt;, std::allocator&lt;char&gt; &gt; const&amp;, cgicc::Cgicc&amp;, ots::HttpXmlDocument&amp;, ots::WebUsers::RequestUserInfo const&amp;) in //cvmfs/fermilab.opensciencegrid.org/products/artdaq/otsdaq_utilities/v2_01_00/slf7.x86_64.e15.s64.prof/lib/libConfigurationGUI.so  8# ots::CoreSupervisorBase::requestWrapper(xgi::Input*, xgi::Output*) in /cvmfs/fermilab.opensciencegrid.org/products/artdaq/otsdaq/v2_01_00/slf7.x86_64.e15.s64.prof/lib/libCoreSupervisors.so  9# xgi::Method&lt;ots::CoreSupervisorBase&gt;::invoke(xgi::Input*, xgi::Output*) in /cvmfs/fermilab.opensciencegrid.org/products/artdaq/otsdaq/v2_01_00/slf7.x86_64.e15.s64.prof/lib/libCoreSupervisors.so 10# executive::XgiDispatcher::processIncomingMessage(xgi::Input*, xgi::Output*) in //cvmfs/fermilab.opensciencegrid.org/products/artdaq/xdaq/v14_4_0b/Linux64bit+3.10-2.17-e15-prof/lib/libexecutive.so 11# pt::http::ReceiverLoop::onRequest(std::__cxx11::basic_string&lt;char, std::char_traits&lt;char&gt;, std::allocator&lt;char&gt; &gt; const&amp;, std::__cxx11::basic_string&lt;char, std::char_traits&lt;char&gt;, std::allocator&lt;char&gt; &gt; const&amp;) in //cvmfs/fermilab.opensciencegrid.org/products/artdaq/xdaq/v14_4_0b/Linux64bit+3.10-2.17-e15-prof/lib/libpthttp.so 12# pt::http::ReceiverLoop::process(toolbox::task::WorkLoop*) in //cvmfs/fermilab.opensciencegrid.org/products/artdaq/xdaq/v14_4_0b/Linux64bit+3.10-2.17-e15-prof/lib/libpthttp.so 13# toolbox::task::WaitingWorkLoop::process() in /cvmfs/fermilab.opensciencegrid.org/products/artdaq/xdaq/v14_4_0b/Linux64bit+3.10-2.17-e15-prof/lib/libtoolbox.so 14# toolbox::task::WorkLoop::run() in /cvmfs/fermilab.opensciencegrid.org/products/artdaq/xdaq/v14_4_0b/Linux64bit+3.10-2.17-e15-prof/lib/libtoolbox.so 15# toolbox::task::thread_func(void*) in /cvmfs/fermilab.opensciencegrid.org/products/artdaq/xdaq/v14_4_0b/Linux64bit+3.10-2.17-e15-prof/lib/libtoolbox.so 16# 0x00007FC05F055DD5 in /lib64/libpthread.so.0 17# clone in /lib64/libc.so.6   0# ots::ConfigurationTree::getNode(std::__cxx11::basic_string&lt;char, std::char_traits&lt;char&gt;, std::allocator&lt;char&gt; &gt; const&amp;, bool) const in /cvmfs/fermilab.opensciencegrid.org/products/artdaq/otsdaq/v2_01_00/slf7.x86_64.e15.s64.prof/lib/libConfigurationInterface.so  1# ots::ConfigurationTree::recurse(ots::ConfigurationTree const&amp;, std::__cxx11::basic_string&lt;char, std::char_traits&lt;char&gt;, std::allocator&lt;char&gt; &gt; const&amp;, bool) in /cvmfs/fermilab.opensciencegrid.org/products/artdaq/otsdaq/v2_01_00/slf7.x86_64.e15.s64.prof/lib/libConfigurationInterface.so  2# ots::ConfigurationTree::getNode(std::__cxx11::basic_string&lt;char, std::char_traits&lt;char&gt;, std::allocator&lt;char&gt; &gt; const&amp;, bool) const in /cvmfs/fermilab.opensciencegrid.org/products/artdaq/otsdaq/v2_01_00/slf7.x86_64.e15.s64.prof/lib/libConfigurationInterface.so  3# ots::ConfigurationManager::getNode(std::__cxx11::basic_string&lt;char, std::char_traits&lt;char&gt;, std::allocator&lt;char&gt; &gt; const&amp;, bool) const in /cvmfs/fermilab.opensciencegrid.org/products/artdaq/otsdaq/v2_01_00/slf7.x86_64.e15.s64.prof/lib/libConfigurationInterface.so  4# ots::ConfigurationGUISupervisor::handleFillTreeViewXML(ots::HttpXmlDocument&amp;, ots::ConfigurationManagerRW*, std::__cxx11::basic_string&lt;char, std::char_traits&lt;char&gt;, std::allocator&lt;char&gt; &gt; const&amp;, ots::ConfigurationGroupKey const&amp;, std::__cxx11::basic_string&lt;char, std::char_traits&lt;char&gt;, std::allocator&lt;char&gt; &gt; const&amp;, unsigned int, bool, std::__cxx11::basic_string&lt;char, std::char_traits&lt;char&gt;, std::allocator&lt;char&gt; &gt; const&amp;, std::__cxx11::basic_string&lt;char, std::char_traits&lt;char&gt;, std::allocator&lt;char&gt; &gt; const&amp;) in //cvmfs/fermilab.opensciencegrid.org/products/artdaq/otsdaq_utilities/v2_01_00/slf7.x86_64.e15.s64.prof/lib/libConfigurationGUI.so  5# ots::ConfigurationGUISupervisor::request(std::__cxx11::basic_string&lt;char, std::char_traits&lt;char&gt;, std::allocator&lt;char&gt; &gt; const&amp;, cgicc::Cgicc&amp;, ots::HttpXmlDocument&amp;, ots::WebUsers::RequestUserInfo const&amp;) in //cvmfs/fermilab.opensciencegrid.org/products/artdaq/otsdaq_utilities/v2_01_00/slf7.x86_64.e15.s64.prof/lib/libConfigurationGUI.so  6# ots::CoreSupervisorBase::requestWrapper(xgi::Input*, xgi::Output*) in /cvmfs/fermilab.opensciencegrid.org/products/artdaq/otsdaq/v2_01_00/slf7.x86_64.e15.s64.prof/lib/libCoreSupervisors.so  7# xgi::Method&lt;ots::CoreSupervisorBase&gt;::invoke(xgi::Input*, xgi::Output*) in /cvmfs/fermilab.opensciencegrid.org/products/artdaq/otsdaq/v2_01_00/slf7.x86_64.e15.s64.prof/lib/libCoreSupervisors.so  8# executive::XgiDispatcher::processIncomingMessage(xgi::Input*, xgi::Output*) in //cvmfs/fermilab.opensciencegrid.org/products/artdaq/xdaq/v14_4_0b/Linux64bit+3.10-2.17-e15-prof/lib/libexecutive.so  9# pt::http::ReceiverLoop::onRequest(std::__cxx11::basic_string&lt;char, std::char_traits&lt;char&gt;, std::allocator&lt;char&gt; &gt; const&amp;, std::__cxx11::basic_string&lt;char, std::char_traits&lt;char&gt;, std::allocator&lt;char&gt; &gt; const&amp;) in //cvmfs/fermilab.opensciencegrid.org/products/artdaq/xdaq/v14_4_0b/Linux64bit+3.10-2.17-e15-prof/lib/libpthttp.so 10# pt::http::ReceiverLoop::process(toolbox::task::WorkLoop*) in //cvmfs/fermilab.opensciencegrid.org/products/artdaq/xdaq/v14_4_0b/Linux64bit+3.10-2.17-e15-prof/lib/libpthttp.so 11# toolbox::task::WaitingWorkLoop::process() in /cvmfs/fermilab.opensciencegrid.org/products/artdaq/xdaq/v14_4_0b/Linux64bit+3.10-2.17-e15-prof/lib/libtoolbox.so 12# toolbox::task::WorkLoop::run() in /cvmfs/fermilab.opensciencegrid.org/products/artdaq/xdaq/v14_4_0b/Linux64bit+3.10-2.17-e15-prof/lib/libtoolbox.so 13# toolbox::task::thread_func(void*) in /cvmfs/fermilab.opensciencegrid.org/products/artdaq/xdaq/v14_4_0b/Linux64bit+3.10-2.17-e15-prof/lib/libtoolbox.so 14# 0x00007FC05F055DD5 in /lib64/libpthread.so.0 15# clone in /lib64/libc.so.6   0# ots::ConfigurationTree::getNode(std::__cxx11::basic_string&lt;char, std::char_traits&lt;char&gt;, std::allocator&lt;char&gt; &gt; const&amp;, bool) const in /cvmfs/fermilab.opensciencegrid.org/products/artdaq/otsdaq/v2_01_00/slf7.x86_64.e15.s64.prof/lib/libConfigurationInterface.so  1# ots::ConfigurationManager::getNode(std::__cxx11::basic_string&lt;char, std::char_traits&lt;char&gt;, std::allocator&lt;char&gt; &gt; const&amp;, bool) const in /cvmfs/fermilab.opensciencegrid.org/products/artdaq/otsdaq/v2_01_00/slf7.x86_64.e15.s64.prof/lib/libConfigurationInterface.so  2# ots::ConfigurationGUISupervisor::handleFillTreeViewXML(ots::HttpXmlDocument&amp;, ots::ConfigurationManagerRW*, std::__cxx11::basic_string&lt;char, std::char_traits&lt;char&gt;, std::allocator&lt;char&gt; &gt; const&amp;, ots::ConfigurationGroupKey const&amp;, std::__cxx11::basic_string&lt;char, std::char_traits&lt;char&gt;, std::allocator&lt;char&gt; &gt; const&amp;, unsigned int, bool, std::__cxx11::basic_string&lt;char, std::char_traits&lt;char&gt;, std::allocator&lt;char&gt; &gt; const&amp;, std::__cxx11::basic_string&lt;char, std::char_traits&lt;char&gt;, std::allocator&lt;char&gt; &gt; const&amp;) in //cvmfs/fermilab.opensciencegrid.org/products/artdaq/otsdaq_utilities/v2_01_00/slf7.x86_64.e15.s64.prof/lib/libConfigurationGUI.so  3# ots::ConfigurationGUISupervisor::request(std::__cxx11::basic_string&lt;char, std::char_traits&lt;char&gt;, std::allocator&lt;char&gt; &gt; const&amp;, cgicc::Cgicc&amp;, ots::HttpXmlDocument&amp;, ots::WebUsers::RequestUserInfo const&amp;) in //cvmfs/fermilab.opensciencegrid.org/products/artdaq/otsdaq_utilities/v2_01_00/slf7.x86_64.e15.s64.prof/lib/libConfigurationGUI.so  4# ots::CoreSupervisorBase::requestWrapper(xgi::Input*, xgi::Output*) in /cvmfs/fermilab.opensciencegrid.org/products/artdaq/otsdaq/v2_01_00/slf7.x86_64.e15.s64.prof/lib/libCoreSupervisors.so  5# xgi::Method&lt;ots::CoreSupervisorBase&gt;::invoke(xgi::Input*, xgi::Output*) in /cvmfs/fermilab.opensciencegrid.org/products/artdaq/otsdaq/v2_01_00/slf7.x86_64.e15.s64.prof/lib/libCoreSupervisors.so  6# executive::XgiDispatcher::processIncomingMessage(xgi::Input*, xgi::Output*) in //cvmfs/fermilab.opensciencegrid.org/products/artdaq/xdaq/v14_4_0b/Linux64bit+3.10-2.17-e15-prof/lib/libexecutive.so  7# pt::http::ReceiverLoop::onRequest(std::__cxx11::basic_string&lt;char, std::char_traits&lt;char&gt;, std::allocator&lt;char&gt; &gt; const&amp;, std::__cxx11::basic_string&lt;char, std::char_traits&lt;char&gt;, std::allocator&lt;char&gt; &gt; const&amp;) in //cvmfs/fermilab.opensciencegrid.org/products/artdaq/xdaq/v14_4_0b/Linux64bit+3.10-2.17-e15-prof/lib/libpthttp.so  8# pt::http::ReceiverLoop::process(toolbox::task::WorkLoop*) in //cvmfs/fermilab.opensciencegrid.org/products/artdaq/xdaq/v14_4_0b/Linux64bit+3.10-2.17-e15-prof/lib/libpthttp.so  9# toolbox::task::WaitingWorkLoop::process() in /cvmfs/fermilab.opensciencegrid.org/products/artdaq/xdaq/v14_4_0b/Linux64bit+3.10-2.17-e15-prof/lib/libtoolbox.so 10# toolbox::task::WorkLoop::run() in /cvmfs/fermilab.opensciencegrid.org/products/artdaq/xdaq/v14_4_0b/Linux64bit+3.10-2.17-e15-prof/lib/libtoolbox.so 11# toolbox::task::thread_func(void*) in /cvmfs/fermilab.opensciencegrid.org/products/artdaq/xdaq/v14_4_0b/Linux64bit+3.10-2.17-e15-prof/lib/libtoolbox.so 12# 0x00007FC05F055DD5 in /lib64/libpthread.so.0 13# clone in /lib64/libc.so.6
%MSG
%MSG-e ots:  Early 12-Feb-2019 15:35:57 CST pre-events
/scratch/workspace/otsdaq-release-build/SLF7/s64-e15-prof/build/otsdaq/v2_01_00/src/otsdaq-core/CoreSupervisors/CoreSupervisorBase.cc [140]	'getTreeView' ERROR encountered: :CfgGUI-ConfigurationGUISupervisor:/scratch/workspace/otsdaq-release-build/SLF7/s64-e15-prof/build/otsdaq_utilities/v2_01_00/src/otsdaq-utilities/ConfigurationGUI/ConfigurationGUISupervisor.cc [2367] Error detected generating XML tree!   :ConfigurationTree:/scratch/workspace/otsdaq-release-build/SLF7/s64-e15-prof/build/otsdaq/v2_01_00/src/otsdaq-core/ConfigurationInterface/ConfigurationTree.cc [1007]   Error occurred descending from node &apos;TriggerPathConfiguration&apos; in table &apos;TriggerPathConfiguration&apos; looking for child &apos;tprSeedDeM&apos;   --- Additional error detail:   :ConfigurationTree:/scratch/workspace/otsdaq-release-build/SLF7/s64-e15-prof/build/otsdaq/v2_01_00/src/otsdaq-core/ConfigurationInterface/ConfigurationTree.cc [1007]   Error occurred descending from node &apos;tprSeedDeM&apos; in table &apos;TriggerPathConfiguration&apos; looking for child &apos;LinkToTriggerConfigurationTable&apos;   --- Additional error detail:   :ConfigurationTree:/scratch/workspace/otsdaq-release-build/SLF7/s64-e15-prof/build/otsdaq/v2_01_00/src/otsdaq-core/ConfigurationInterface/ConfigurationTree.cc [1007]   Error occurred descending from node &apos;tprSeedDeM&apos; in table &apos;TrackSeedFilterConfiguration&apos; looking for child &apos;LinkToTimeClusterFilterParameterTable&apos;   --- Additional error detail:   :ConfigurationTree:/scratch/workspace/otsdaq-release-build/SLF7/s64-e15-prof/build/otsdaq/v2_01_00/src/otsdaq-core/ConfigurationInterface/ConfigurationTree.cc [1007]   Error occurred descending from node &apos;tprSeedDeM&apos; in table &apos;ParameterConfiguration&apos; looking for child &apos;tprSeedDeM_TCFilter_minNSh&apos;   --- Additional error detail:   :ConfigurationView:/scratch/workspace/otsdaq-release-build/SLF7/s64-e15-prof/build/otsdaq/v2_01_00/src/otsdaq-core/ConfigurationDataFormats/ConfigurationView.cc [1143]  In view: PARAMETER_CONFIGURATION, Can&apos;t find in group the value=tprSeedDeM_TCFilter_minNSh in column named &apos;UID&apos; with type=UID and GroupID: &apos;tprSeedDeM&apos; in column &apos;3&apos; with GroupID child link index &apos;ParameterGroup&apos;   0# ots::ConfigurationTree::getNode(std::__cxx11::basic_string&lt;char, std::char_traits&lt;char&gt;, std::allocator&lt;char&gt; &gt; const&amp;, bool) const in /cvmfs/fermilab.opensciencegrid.org/products/artdaq/otsdaq/v2_01_00/slf7.x86_64.e15.s64.prof/lib/libConfigurationInterface.so  1# ots::ConfigurationTree::recurse(ots::ConfigurationTree const&amp;, std::__cxx11::basic_string&lt;char, std::char_traits&lt;char&gt;, std::allocator&lt;char&gt; &gt; const&amp;, bool) in /cvmfs/fermilab.opensciencegrid.org/products/artdaq/otsdaq/v2_01_00/slf7.x86_64.e15.s64.prof/lib/libConfigurationInterface.so  2# ots::ConfigurationTree::getNode(std::__cxx11::basic_string&lt;char, std::char_traits&lt;char&gt;, std::allocator&lt;char&gt; &gt; const&amp;, bool) const in /cvmfs/fermilab.opensciencegrid.org/products/artdaq/otsdaq/v2_01_00/slf7.x86_64.e15.s64.prof/lib/libConfigurationInterface.so  3# ots::ConfigurationTree::recurse(ots::ConfigurationTree const&amp;, std::__cxx11::basic_string&lt;char, std::char_traits&lt;char&gt;, std::allocator&lt;char&gt; &gt; const&amp;, bool) in /cvmfs/fermilab.opensciencegrid.org/products/artdaq/otsdaq/v2_01_00/slf7.x86_64.e15.s64.prof/lib/libConfigurationInterface.so  4# ots::ConfigurationTree::getNode(std::__cxx11::basic_string&lt;char, std::char_traits&lt;char&gt;, std::allocator&lt;char&gt; &gt; const&amp;, bool) const in /cvmfs/fermilab.opensciencegrid.org/products/artdaq/otsdaq/v2_01_00/slf7.x86_64.e15.s64.prof/lib/libConfigurationInterface.so  5# ots::ConfigurationTree::recurse(ots::ConfigurationTree const&amp;, std::__cxx11::basic_string&lt;char, std::char_traits&lt;char&gt;, std::allocator&lt;char&gt; &gt; const&amp;, bool) in /cvmfs/fermilab.opensciencegrid.org/products/artdaq/otsdaq/v2_01_00/slf7.x86_64.e15.s64.prof/lib/libConfigurationInterface.so  6# ots::ConfigurationTree::getNode(std::__cxx11::basic_string&lt;char, std::char_traits&lt;char&gt;, std::allocator&lt;char&gt; &gt; const&amp;, bool) const in /cvmfs/fermilab.opensciencegrid.org/products/artdaq/otsdaq/v2_01_00/slf7.x86_64.e15.s64.prof/lib/libConfigurationInterface.so  7# ots::ConfigurationManager::getNode(std::__cxx11::basic_string&lt;char, std::char_traits&lt;char&gt;, std::allocator&lt;char&gt; &gt; const&amp;, bool) const in /cvmfs/fermilab.opensciencegrid.org/products/artdaq/otsdaq/v2_01_00/slf7.x86_64.e15.s64.prof/lib/libConfigurationInterface.so  8# ots::ConfigurationGUISupervisor::handleFillTreeViewXML(ots::HttpXmlDocument&amp;, ots::ConfigurationManagerRW*, std::__cxx11::basic_string&lt;char, std::char_traits&lt;char&gt;, std::allocator&lt;char&gt; &gt; const&amp;, ots::ConfigurationGroupKey const&amp;, std::__cxx11::basic_string&lt;char, std::char_traits&lt;char&gt;, std::allocator&lt;char&gt; &gt; const&amp;, unsigned int, bool, std::__cxx11::basic_string&lt;char, std::char_traits&lt;char&gt;, std::allocator&lt;char&gt; &gt; const&amp;, std::__cxx11::basic_string&lt;char, std::char_traits&lt;char&gt;, std::allocator&lt;char&gt; &gt; const&amp;) in //cvmfs/fermilab.opensciencegrid.org/products/artdaq/otsdaq_utilities/v2_01_00/slf7.x86_64.e15.s64.prof/lib/libConfigurationGUI.so  9# ots::ConfigurationGUISupervisor::request(std::__cxx11::basic_string&lt;char, std::char_traits&lt;char&gt;, std::allocator&lt;char&gt; &gt; const&amp;, cgicc::Cgicc&amp;, ots::HttpXmlDocument&amp;, ots::WebUsers::RequestUserInfo const&amp;) in //cvmfs/fermilab.opensciencegrid.org/products/artdaq/otsdaq_utilities/v2_01_00/slf7.x86_64.e15.s64.prof/lib/libConfigurationGUI.so 10# ots::CoreSupervisorBase::requestWrapper(xgi::Input*, xgi::Output*) in /cvmfs/fermilab.opensciencegrid.org/products/artdaq/otsdaq/v2_01_00/slf7.x86_64.e15.s64.prof/lib/libCoreSupervisors.so 11# xgi::Method&lt;ots::CoreSupervisorBase&gt;::invoke(xgi::Input*, xgi::Output*) in /cvmfs/fermilab.opensciencegrid.org/products/artdaq/otsdaq/v2_01_00/slf7.x86_64.e15.s64.prof/lib/libCoreSupervisors.so 12# executive::XgiDispatcher::processIncomingMessage(xgi::Input*, xgi::Output*) in //cvmfs/fermilab.opensciencegrid.org/products/artdaq/xdaq/v14_4_0b/Linux64bit+3.10-2.17-e15-prof/lib/libexecutive.so 13# pt::http::ReceiverLoop::onRequest(std::__cxx11::basic_string&lt;char, std::char_traits&lt;char&gt;, std::allocator&lt;char&gt; &gt; const&amp;, std::__cxx11::basic_string&lt;char, std::char_traits&lt;char&gt;, std::allocator&lt;char&gt; &gt; const&amp;) in //cvmfs/fermilab.opensciencegrid.org/products/artdaq/xdaq/v14_4_0b/Linux64bit+3.10-2.17-e15-prof/lib/libpthttp.so 14# pt::http::ReceiverLoop::process(toolbox::task::WorkLoop*) in //cvmfs/fermilab.opensciencegrid.org/products/artdaq/xdaq/v14_4_0b/Linux64bit+3.10-2.17-e15-prof/lib/libpthttp.so 15# toolbox::task::WaitingWorkLoop::process() in /cvmfs/fermilab.opensciencegrid.org/products/artdaq/xdaq/v14_4_0b/Linux64bit+3.10-2.17-e15-prof/lib/libtoolbox.so 16# toolbox::task::WorkLoop::run() in /cvmfs/fermilab.opensciencegrid.org/products/artdaq/xdaq/v14_4_0b/Linux64bit+3.10-2.17-e15-prof/lib/libtoolbox.so 17# toolbox::task::thread_func(void*) in /cvmfs/fermilab.opensciencegrid.org/products/artdaq/xdaq/v14_4_0b/Linux64bit+3.10-2.17-e15-prof/lib/libtoolbox.so 18# 0x00007FC05F055DD5 in /lib64/libpthread.so.0 19# clone in /lib64/libc.so.6   0# ots::ConfigurationTree::getNode(std::__cxx11::basic_string&lt;char, std::char_traits&lt;char&gt;, std::allocator&lt;char&gt; &gt; const&amp;, bool) const in /cvmfs/fermilab.opensciencegrid.org/products/artdaq/otsdaq/v2_01_00/slf7.x86_64.e15.s64.prof/lib/libConfigurationInterface.so  1# ots::ConfigurationTree::recurse(ots::ConfigurationTree const&amp;, std::__cxx11::basic_string&lt;char, std::char_traits&lt;char&gt;, std::allocator&lt;char&gt; &gt; const&amp;, bool) in /cvmfs/fermilab.opensciencegrid.org/products/artdaq/otsdaq/v2_01_00/slf7.x86_64.e15.s64.prof/lib/libConfigurationInterface.so  2# ots::ConfigurationTree::getNode(std::__cxx11::basic_string&lt;char, std::char_traits&lt;char&gt;, std::allocator&lt;char&gt; &gt; const&amp;, bool) const in /cvmfs/fermilab.opensciencegrid.org/products/artdaq/otsdaq/v2_01_00/slf7.x86_64.e15.s64.prof/lib/libConfigurationInterface.so  3# ots::ConfigurationTree::recurse(ots::ConfigurationTree const&amp;, std::__cxx11::basic_string&lt;char, std::char_traits&lt;char&gt;, std::allocator&lt;char&gt; &gt; const&amp;, bool) in /cvmfs/fermilab.opensciencegrid.org/products/artdaq/otsdaq/v2_01_00/slf7.x86_64.e15.s64.prof/lib/libConfigurationInterface.so  4# ots::ConfigurationTree::getNode(std::__cxx11::basic_string&lt;char, std::char_traits&lt;char&gt;, std::allocator&lt;char&gt; &gt; const&amp;, bool) const in /cvmfs/fermilab.opensciencegrid.org/products/artdaq/otsdaq/v2_01_00/slf7.x86_64.e15.s64.prof/lib/libConfigurationInterface.so  5# ots::ConfigurationManager::getNode(std::__cxx11::basic_string&lt;char, std::char_traits&lt;char&gt;, std::allocator&lt;char&gt; &gt; const&amp;, bool) const in /cvmfs/fermilab.opensciencegrid.org/products/artdaq/otsdaq/v2_01_00/slf7.x86_64.e15.s64.prof/lib/libConfigurationInterface.so  6# ots::ConfigurationGUISupervisor::handleFillTreeViewXML(ots::HttpXmlDocument&amp;, ots::ConfigurationManagerRW*, std::__cxx11::basic_string&lt;char, std::char_traits&lt;char&gt;, std::allocator&lt;char&gt; &gt; const&amp;, ots::ConfigurationGroupKey const&amp;, std::__cxx11::basic_string&lt;char, std::char_traits&lt;char&gt;, std::allocator&lt;char&gt; &gt; const&amp;, unsigned int, bool, std::__cxx11::basic_string&lt;char, std::char_traits&lt;char&gt;, std::allocator&lt;char&gt; &gt; const&amp;, std::__cxx11::basic_string&lt;char, std::char_traits&lt;char&gt;, std::allocator&lt;char&gt; &gt; const&amp;) in //cvmfs/fermilab.opensciencegrid.org/products/artdaq/otsdaq_utilities/v2_01_00/slf7.x86_64.e15.s64.prof/lib/libConfigurationGUI.so  7# ots::ConfigurationGUISupervisor::request(std::__cxx11::basic_string&lt;char, std::char_traits&lt;char&gt;, std::allocator&lt;char&gt; &gt; const&amp;, cgicc::Cgicc&amp;, ots::HttpXmlDocument&amp;, ots::WebUsers::RequestUserInfo const&amp;) in //cvmfs/fermilab.opensciencegrid.org/products/artdaq/otsdaq_utilities/v2_01_00/slf7.x86_64.e15.s64.prof/lib/libConfigurationGUI.so  8# ots::CoreSupervisorBase::requestWrapper(xgi::Input*, xgi::Output*) in /cvmfs/fermilab.opensciencegrid.org/products/artdaq/otsdaq/v2_01_00/slf7.x86_64.e15.s64.prof/lib/libCoreSupervisors.so  9# xgi::Method&lt;ots::CoreSupervisorBase&gt;::invoke(xgi::Input*, xgi::Output*) in /cvmfs/fermilab.opensciencegrid.org/products/artdaq/otsdaq/v2_01_00/slf7.x86_64.e15.s64.prof/lib/libCoreSupervisors.so 10# executive::XgiDispatcher::processIncomingMessage(xgi::Input*, xgi::Output*) in //cvmfs/fermilab.opensciencegrid.org/products/artdaq/xdaq/v14_4_0b/Linux64bit+3.10-2.17-e15-prof/lib/libexecutive.so 11# pt::http::ReceiverLoop::onRequest(std::__cxx11::basic_string&lt;char, std::char_traits&lt;char&gt;, std::allocator&lt;char&gt; &gt; const&amp;, std::__cxx11::basic_string&lt;char, std::char_traits&lt;char&gt;, std::allocator&lt;char&gt; &gt; const&amp;) in //cvmfs/fermilab.opensciencegrid.org/products/artdaq/xdaq/v14_4_0b/Linux64bit+3.10-2.17-e15-prof/lib/libpthttp.so 12# pt::http::ReceiverLoop::process(toolbox::task::WorkLoop*) in //cvmfs/fermilab.opensciencegrid.org/products/artdaq/xdaq/v14_4_0b/Linux64bit+3.10-2.17-e15-prof/lib/libpthttp.so 13# toolbox::task::WaitingWorkLoop::process() in /cvmfs/fermilab.opensciencegrid.org/products/artdaq/xdaq/v14_4_0b/Linux64bit+3.10-2.17-e15-prof/lib/libtoolbox.so 14# toolbox::task::WorkLoop::run() in /cvmfs/fermilab.opensciencegrid.org/products/artdaq/xdaq/v14_4_0b/Linux64bit+3.10-2.17-e15-prof/lib/libtoolbox.so 15# toolbox::task::thread_func(void*) in /cvmfs/fermilab.opensciencegrid.org/products/artdaq/xdaq/v14_4_0b/Linux64bit+3.10-2.17-e15-prof/lib/libtoolbox.so 16# 0x00007FC05F055DD5 in /lib64/libpthread.so.0 17# clone in /lib64/libc.so.6   0# ots::ConfigurationTree::getNode(std::__cxx11::basic_string&lt;char, std::char_traits&lt;char&gt;, std::allocator&lt;char&gt; &gt; const&amp;, bool) const in /cvmfs/fermilab.opensciencegrid.org/products/artdaq/otsdaq/v2_01_00/slf7.x86_64.e15.s64.prof/lib/libConfigurationInterface.so  1# ots::ConfigurationTree::recurse(ots::ConfigurationTree const&amp;, std::__cxx11::basic_string&lt;char, std::char_traits&lt;char&gt;, std::allocator&lt;char&gt; &gt; const&amp;, bool) in /cvmfs/fermilab.opensciencegrid.org/products/artdaq/otsdaq/v2_01_00/slf7.x86_64.e15.s64.prof/lib/libConfigurationInterface.so  2# ots::ConfigurationTree::getNode(std::__cxx11::basic_string&lt;char, std::char_traits&lt;char&gt;, std::allocator&lt;char&gt; &gt; const&amp;, bool) const in /cvmfs/fermilab.opensciencegrid.org/products/artdaq/otsdaq/v2_01_00/slf7.x86_64.e15.s64.prof/lib/libConfigurationInterface.so  3# ots::ConfigurationManager::getNode(std::__cxx11::basic_string&lt;char, std::char_traits&lt;char&gt;, std::allocator&lt;char&gt; &gt; const&amp;, bool) const in /cvmfs/fermilab.opensciencegrid.org/products/artdaq/otsdaq/v2_01_00/slf7.x86_64.e15.s64.prof/lib/libConfigurationInterface.so  4# ots::ConfigurationGUISupervisor::handleFillTreeViewXML(ots::HttpXmlDocument&amp;, ots::ConfigurationManagerRW*, std::__cxx11::basic_string&lt;char, std::char_traits&lt;char&gt;, std::allocator&lt;char&gt; &gt; const&amp;, ots::ConfigurationGroupKey const&amp;, std::__cxx11::basic_string&lt;char, std::char_traits&lt;char&gt;, std::allocator&lt;char&gt; &gt; const&amp;, unsigned int, bool, std::__cxx11::basic_string&lt;char, std::char_traits&lt;char&gt;, std::allocator&lt;char&gt; &gt; const&amp;, std::__cxx11::basic_string&lt;char, std::char_traits&lt;char&gt;, std::allocator&lt;char&gt; &gt; const&amp;) in //cvmfs/fermilab.opensciencegrid.org/products/artdaq/otsdaq_utilities/v2_01_00/slf7.x86_64.e15.s64.prof/lib/libConfigurationGUI.so  5# ots::ConfigurationGUISupervisor::request(std::__cxx11::basic_string&lt;char, std::char_traits&lt;char&gt;, std::allocator&lt;char&gt; &gt; const&amp;, cgicc::Cgicc&amp;, ots::HttpXmlDocument&amp;, ots::WebUsers::RequestUserInfo const&amp;) in //cvmfs/fermilab.opensciencegrid.org/products/artdaq/otsdaq_utilities/v2_01_00/slf7.x86_64.e15.s64.prof/lib/libConfigurationGUI.so  6# ots::CoreSupervisorBase::requestWrapper(xgi::Input*, xgi::Output*) in /cvmfs/fermilab.opensciencegrid.org/products/artdaq/otsdaq/v2_01_00/slf7.x86_64.e15.s64.prof/lib/libCoreSupervisors.so  7# xgi::Method&lt;ots::CoreSupervisorBase&gt;::invoke(xgi::Input*, xgi::Output*) in /cvmfs/fermilab.opensciencegrid.org/products/artdaq/otsdaq/v2_01_00/slf7.x86_64.e15.s64.prof/lib/libCoreSupervisors.so  8# executive::XgiDispatcher::processIncomingMessage(xgi::Input*, xgi::Output*) in //cvmfs/fermilab.opensciencegrid.org/products/artdaq/xdaq/v14_4_0b/Linux64bit+3.10-2.17-e15-prof/lib/libexecutive.so  9# pt::http::ReceiverLoop::onRequest(std::__cxx11::basic_string&lt;char, std::char_traits&lt;char&gt;, std::allocator&lt;char&gt; &gt; const&amp;, std::__cxx11::basic_string&lt;char, std::char_traits&lt;char&gt;, std::allocator&lt;char&gt; &gt; const&amp;) in //cvmfs/fermilab.opensciencegrid.org/products/artdaq/xdaq/v14_4_0b/Linux64bit+3.10-2.17-e15-prof/lib/libpthttp.so 10# pt::http::ReceiverLoop::process(toolbox::task::WorkLoop*) in //cvmfs/fermilab.opensciencegrid.org/products/artdaq/xdaq/v14_4_0b/Linux64bit+3.10-2.17-e15-prof/lib/libpthttp.so 11# toolbox::task::WaitingWorkLoop::process() in /cvmfs/fermilab.opensciencegrid.org/products/artdaq/xdaq/v14_4_0b/Linux64bit+3.10-2.17-e15-prof/lib/libtoolbox.so 12# toolbox::task::WorkLoop::run() in /cvmfs/fermilab.opensciencegrid.org/products/artdaq/xdaq/v14_4_0b/Linux64bit+3.10-2.17-e15-prof/lib/libtoolbox.so 13# toolbox::task::thread_func(void*) in /cvmfs/fermilab.opensciencegrid.org/products/artdaq/xdaq/v14_4_0b/Linux64bit+3.10-2.17-e15-prof/lib/libtoolbox.so 14# 0x00007FC05F055DD5 in /lib64/libpthread.so.0 15# clone in /lib64/libc.so.6   0# ots::ConfigurationTree::getNode(std::__cxx11::basic_string&lt;char, std::char_traits&lt;char&gt;, std::allocator&lt;char&gt; &gt; const&amp;, bool) const in /cvmfs/fermilab.opensciencegrid.org/products/artdaq/otsdaq/v2_01_00/slf7.x86_64.e15.s64.prof/lib/libConfigurationInterface.so  1# ots::ConfigurationManager::getNode(std::__cxx11::basic_string&lt;char, std::char_traits&lt;char&gt;, std::allocator&lt;char&gt; &gt; const&amp;, bool) const in /cvmfs/fermilab.opensciencegrid.org/products/artdaq/otsdaq/v2_01_00/slf7.x86_64.e15.s64.prof/lib/libConfigurationInterface.so  2# ots::ConfigurationGUISupervisor::handleFillTreeViewXML(ots::HttpXmlDocument&amp;, ots::ConfigurationManagerRW*, std::__cxx11::basic_string&lt;char, std::char_traits&lt;char&gt;, std::allocator&lt;char&gt; &gt; const&amp;, ots::ConfigurationGroupKey const&amp;, std::__cxx11::basic_string&lt;char, std::char_traits&lt;char&gt;, std::allocator&lt;char&gt; &gt; const&amp;, unsigned int, bool, std::__cxx11::basic_string&lt;char, std::char_traits&lt;char&gt;, std::allocator&lt;char&gt; &gt; const&amp;, std::__cxx11::basic_string&lt;char, std::char_traits&lt;char&gt;, std::allocator&lt;char&gt; &gt; const&amp;) in //cvmfs/fermilab.opensciencegrid.org/products/artdaq/otsdaq_utilities/v2_01_00/slf7.x86_64.e15.s64.prof/lib/libConfigurationGUI.so  3# ots::ConfigurationGUISupervisor::request(std::__cxx11::basic_string&lt;char, std::char_traits&lt;char&gt;, std::allocator&lt;char&gt; &gt; const&amp;, cgicc::Cgicc&amp;, ots::HttpXmlDocument&amp;, ots::WebUsers::RequestUserInfo const&amp;) in //cvmfs/fermilab.opensciencegrid.org/products/artdaq/otsdaq_utilities/v2_01_00/slf7.x86_64.e15.s64.prof/lib/libConfigurationGUI.so  4# ots::CoreSupervisorBase::requestWrapper(xgi::Input*, xgi::Output*) in /cvmfs/fermilab.opensciencegrid.org/products/artdaq/otsdaq/v2_01_00/slf7.x86_64.e15.s64.prof/lib/libCoreSupervisors.so  5# xgi::Method&lt;ots::CoreSupervisorBase&gt;::invoke(xgi::Input*, xgi::Output*) in /cvmfs/fermilab.opensciencegrid.org/products/artdaq/otsdaq/v2_01_00/slf7.x86_64.e15.s64.prof/lib/libCoreSupervisors.so  6# executive::XgiDispatcher::processIncomingMessage(xgi::Input*, xgi::Output*) in //cvmfs/fermilab.opensciencegrid.org/products/artdaq/xdaq/v14_4_0b/Linux64bit+3.10-2.17-e15-prof/lib/libexecutive.so  7# pt::http::ReceiverLoop::onRequest(std::__cxx11::basic_string&lt;char, std::char_traits&lt;char&gt;, std::allocator&lt;char&gt; &gt; const&amp;, std::__cxx11::basic_string&lt;char, std::char_traits&lt;char&gt;, std::allocator&lt;char&gt; &gt; const&amp;) in //cvmfs/fermilab.opensciencegrid.org/products/artdaq/xdaq/v14_4_0b/Linux64bit+3.10-2.17-e15-prof/lib/libpthttp.so  8# pt::http::ReceiverLoop::process(toolbox::task::WorkLoop*) in //cvmfs/fermilab.opensciencegrid.org/products/artdaq/xdaq/v14_4_0b/Linux64bit+3.10-2.17-e15-prof/lib/libpthttp.so  9# toolbox::task::WaitingWorkLoop::process() in /cvmfs/fermilab.opensciencegrid.org/products/artdaq/xdaq/v14_4_0b/Linux64bit+3.10-2.17-e15-prof/lib/libtoolbox.so 10# toolbox::task::WorkLoop::run() in /cvmfs/fermilab.opensciencegrid.org/products/artdaq/xdaq/v14_4_0b/Linux64bit+3.10-2.17-e15-prof/lib/libtoolbox.so 11# toolbox::task::thread_func(void*) in /cvmfs/fermilab.opensciencegrid.org/products/artdaq/xdaq/v14_4_0b/Linux64bit+3.10-2.17-e15-prof/lib/libtoolbox.so 12# 0x00007FC05F055DD5 in /lib64/libpthread.so.0 13# clone in /lib64/libc.so.6
%MSG
%MSG-i ConfigurationManagerRW:  Early 12-Feb-2019 15:37:02 CST pre-events
/scratch/workspace/otsdaq-release-build/SLF7/s64-e15-prof/build/otsdaq/v2_01_00/src/otsdaq-core/ConfigurationInterface/ConfigurationManagerRW.cc [348]	Updating persistent active groups to /home/gianipez/ots/srcs/otsdaq_demo/NoGitData/ServiceData/ActiveConfigurationGroups.cfg ...
%MSG
%MSG-i ConfigurationManagerRW:  Early 12-Feb-2019 15:37:02 CST pre-events
/scratch/workspace/otsdaq-release-build/SLF7/s64-e15-prof/build/otsdaq/v2_01_00/src/otsdaq-core/ConfigurationInterface/ConfigurationManagerRW.cc [371]	Active Context: (-1)
%MSG
%MSG-i ConfigurationManagerRW:  Early 12-Feb-2019 15:37:02 CST pre-events
/scratch/workspace/otsdaq-release-build/SLF7/s64-e15-prof/build/otsdaq/v2_01_00/src/otsdaq-core/ConfigurationInterface/ConfigurationManagerRW.cc [373]	Active Backbone: GroupAliasTreeEditWizBackbone(27)
%MSG
%MSG-i ConfigurationManagerRW:  Early 12-Feb-2019 15:37:02 CST pre-events
/scratch/workspace/otsdaq-release-build/SLF7/s64-e15-prof/build/otsdaq/v2_01_00/src/otsdaq-core/ConfigurationInterface/ConfigurationManagerRW.cc [375]	Active Iterate: (-1)
%MSG
%MSG-i ConfigurationManagerRW:  Early 12-Feb-2019 15:37:02 CST pre-events
/scratch/workspace/otsdaq-release-build/SLF7/s64-e15-prof/build/otsdaq/v2_01_00/src/otsdaq-core/ConfigurationInterface/ConfigurationManagerRW.cc [377]	Active Configuration: TriggerMenu(37)
%MSG
%MSG-i ConfigurationManagerRW:  Early 12-Feb-2019 15:37:02 CST pre-events
/scratch/workspace/otsdaq-release-build/SLF7/s64-e15-prof/build/otsdaq/v2_01_00/src/otsdaq-core/ConfigurationInterface/ConfigurationManagerRW.cc [348]	Updating persistent active groups to /home/gianipez/ots/srcs/otsdaq_demo/NoGitData/ServiceData/ActiveConfigurationGroups.cfg ...
%MSG
%MSG-i ConfigurationManagerRW:  Early 12-Feb-2019 15:37:02 CST pre-events
/scratch/workspace/otsdaq-release-build/SLF7/s64-e15-prof/build/otsdaq/v2_01_00/src/otsdaq-core/ConfigurationInterface/ConfigurationManagerRW.cc [371]	Active Context: (-1)
%MSG
%MSG-i ConfigurationManagerRW:  Early 12-Feb-2019 15:37:02 CST pre-events
/scratch/workspace/otsdaq-release-build/SLF7/s64-e15-prof/build/otsdaq/v2_01_00/src/otsdaq-core/ConfigurationInterface/ConfigurationManagerRW.cc [373]	Active Backbone: GroupAliasTreeEditWizBackbone(28)
%MSG
%MSG-i ConfigurationManagerRW:  Early 12-Feb-2019 15:37:02 CST pre-events
/scratch/workspace/otsdaq-release-build/SLF7/s64-e15-prof/build/otsdaq/v2_01_00/src/otsdaq-core/ConfigurationInterface/ConfigurationManagerRW.cc [375]	Active Iterate: (-1)
%MSG
%MSG-i ConfigurationManagerRW:  Early 12-Feb-2019 15:37:02 CST pre-events
/scratch/workspace/otsdaq-release-build/SLF7/s64-e15-prof/build/otsdaq/v2_01_00/src/otsdaq-core/ConfigurationInterface/ConfigurationManagerRW.cc [377]	Active Configuration: TriggerMenu(37)
%MSG
%MSG-d Console:  Early 12-Feb-2019 15:39:03 CST pre-events
Console is alive and waiting... (if no messages, next heartbeat is in approximately two minutes)
%MSG
%MSG-i ConfigurationManagerRW:  Early 12-Feb-2019 15:39:30 CST pre-events
/scratch/workspace/otsdaq-release-build/SLF7/s64-e15-prof/build/otsdaq/v2_01_00/src/otsdaq-core/ConfigurationInterface/ConfigurationManagerRW.cc [348]	Updating persistent active groups to /home/gianipez/ots/srcs/otsdaq_demo/NoGitData/ServiceData/ActiveConfigurationGroups.cfg ...
%MSG
%MSG-i ConfigurationManagerRW:  Early 12-Feb-2019 15:39:30 CST pre-events
/scratch/workspace/otsdaq-release-build/SLF7/s64-e15-prof/build/otsdaq/v2_01_00/src/otsdaq-core/ConfigurationInterface/ConfigurationManagerRW.cc [371]	Active Context: (-1)
%MSG
%MSG-i ConfigurationManagerRW:  Early 12-Feb-2019 15:39:30 CST pre-events
/scratch/workspace/otsdaq-release-build/SLF7/s64-e15-prof/build/otsdaq/v2_01_00/src/otsdaq-core/ConfigurationInterface/ConfigurationManagerRW.cc [373]	Active Backbone: GroupAliasTreeEditWizBackbone(28)
%MSG
%MSG-i ConfigurationManagerRW:  Early 12-Feb-2019 15:39:30 CST pre-events
/scratch/workspace/otsdaq-release-build/SLF7/s64-e15-prof/build/otsdaq/v2_01_00/src/otsdaq-core/ConfigurationInterface/ConfigurationManagerRW.cc [375]	Active Iterate: (-1)
%MSG
%MSG-i ConfigurationManagerRW:  Early 12-Feb-2019 15:39:30 CST pre-events
/scratch/workspace/otsdaq-release-build/SLF7/s64-e15-prof/build/otsdaq/v2_01_00/src/otsdaq-core/ConfigurationInterface/ConfigurationManagerRW.cc [377]	Active Configuration: TriggerMenu(38)
%MSG
%MSG-i ConfigurationManagerRW:  Early 12-Feb-2019 15:39:31 CST pre-events
/scratch/workspace/otsdaq-release-build/SLF7/s64-e15-prof/build/otsdaq/v2_01_00/src/otsdaq-core/ConfigurationInterface/ConfigurationManagerRW.cc [348]	Updating persistent active groups to /home/gianipez/ots/srcs/otsdaq_demo/NoGitData/ServiceData/ActiveConfigurationGroups.cfg ...
%MSG
%MSG-i ConfigurationManagerRW:  Early 12-Feb-2019 15:39:31 CST pre-events
/scratch/workspace/otsdaq-release-build/SLF7/s64-e15-prof/build/otsdaq/v2_01_00/src/otsdaq-core/ConfigurationInterface/ConfigurationManagerRW.cc [371]	Active Context: (-1)
%MSG
%MSG-i ConfigurationManagerRW:  Early 12-Feb-2019 15:39:31 CST pre-events
/scratch/workspace/otsdaq-release-build/SLF7/s64-e15-prof/build/otsdaq/v2_01_00/src/otsdaq-core/ConfigurationInterface/ConfigurationManagerRW.cc [373]	Active Backbone: GroupAliasTreeEditWizBackbone(29)
%MSG
%MSG-i ConfigurationManagerRW:  Early 12-Feb-2019 15:39:31 CST pre-events
/scratch/workspace/otsdaq-release-build/SLF7/s64-e15-prof/build/otsdaq/v2_01_00/src/otsdaq-core/ConfigurationInterface/ConfigurationManagerRW.cc [375]	Active Iterate: (-1)
%MSG
%MSG-i ConfigurationManagerRW:  Early 12-Feb-2019 15:39:31 CST pre-events
/scratch/workspace/otsdaq-release-build/SLF7/s64-e15-prof/build/otsdaq/v2_01_00/src/otsdaq-core/ConfigurationInterface/ConfigurationManagerRW.cc [377]	Active Configuration: TriggerMenu(38)
%MSG
%MSG-i ConfigurationManagerRW:  Early 12-Feb-2019 15:40:41 CST pre-events
/scratch/workspace/otsdaq-release-build/SLF7/s64-e15-prof/build/otsdaq/v2_01_00/src/otsdaq-core/ConfigurationInterface/ConfigurationManagerRW.cc [348]	Updating persistent active groups to /home/gianipez/ots/srcs/otsdaq_demo/NoGitData/ServiceData/ActiveConfigurationGroups.cfg ...
%MSG
%MSG-i ConfigurationManagerRW:  Early 12-Feb-2019 15:40:41 CST pre-events
/scratch/workspace/otsdaq-release-build/SLF7/s64-e15-prof/build/otsdaq/v2_01_00/src/otsdaq-core/ConfigurationInterface/ConfigurationManagerRW.cc [371]	Active Context: (-1)
%MSG
%MSG-i ConfigurationManagerRW:  Early 12-Feb-2019 15:40:41 CST pre-events
/scratch/workspace/otsdaq-release-build/SLF7/s64-e15-prof/build/otsdaq/v2_01_00/src/otsdaq-core/ConfigurationInterface/ConfigurationManagerRW.cc [373]	Active Backbone: GroupAliasTreeEditWizBackbone(29)
%MSG
%MSG-i ConfigurationManagerRW:  Early 12-Feb-2019 15:40:41 CST pre-events
/scratch/workspace/otsdaq-release-build/SLF7/s64-e15-prof/build/otsdaq/v2_01_00/src/otsdaq-core/ConfigurationInterface/ConfigurationManagerRW.cc [375]	Active Iterate: (-1)
%MSG
%MSG-i ConfigurationManagerRW:  Early 12-Feb-2019 15:40:41 CST pre-events
/scratch/workspace/otsdaq-release-build/SLF7/s64-e15-prof/build/otsdaq/v2_01_00/src/otsdaq-core/ConfigurationInterface/ConfigurationManagerRW.cc [377]	Active Configuration: TriggerMenu(39)
%MSG
%MSG-i ConfigurationManagerRW:  Early 12-Feb-2019 15:40:42 CST pre-events
/scratch/workspace/otsdaq-release-build/SLF7/s64-e15-prof/build/otsdaq/v2_01_00/src/otsdaq-core/ConfigurationInterface/ConfigurationManagerRW.cc [348]	Updating persistent active groups to /home/gianipez/ots/srcs/otsdaq_demo/NoGitData/ServiceData/ActiveConfigurationGroups.cfg ...
%MSG
%MSG-i ConfigurationManagerRW:  Early 12-Feb-2019 15:40:42 CST pre-events
/scratch/workspace/otsdaq-release-build/SLF7/s64-e15-prof/build/otsdaq/v2_01_00/src/otsdaq-core/ConfigurationInterface/ConfigurationManagerRW.cc [371]	Active Context: (-1)
%MSG
%MSG-i ConfigurationManagerRW:  Early 12-Feb-2019 15:40:42 CST pre-events
/scratch/workspace/otsdaq-release-build/SLF7/s64-e15-prof/build/otsdaq/v2_01_00/src/otsdaq-core/ConfigurationInterface/ConfigurationManagerRW.cc [373]	Active Backbone: GroupAliasTreeEditWizBackbone(30)
%MSG
%MSG-i ConfigurationManagerRW:  Early 12-Feb-2019 15:40:42 CST pre-events
/scratch/workspace/otsdaq-release-build/SLF7/s64-e15-prof/build/otsdaq/v2_01_00/src/otsdaq-core/ConfigurationInterface/ConfigurationManagerRW.cc [375]	Active Iterate: (-1)
%MSG
%MSG-i ConfigurationManagerRW:  Early 12-Feb-2019 15:40:42 CST pre-events
/scratch/workspace/otsdaq-release-build/SLF7/s64-e15-prof/build/otsdaq/v2_01_00/src/otsdaq-core/ConfigurationInterface/ConfigurationManagerRW.cc [377]	Active Configuration: TriggerMenu(39)
%MSG
%MSG-d Console:  Early 12-Feb-2019 15:42:42 CST pre-events
Console is alive and waiting... (if no messages, next heartbeat is in approximately two minutes)
%MSG
%MSG-d Console:  Early 12-Feb-2019 15:44:43 CST pre-events
Console is alive and waiting... (if no messages, next heartbeat is in approximately two minutes)
%MSG
%MSG-d Console:  Early 12-Feb-2019 15:46:44 CST pre-events
Console is alive and waiting... (if no messages, next heartbeat is in approximately two minutes)
%MSG
%MSG-d Console:  Early 12-Feb-2019 15:48:45 CST pre-events
Console is alive and waiting... (if no messages, next heartbeat is in approximately two minutes)
%MSG
%MSG-d Console:  Early 12-Feb-2019 15:50:46 CST pre-events
Console is alive and waiting... (if no messages, next heartbeat is in approximately two minutes)
%MSG
%MSG-d Console:  Early 12-Feb-2019 16:42:49 CST pre-events
Console is alive and waiting a long time... (if no messages, next heartbeat is in approximately one hour)
%MSG
%MSG-d Console:  Early 12-Feb-2019 17:42:52 CST pre-events
Console is alive and waiting a long time... (if no messages, next heartbeat is in approximately one hour)
%MSG
%MSG-d Console:  Early 12-Feb-2019 18:42:54 CST pre-events
Console is alive and waiting a long time... (if no messages, next heartbeat is in approximately one hour)
%MSG
%MSG-d Console:  Early 12-Feb-2019 19:42:57 CST pre-events
Console is alive and waiting a long time... (if no messages, next heartbeat is in approximately one hour)
%MSG
%MSG-d Console:  Early 12-Feb-2019 20:42:59 CST pre-events
Console is alive and waiting a long time... (if no messages, next heartbeat is in approximately one hour)
%MSG
%MSG-d Console:  Early 12-Feb-2019 21:43:01 CST pre-events
Console is alive and waiting a long time... (if no messages, next heartbeat is in approximately one hour)
%MSG
%MSG-d Console:  Early 12-Feb-2019 22:43:04 CST pre-events
Console is alive and waiting a long time... (if no messages, next heartbeat is in approximately one hour)
%MSG
%MSG-d Console:  Early 12-Feb-2019 23:43:06 CST pre-events
Console is alive and waiting a long time... (if no messages, next heartbeat is in approximately one hour)
%MSG
%MSG-d Console:  Early 13-Feb-2019 00:43:09 CST pre-events
Console is alive and waiting a long time... (if no messages, next heartbeat is in approximately one hour)
%MSG
%MSG-d Console:  Early 13-Feb-2019 01:43:11 CST pre-events
Console is alive and waiting a long time... (if no messages, next heartbeat is in approximately one hour)
%MSG
%MSG-d Console:  Early 13-Feb-2019 02:43:14 CST pre-events
Console is alive and waiting a long time... (if no messages, next heartbeat is in approximately one hour)
%MSG
%MSG-d Console:  Early 13-Feb-2019 03:43:16 CST pre-events
Console is alive and waiting a long time... (if no messages, next heartbeat is in approximately one hour)
%MSG
%MSG-d Console:  Early 13-Feb-2019 04:43:19 CST pre-events
Console is alive and waiting a long time... (if no messages, next heartbeat is in approximately one hour)
%MSG
%MSG-d Console:  Early 13-Feb-2019 05:43:21 CST pre-events
Console is alive and waiting a long time... (if no messages, next heartbeat is in approximately one hour)
%MSG
%MSG-d Console:  Early 13-Feb-2019 06:43:24 CST pre-events
Console is alive and waiting a long time... (if no messages, next heartbeat is in approximately one hour)
%MSG
%MSG-d Console:  Early 13-Feb-2019 07:43:26 CST pre-events
Console is alive and waiting a long time... (if no messages, next heartbeat is in approximately one hour)
%MSG
%MSG-d Console:  Early 13-Feb-2019 08:43:29 CST pre-events
Console is alive and waiting a long time... (if no messages, next heartbeat is in approximately one hour)
%MSG
